<html>
<head>
<title>TestNG:  Test</title>
<link href="../testng.css" rel="stylesheet" type="text/css" />
<link href="../my-testng.css" rel="stylesheet" type="text/css" />

<style type="text/css">
.log { display: none;} 
.stack-trace { display: none;} 
</style>
<script type="text/javascript">
<!--
function flip(e) {
  current = e.style.display;
  if (current == 'block') {
    e.style.display = 'none';
    return 0;
  }
  else {
    e.style.display = 'block';
    return 1;
  }
}

function toggleBox(szDivId, elem, msg1, msg2)
{
  var res = -1;  if (document.getElementById) {
    res = flip(document.getElementById(szDivId));
  }
  else if (document.all) {
    // this is the way old msie versions work
    res = flip(document.all[szDivId]);
  }
  if(elem) {
    if(res == 0) elem.innerHTML = msg1; else elem.innerHTML = msg2;
  }

}

function toggleAllBoxes() {
  if (document.getElementsByTagName) {
    d = document.getElementsByTagName('div');
    for (i = 0; i < d.length; i++) {
      if (d[i].className == 'log') {
        flip(d[i]);
      }
    }
  }
}

// -->
</script>

</head>
<body>
<h2 align='center'>Test</h2><table border='1' align="center">
<tr>
<td>Tests passed/Failed/Skipped:</td><td>16/2/1</td>
</tr><tr>
<td>Started on:</td><td>Sun Jun 04 16:58:55 IST 2023</td>
</tr>
<tr><td>Total time:</td><td>493 seconds (493864 ms)</td>
</tr><tr>
<td>Included groups:</td><td>Smoke </td>
</tr><tr>
<td>Excluded groups:</td><td></td>
</tr>
</table><p/>
<small><i>(Hover the method name to see the test class name)</i></small><p/>
<table width='100%' border='1' class='invocation-failed'>
<tr><td colspan='4' align='center'><b>FAILED TESTS</b></td></tr>
<tr><td><b>Test method</b></td>
<td width="30%"><b>Exception</b></td>
<td width="10%"><b>Time (seconds)</b></td>
<td><b>Instance</b></td>
</tr>
<tr>
<td title='com.Digitalcodes.testcases.Title_SectionPage_Test.TC14_verifyEditNotes_FromSection()'><b>TC14_verifyEditNotes_FromSection</b><br>Test class: com.Digitalcodes.testcases.Title_SectionPage_Test<br>Test method: Verify user able to edit notes from Section</td>
<td><div><pre>java.lang.AssertionError: expected [User edit note] but found [User create Note]
	at com.Digitalcodes.utilities.Baseclass.assertEquals(Baseclass.java:228)
	at com.Digitalcodes.testcases.Title_SectionPage_Test.TC14_verifyEditNotes_FromSection(Title_SectionPage_Test.java:279)
	at java.base/java.util.ArrayList.forEach(ArrayList.java:1511)
... Removed 37 stack frames</pre></div><a href='#' onClick='toggleBox("stack-trace1398976612", this, "Click to show all stack frames", "Click to hide stack frames")'>Click to show all stack frames</a>
<div class='stack-trace' id='stack-trace1398976612'><pre>java.lang.AssertionError: expected [User edit note] but found [User create Note]
	at org.testng.Assert.fail(Assert.java:99)
	at org.testng.Assert.failNotEquals(Assert.java:1037)
	at org.testng.Assert.assertEqualsImpl(Assert.java:140)
	at org.testng.Assert.assertEquals(Assert.java:122)
	at org.testng.Assert.assertEquals(Assert.java:629)
	at org.testng.Assert.assertEquals(Assert.java:639)
	at com.Digitalcodes.utilities.Baseclass.assertEquals(Baseclass.java:228)
	at com.Digitalcodes.testcases.Title_SectionPage_Test.TC14_verifyEditNotes_FromSection(Title_SectionPage_Test.java:279)
	at java.base/jdk.internal.reflect.NativeMethodAccessorImpl.invoke0(Native Method)
	at java.base/jdk.internal.reflect.NativeMethodAccessorImpl.invoke(NativeMethodAccessorImpl.java:77)
	at java.base/jdk.internal.reflect.DelegatingMethodAccessorImpl.invoke(DelegatingMethodAccessorImpl.java:43)
	at java.base/java.lang.reflect.Method.invoke(Method.java:568)
	at org.testng.internal.MethodInvocationHelper.invokeMethod(MethodInvocationHelper.java:133)
	at org.testng.internal.TestInvoker.invokeMethod(TestInvoker.java:598)
	at org.testng.internal.TestInvoker.invokeTestMethod(TestInvoker.java:173)
	at org.testng.internal.MethodRunner.runInSequence(MethodRunner.java:46)
	at org.testng.internal.TestInvoker$MethodInvocationAgent.invoke(TestInvoker.java:824)
	at org.testng.internal.TestInvoker.invokeTestMethods(TestInvoker.java:146)
	at org.testng.internal.TestMethodWorker.invokeTestMethods(TestMethodWorker.java:146)
	at org.testng.internal.TestMethodWorker.run(TestMethodWorker.java:128)
	at java.base/java.util.ArrayList.forEach(ArrayList.java:1511)
	at org.testng.TestRunner.privateRun(TestRunner.java:794)
	at org.testng.TestRunner.run(TestRunner.java:596)
	at org.testng.SuiteRunner.runTest(SuiteRunner.java:377)
	at org.testng.SuiteRunner.runSequentially(SuiteRunner.java:371)
	at org.testng.SuiteRunner.privateRun(SuiteRunner.java:332)
	at org.testng.SuiteRunner.run(SuiteRunner.java:276)
	at org.testng.SuiteRunnerWorker.runSuite(SuiteRunnerWorker.java:53)
	at org.testng.SuiteRunnerWorker.run(SuiteRunnerWorker.java:96)
	at org.testng.TestNG.runSuitesSequentially(TestNG.java:1212)
	at org.testng.TestNG.runSuitesLocally(TestNG.java:1134)
	at org.testng.TestNG.runSuites(TestNG.java:1063)
	at org.testng.TestNG.run(TestNG.java:1031)
	at org.apache.maven.surefire.testng.TestNGExecutor.run(TestNGExecutor.java:308)
	at org.apache.maven.surefire.testng.TestNGXmlTestSuite.execute(TestNGXmlTestSuite.java:71)
	at org.apache.maven.surefire.testng.TestNGProvider.invoke(TestNGProvider.java:113)
	at org.apache.maven.surefire.booter.ForkedBooter.runSuitesInProcess(ForkedBooter.java:385)
	at org.apache.maven.surefire.booter.ForkedBooter.execute(ForkedBooter.java:162)
	at org.apache.maven.surefire.booter.ForkedBooter.run(ForkedBooter.java:507)
	at org.apache.maven.surefire.booter.ForkedBooter.main(ForkedBooter.java:495)
</pre></div></td>
<td>1</td>
<td>com.Digitalcodes.testcases.Title_SectionPage_Test@736f3e9e</td></tr>
<tr>
<td title='com.Digitalcodes.testcases.TableOfContent_Test.TC07_verifyMyNotes_FromTOC()'><b>TC07_verifyMyNotes_FromTOC</b><br>Test class: com.Digitalcodes.testcases.TableOfContent_Test<br>Test method: Verify my notes From Table Of Content when user have no any notes <br>Parameters: I-Codes, 2021 I-Codes, 2021 International Building Code (IBC), CHAPTER 2 DEFINITIONS</td>
<td><div><pre>org.openqa.selenium.TimeoutException: Expected condition failed: waiting for visibility of [[ChromeDriver: chrome on WINDOWS (efc02c62ac141d4248ea85eeaabc3f57)] -&gt; xpath: //div[@role=&quot;listbox&quot;]//div[@class=&quot;v-list-item__content&quot;]] (tried for 60 second(s) with 500 milliseconds interval)
Build info: version: &apos;4.9.0&apos;, revision: &apos;d7057100a6&apos;
System info: os.name: &apos;Windows 10&apos;, os.arch: &apos;amd64&apos;, os.version: &apos;10.0&apos;, java.version: &apos;17.0.5&apos;
Driver info: org.openqa.selenium.chrome.ChromeDriver
Capabilities {acceptInsecureCerts: false, browserName: chrome, browserVersion: 114.0.5735.91, chrome: {chromedriverVersion: 114.0.5735.90 (386bc09e8f4f..., userDataDir: C:\Users\VRUSHA~1\AppData\L...}, goog:chromeOptions: {debuggerAddress: localhost:56613}, networkConnectionEnabled: false, pageLoadStrategy: normal, platformName: WINDOWS, proxy: Proxy(), se:cdp: ws://localhost:56613/devtoo..., se:cdpVersion: 114.0.5735.91, setWindowRect: true, strictFileInteractability: false, timeouts: {implicit: 0, pageLoad: 300000, script: 30000}, unhandledPromptBehavior: dismiss and notify, webauthn:extension:credBlob: true, webauthn:extension:largeBlob: true, webauthn:extension:minPinLength: true, webauthn:extension:prf: true, webauthn:virtualAuthenticators: true}
Session ID: efc02c62ac141d4248ea85eeaabc3f57
	at org.openqa.selenium.support.ui.WebDriverWait.timeoutException(WebDriverWait.java:87)
	at org.openqa.selenium.support.ui.FluentWait.until(FluentWait.java:231)
	at com.Digitalcodes.utilities.Baseclass.getText(Baseclass.java:214)
	at com.Digitalcodes.pageobject.TableOfContent_Page.getTagNameInMyNotes(TableOfContent_Page.java:155)
	at com.Digitalcodes.testcases.TableOfContent_Test.TC07_verifyMyNotes_FromTOC(TableOfContent_Test.java:28)
	at java.base/java.util.ArrayList.forEach(ArrayList.java:1511)
... Removed 31 stack frames</pre></div><a href='#' onClick='toggleBox("stack-trace380854063", this, "Click to show all stack frames", "Click to hide stack frames")'>Click to show all stack frames</a>
<div class='stack-trace' id='stack-trace380854063'><pre>org.openqa.selenium.TimeoutException: Expected condition failed: waiting for visibility of [[ChromeDriver: chrome on WINDOWS (efc02c62ac141d4248ea85eeaabc3f57)] -&gt; xpath: //div[@role=&quot;listbox&quot;]//div[@class=&quot;v-list-item__content&quot;]] (tried for 60 second(s) with 500 milliseconds interval)
Build info: version: &apos;4.9.0&apos;, revision: &apos;d7057100a6&apos;
System info: os.name: &apos;Windows 10&apos;, os.arch: &apos;amd64&apos;, os.version: &apos;10.0&apos;, java.version: &apos;17.0.5&apos;
Driver info: org.openqa.selenium.chrome.ChromeDriver
Capabilities {acceptInsecureCerts: false, browserName: chrome, browserVersion: 114.0.5735.91, chrome: {chromedriverVersion: 114.0.5735.90 (386bc09e8f4f..., userDataDir: C:\Users\VRUSHA~1\AppData\L...}, goog:chromeOptions: {debuggerAddress: localhost:56613}, networkConnectionEnabled: false, pageLoadStrategy: normal, platformName: WINDOWS, proxy: Proxy(), se:cdp: ws://localhost:56613/devtoo..., se:cdpVersion: 114.0.5735.91, setWindowRect: true, strictFileInteractability: false, timeouts: {implicit: 0, pageLoad: 300000, script: 30000}, unhandledPromptBehavior: dismiss and notify, webauthn:extension:credBlob: true, webauthn:extension:largeBlob: true, webauthn:extension:minPinLength: true, webauthn:extension:prf: true, webauthn:virtualAuthenticators: true}
Session ID: efc02c62ac141d4248ea85eeaabc3f57
	at org.openqa.selenium.support.ui.WebDriverWait.timeoutException(WebDriverWait.java:87)
	at org.openqa.selenium.support.ui.FluentWait.until(FluentWait.java:231)
	at com.Digitalcodes.utilities.Baseclass.getText(Baseclass.java:214)
	at com.Digitalcodes.pageobject.TableOfContent_Page.getTagNameInMyNotes(TableOfContent_Page.java:155)
	at com.Digitalcodes.testcases.TableOfContent_Test.TC07_verifyMyNotes_FromTOC(TableOfContent_Test.java:28)
	at java.base/jdk.internal.reflect.NativeMethodAccessorImpl.invoke0(Native Method)
	at java.base/jdk.internal.reflect.NativeMethodAccessorImpl.invoke(NativeMethodAccessorImpl.java:77)
	at java.base/jdk.internal.reflect.DelegatingMethodAccessorImpl.invoke(DelegatingMethodAccessorImpl.java:43)
	at java.base/java.lang.reflect.Method.invoke(Method.java:568)
	at org.testng.internal.MethodInvocationHelper.invokeMethod(MethodInvocationHelper.java:133)
	at org.testng.internal.TestInvoker.invokeMethod(TestInvoker.java:598)
	at org.testng.internal.TestInvoker.invokeTestMethod(TestInvoker.java:173)
	at org.testng.internal.MethodRunner.runInSequence(MethodRunner.java:46)
	at org.testng.internal.TestInvoker$MethodInvocationAgent.invoke(TestInvoker.java:824)
	at org.testng.internal.TestInvoker.invokeTestMethods(TestInvoker.java:146)
	at org.testng.internal.TestMethodWorker.invokeTestMethods(TestMethodWorker.java:146)
	at org.testng.internal.TestMethodWorker.run(TestMethodWorker.java:128)
	at java.base/java.util.ArrayList.forEach(ArrayList.java:1511)
	at org.testng.TestRunner.privateRun(TestRunner.java:794)
	at org.testng.TestRunner.run(TestRunner.java:596)
	at org.testng.SuiteRunner.runTest(SuiteRunner.java:377)
	at org.testng.SuiteRunner.runSequentially(SuiteRunner.java:371)
	at org.testng.SuiteRunner.privateRun(SuiteRunner.java:332)
	at org.testng.SuiteRunner.run(SuiteRunner.java:276)
	at org.testng.SuiteRunnerWorker.runSuite(SuiteRunnerWorker.java:53)
	at org.testng.SuiteRunnerWorker.run(SuiteRunnerWorker.java:96)
	at org.testng.TestNG.runSuitesSequentially(TestNG.java:1212)
	at org.testng.TestNG.runSuitesLocally(TestNG.java:1134)
	at org.testng.TestNG.runSuites(TestNG.java:1063)
	at org.testng.TestNG.run(TestNG.java:1031)
	at org.apache.maven.surefire.testng.TestNGExecutor.run(TestNGExecutor.java:308)
	at org.apache.maven.surefire.testng.TestNGXmlTestSuite.execute(TestNGXmlTestSuite.java:71)
	at org.apache.maven.surefire.testng.TestNGProvider.invoke(TestNGProvider.java:113)
	at org.apache.maven.surefire.booter.ForkedBooter.runSuitesInProcess(ForkedBooter.java:385)
	at org.apache.maven.surefire.booter.ForkedBooter.execute(ForkedBooter.java:162)
	at org.apache.maven.surefire.booter.ForkedBooter.run(ForkedBooter.java:507)
	at org.apache.maven.surefire.booter.ForkedBooter.main(ForkedBooter.java:495)
</pre></div></td>
<td>77</td>
<td>com.Digitalcodes.testcases.TableOfContent_Test@78c1a023</td></tr>
</table><p>
<table width='100%' border='1' class='invocation-passed'>
<tr><td colspan='4' align='center'><b>PASSED TESTS</b></td></tr>
<tr><td><b>Test method</b></td>
<td width="30%"><b>Exception</b></td>
<td width="10%"><b>Time (seconds)</b></td>
<td><b>Instance</b></td>
</tr>
<tr>
<td title='com.Digitalcodes.testcases.Title_Collection_Test.TC28_verifyCollectionLandingPage()'><b>TC28_verifyCollectionLandingPage</b><br>Test class: com.Digitalcodes.testcases.Title_Collection_Test<br>Test method: Verify user able to navigate to Collection title<br>Parameters: Collections, Premium Complete, 2023 Analysis of Changes, 2023 NEC, CHAPTER 1 GENERAL</td>
<td></td>
<td>19</td>
<td>com.Digitalcodes.testcases.Title_Collection_Test@bdc8014</td></tr>
<tr>
<td title='com.Digitalcodes.testcases.Title_Collection_Test.TC29_verifySection_collectionTitles()'><b>TC29_verifySection_collectionTitles</b><br>Test class: com.Digitalcodes.testcases.Title_Collection_Test<br>Test method: Verify user able to navigate to Section on Collection title<br>Parameters: Collections, Premium Complete, 2023 Analysis of Changes, 2023 NEC, CHAPTER 1 GENERAL</td>
<td></td>
<td>5</td>
<td>com.Digitalcodes.testcases.Title_Collection_Test@bdc8014</td></tr>
<tr>
<td title='com.Digitalcodes.testcases.Title_SectionPage_Test.TC08_verifyNavigateToSection_FromTOC()'><b>TC08_verifyNavigateToSection_FromTOC</b><br>Test class: com.Digitalcodes.testcases.Title_SectionPage_Test<br>Test method: Verify user able to naviagate Section from TableOfContent_Page<br>Parameters: I-Codes, 2021 I-Codes, 2021 International Building Code (IBC), CHAPTER 2 DEFINITIONS</td>
<td></td>
<td>14</td>
<td>com.Digitalcodes.testcases.Title_SectionPage_Test@736f3e9e</td></tr>
<tr>
<td title='com.Digitalcodes.testcases.Login_Test.TC01_loginValidData()'><b>TC01_loginValidData</b><br>Test class: com.Digitalcodes.testcases.Login_Test<br>Test method: User able to Login with valid creditionls<br>Parameters: complete.user@iccsafe.info, Digital@123, Complete User, Premium Complete</td>
<td></td>
<td>32</td>
<td>com.Digitalcodes.testcases.Login_Test@4e4c3a38</td></tr>
<tr>
<td title='com.Digitalcodes.testcases.Title_LandingPage_Test.TC05_verifyMarkFavoriteTitle()'><b>TC05_verifyMarkFavoriteTitle</b><br>Test class: com.Digitalcodes.testcases.Title_LandingPage_Test<br>Test method: Verify user able to mark favorite & unfavorite and title should be displayed in favorites<br>Parameters: I-Codes, 2021 I-Codes, 2021 International Building Code (IBC), CHAPTER 2 DEFINITIONS</td>
<td></td>
<td>88</td>
<td>com.Digitalcodes.testcases.Title_LandingPage_Test@61799544</td></tr>
<tr>
<td title='com.Digitalcodes.testcases.Login_Test.TC02_verifyUserInformation()'><b>TC02_verifyUserInformation</b><br>Test class: com.Digitalcodes.testcases.Login_Test<br>Test method: Verify User able to displyed Subscription type, Name, email <br>Parameters: complete.user@iccsafe.info, Digital@123, Complete User, Premium Complete</td>
<td></td>
<td>51</td>
<td>com.Digitalcodes.testcases.Login_Test@4e4c3a38</td></tr>
<tr>
<td title='com.Digitalcodes.testcases.Title_Collection_Test.TC34_verifyRecentlyAddedTitle_Collection()'><b>TC34_verifyRecentlyAddedTitle_Collection</b><br>Test class: com.Digitalcodes.testcases.Title_Collection_Test<br>Test method: Verify user able to Navigate to Recently Added titles of Collection<br>Parameters: Collections, Premium Complete, 2023 Analysis of Changes, 2023 NEC, CHAPTER 1 GENERAL</td>
<td></td>
<td>3</td>
<td>com.Digitalcodes.testcases.Title_Collection_Test@bdc8014</td></tr>
<tr>
<td title='com.Digitalcodes.testcases.Title_SectionPage_Test.TC13_verifyShareNote_FromSction()'><b>TC13_verifyShareNote_FromSction</b><br>Test class: com.Digitalcodes.testcases.Title_SectionPage_Test<br>Test method: Verify user able to share note from section<br>Parameters: I-Codes, 2021 I-Codes, 2021 International Building Code (IBC), CHAPTER 2 DEFINITIONS</td>
<td></td>
<td>6</td>
<td>com.Digitalcodes.testcases.Title_SectionPage_Test@736f3e9e</td></tr>
<tr>
<td title='com.Digitalcodes.testcases.Title_LandingPage_Test.TC04_verifyTitleLandingPage()'><b>TC04_verifyTitleLandingPage</b><br>Test class: com.Digitalcodes.testcases.Title_LandingPage_Test<br>Test method: Verify User able to Navigate to Title Landing page and verify Tag<br>Parameters: I-Codes, 2021 I-Codes, 2021 International Building Code (IBC), CHAPTER 2 DEFINITIONS</td>
<td></td>
<td>14</td>
<td>com.Digitalcodes.testcases.Title_LandingPage_Test@61799544</td></tr>
<tr>
<td title='com.Digitalcodes.testcases.Title_SectionPage_Test.TC10_verifyCreateBookmark_atSection()'><b>TC10_verifyCreateBookmark_atSection</b><br>Test class: com.Digitalcodes.testcases.Title_SectionPage_Test<br>Test method: Verify user able to create bookmark at section<br>Parameters: I-Codes, 2021 I-Codes, 2021 International Building Code (IBC), CHAPTER 2 DEFINITIONS</td>
<td></td>
<td>26</td>
<td>com.Digitalcodes.testcases.Title_SectionPage_Test@736f3e9e</td></tr>
<tr>
<td title='com.Digitalcodes.testcases.Title_SectionPage_Test.TC19_verifyLinksOnChapter()'><b>TC19_verifyLinksOnChapter</b><br>Test class: com.Digitalcodes.testcases.Title_SectionPage_Test<br>Test method: Verify links On Chapter<br>Parameters: I-Codes, 2021 I-Codes, 2021 International Building Code (IBC), CHAPTER 2 DEFINITIONS</td>
<td></td>
<td>40</td>
<td>com.Digitalcodes.testcases.Title_SectionPage_Test@736f3e9e</td></tr>
<tr>
<td title='com.Digitalcodes.testcases.Title_Commentary_Test.TC34_verifyHideCommentary()'><b>TC34_verifyHideCommentary</b><br>Test class: com.Digitalcodes.testcases.Title_Commentary_Test<br>Test method: Verify User able to Hide commentary section<br>Parameters: Commentaries, 2021 Commentaries, 2021 IBC Code and Commentary Volume 1 (IBC), Chapter 3: Occupancy Classification and Use</td>
<td></td>
<td>18</td>
<td>com.Digitalcodes.testcases.Title_Commentary_Test@73ba6fe6</td></tr>
<tr>
<td title='com.Digitalcodes.testcases.Title_SectionPage_Test.TC11_verifyShareSection_FromSection()'><b>TC11_verifyShareSection_FromSection</b><br>Test class: com.Digitalcodes.testcases.Title_SectionPage_Test<br>Test method: Verify user able to share the section<br>Parameters: I-Codes, 2021 I-Codes, 2021 International Building Code (IBC), CHAPTER 2 DEFINITIONS</td>
<td></td>
<td>17</td>
<td>com.Digitalcodes.testcases.Title_SectionPage_Test@736f3e9e</td></tr>
<tr>
<td title='com.Digitalcodes.testcases.Title_SectionPage_Test.TC09_verifyCreateNotes_atSection()'><b>TC09_verifyCreateNotes_atSection</b><br>Test class: com.Digitalcodes.testcases.Title_SectionPage_Test<br>Test method: Verify user able to create notes at section<br>Parameters: I-Codes, 2021 I-Codes, 2021 International Building Code (IBC), CHAPTER 2 DEFINITIONS</td>
<td></td>
<td>27</td>
<td>com.Digitalcodes.testcases.Title_SectionPage_Test@736f3e9e</td></tr>
<tr>
<td title='com.Digitalcodes.testcases.Title_SectionPage_Test.TC12_verifyPrintSection_FromSection()'><b>TC12_verifyPrintSection_FromSection</b><br>Test class: com.Digitalcodes.testcases.Title_SectionPage_Test<br>Test method: Verify user able to Print Section</td>
<td></td>
<td>2</td>
<td>com.Digitalcodes.testcases.Title_SectionPage_Test@736f3e9e</td></tr>
<tr>
<td title='com.Digitalcodes.testcases.Title_Basic_Test.TC33_verifyNgviateToBasicTitle()'><b>TC33_verifyNgviateToBasicTitle</b><br>Test class: com.Digitalcodes.testcases.Title_Basic_Test<br>Test method: Verify user able to navigate to Non-accsiable title <br>Parameters: Publisher, Wiley, 2021 Building Codes Illustrated, 7th Edition</td>
<td></td>
<td>10</td>
<td>com.Digitalcodes.testcases.Title_Basic_Test@79ab34c1</td></tr>
</table><p>
<table width='100%' border='1' class='invocation-skipped'>
<tr><td colspan='4' align='center'><b>SKIPPED TESTS</b></td></tr>
<tr><td><b>Test method</b></td>
<td width="30%"><b>Exception</b></td>
<td width="10%"><b>Time (seconds)</b></td>
<td><b>Instance</b></td>
</tr>
<tr>
<td title='com.Digitalcodes.testcases.Title_SectionPage_Test.TC15_verifyDeleteNotes_FromSection()'><b>TC15_verifyDeleteNotes_FromSection</b><br>Test class: com.Digitalcodes.testcases.Title_SectionPage_Test<br>Test method: Verify user able to delete Notes from Section</td>
<td><div><pre>java.lang.Throwable: Method Title_SectionPage_Test.TC15_verifyDeleteNotes_FromSection()[pri:0, instance:com.Digitalcodes.testcases.Title_SectionPage_Test@736f3e9e] depends on not successfully finished methods
	at java.base/java.util.ArrayList.forEach(ArrayList.java:1511)
... Removed 22 stack frames</pre></div><a href='#' onClick='toggleBox("stack-trace1367621182", this, "Click to show all stack frames", "Click to hide stack frames")'>Click to show all stack frames</a>
<div class='stack-trace' id='stack-trace1367621182'><pre>java.lang.Throwable: Method Title_SectionPage_Test.TC15_verifyDeleteNotes_FromSection()[pri:0, instance:com.Digitalcodes.testcases.Title_SectionPage_Test@736f3e9e] depends on not successfully finished methods
	at org.testng.internal.TestInvoker.invokeTestMethods(TestInvoker.java:102)
	at org.testng.internal.TestMethodWorker.invokeTestMethods(TestMethodWorker.java:146)
	at org.testng.internal.TestMethodWorker.run(TestMethodWorker.java:128)
	at java.base/java.util.ArrayList.forEach(ArrayList.java:1511)
	at org.testng.TestRunner.privateRun(TestRunner.java:794)
	at org.testng.TestRunner.run(TestRunner.java:596)
	at org.testng.SuiteRunner.runTest(SuiteRunner.java:377)
	at org.testng.SuiteRunner.runSequentially(SuiteRunner.java:371)
	at org.testng.SuiteRunner.privateRun(SuiteRunner.java:332)
	at org.testng.SuiteRunner.run(SuiteRunner.java:276)
	at org.testng.SuiteRunnerWorker.runSuite(SuiteRunnerWorker.java:53)
	at org.testng.SuiteRunnerWorker.run(SuiteRunnerWorker.java:96)
	at org.testng.TestNG.runSuitesSequentially(TestNG.java:1212)
	at org.testng.TestNG.runSuitesLocally(TestNG.java:1134)
	at org.testng.TestNG.runSuites(TestNG.java:1063)
	at org.testng.TestNG.run(TestNG.java:1031)
	at org.apache.maven.surefire.testng.TestNGExecutor.run(TestNGExecutor.java:308)
	at org.apache.maven.surefire.testng.TestNGXmlTestSuite.execute(TestNGXmlTestSuite.java:71)
	at org.apache.maven.surefire.testng.TestNGProvider.invoke(TestNGProvider.java:113)
	at org.apache.maven.surefire.booter.ForkedBooter.runSuitesInProcess(ForkedBooter.java:385)
	at org.apache.maven.surefire.booter.ForkedBooter.execute(ForkedBooter.java:162)
	at org.apache.maven.surefire.booter.ForkedBooter.run(ForkedBooter.java:507)
	at org.apache.maven.surefire.booter.ForkedBooter.main(ForkedBooter.java:495)
</pre></div></td>
<td>0</td>
<td>com.Digitalcodes.testcases.Title_SectionPage_Test@736f3e9e</td></tr>
</table><p>
</body>
</html>