<?xml version="1.0" encoding="UTF-8"?>
<!-- Generated by org.testng.reporters.JUnitXMLReporter -->
<testsuite hostname="IB-Pune-LAP-329" ignored="6" name="Smoke test for Premium user" tests="5" failures="2" timestamp="2023-06-07T10:12:44 IST" time="90.475" errors="0">
  <testcase name="TC01_loginValidData" time="10.584" classname="com.Digitalcodes.testcases.Login_Test"/>
  <testcase name="TC02_verifyUserInformation" time="20.698" classname="com.Digitalcodes.testcases.Login_Test">
    <failure type="java.lang.AssertionError" message="expected [Premium Complete] but found [Sign In]">
      <![CDATA[java.lang.AssertionError: expected [Premium Complete] but found [Sign In]
at com.Digitalcodes.utilities.Baseclass.assertEquals(Baseclass.java:250)
at com.Digitalcodes.testcases.Login_Test.TC02_verifyUserInformation(Login_Test.java:84)
at java.util.ArrayList.forEach(ArrayList.java:1257)
... Removed 33 stack frames]]>
    </failure>
  </testcase> <!-- TC02_verifyUserInformation -->
  <testcase name="TC34_verifyAccessSection_QuickAccess" time="14.754" classname="com.Digitalcodes.testcases.PremiumTools_QuickAccess_Test"/>
  <testcase name="TC35_verifyActionsOnSection_QuickAccess" time="15.117" classname="com.Digitalcodes.testcases.PremiumTools_QuickAccess_Test">
    <failure type="java.lang.AssertionError" message="expected [ (complete.user@iccsafe.info)] but found [Complete User (complete.user@iccsafe.info)]">
      <![CDATA[java.lang.AssertionError: expected [ (complete.user@iccsafe.info)] but found [Complete User (complete.user@iccsafe.info)]
at com.Digitalcodes.utilities.Baseclass.assertEquals(Baseclass.java:250)
at com.Digitalcodes.testcases.PremiumTools_QuickAccess_Test.TC35_verifyActionsOnSection_QuickAccess(PremiumTools_QuickAccess_Test.java:119)
at java.util.ArrayList.forEach(ArrayList.java:1257)
... Removed 33 stack frames]]>
    </failure>
  </testcase> <!-- TC35_verifyActionsOnSection_QuickAccess -->
  <testcase name="TC37_verifyRecentlyQuickAccessedSections_QuickAccess" time="3.101" classname="com.Digitalcodes.testcases.PremiumTools_QuickAccess_Test"/>
  <testcase name="TC36_verifyShare_Edit_DeleteBookmakr_QuickAccess" time="0.0" classname="com.Digitalcodes.testcases.PremiumTools_QuickAccess_Test">
    <ignored/>
  </testcase> <!-- TC36_verifyShare_Edit_DeleteBookmakr_QuickAccess -->
  <testcase name="@AfterSuite afterSuite" time="0.0" classname="com.Digitalcodes.testcases.Prerequisites_Teardown">
    <ignored/>
  </testcase> <!-- @AfterSuite afterSuite -->
  <testcase name="@BeforeTest beforeTest" time="0.0" classname="com.Digitalcodes.testcases.Prerequisites_Teardown">
    <ignored/>
  </testcase> <!-- @BeforeTest beforeTest -->
  <testcase name="@BeforeSuite beforeSuite" time="0.0" classname="com.Digitalcodes.testcases.Prerequisites_Teardown">
    <ignored/>
  </testcase> <!-- @BeforeSuite beforeSuite -->
  <testcase name="TC38_verifyAlreadyCreatedBookmark_QuickAccess" time="0.0" classname="com.Digitalcodes.testcases.PremiumTools_QuickAccess_Test">
    <ignored/>
  </testcase> <!-- TC38_verifyAlreadyCreatedBookmark_QuickAccess -->
  <testcase name="@AfterTest afterTest" time="0.0" classname="com.Digitalcodes.testcases.Prerequisites_Teardown">
    <ignored/>
  </testcase> <!-- @AfterTest afterTest -->
</testsuite> <!-- Smoke test for Premium user -->
