<?xml version="1.0" encoding="UTF-8"?>
<!-- Generated by org.testng.reporters.JUnitXMLReporter -->
<testsuite hostname="IB-Pune-LAP-329" ignored="20" name="Test" tests="3" failures="1" timestamp="2023-05-24T11:46:36 IST" time="180.872" errors="0">
  <testcase name="TC01_loginValidData" time="16.592" classname="com.Digitalcodes.testcases.Login_Test"/>
  <testcase name="TC02_verifyUserInformation" time="98.192" classname="com.Digitalcodes.testcases.Login_Test">
    <failure type="org.openqa.selenium.TimeoutException" message="Expected condition failed: waiting for visibility of [[ChromeDriver: chrome on WINDOWS (8b81c2d8a6d843f7d5c35dc7ec3bc10e)] -&amp;gt; xpath: //div[@class=&amp;quot;v-list-item__title white--text&amp;quot;]/h4] (tried for 90 second(s) with 500 milliseconds interval)
Build info: version: &amp;apos;4.9.0&amp;apos;, revision: &amp;apos;d7057100a6&amp;apos;
System info: os.name: &amp;apos;Windows 10&amp;apos;, os.arch: &amp;apos;amd64&amp;apos;, os.version: &amp;apos;10.0&amp;apos;, java.version: &amp;apos;1.8.0_191&amp;apos;
Driver info: org.openqa.selenium.chrome.ChromeDriver
Capabilities {acceptInsecureCerts: false, browserName: chrome, browserVersion: 113.0.5672.93, chrome: {chromedriverVersion: 113.0.5672.63 (0e1a4471d5ae..., userDataDir: C:\Users\VRUSHA~1\AppData\L...}, goog:chromeOptions: {debuggerAddress: localhost:64131}, networkConnectionEnabled: false, pageLoadStrategy: normal, platformName: WINDOWS, proxy: Proxy(), se:cdp: ws://localhost:64131/devtoo..., se:cdpVersion: 113.0.5672.93, setWindowRect: true, strictFileInteractability: false, timeouts: {implicit: 0, pageLoad: 300000, script: 30000}, unhandledPromptBehavior: dismiss and notify, webauthn:extension:credBlob: true, webauthn:extension:largeBlob: true, webauthn:extension:minPinLength: true, webauthn:extension:prf: true, webauthn:virtualAuthenticators: true}
Session ID: 8b81c2d8a6d843f7d5c35dc7ec3bc10e">
      <![CDATA[org.openqa.selenium.TimeoutException: Expected condition failed: waiting for visibility of [[ChromeDriver: chrome on WINDOWS (8b81c2d8a6d843f7d5c35dc7ec3bc10e)] -> xpath: //div[@class="v-list-item__title white--text"]/h4] (tried for 90 second(s) with 500 milliseconds interval)
Build info: version: '4.9.0', revision: 'd7057100a6'
System info: os.name: 'Windows 10', os.arch: 'amd64', os.version: '10.0', java.version: '1.8.0_191'
Driver info: org.openqa.selenium.chrome.ChromeDriver
Capabilities {acceptInsecureCerts: false, browserName: chrome, browserVersion: 113.0.5672.93, chrome: {chromedriverVersion: 113.0.5672.63 (0e1a4471d5ae..., userDataDir: C:\Users\VRUSHA~1\AppData\L...}, goog:chromeOptions: {debuggerAddress: localhost:64131}, networkConnectionEnabled: false, pageLoadStrategy: normal, platformName: WINDOWS, proxy: Proxy(), se:cdp: ws://localhost:64131/devtoo..., se:cdpVersion: 113.0.5672.93, setWindowRect: true, strictFileInteractability: false, timeouts: {implicit: 0, pageLoad: 300000, script: 30000}, unhandledPromptBehavior: dismiss and notify, webauthn:extension:credBlob: true, webauthn:extension:largeBlob: true, webauthn:extension:minPinLength: true, webauthn:extension:prf: true, webauthn:virtualAuthenticators: true}
Session ID: 8b81c2d8a6d843f7d5c35dc7ec3bc10e
at org.openqa.selenium.support.ui.WebDriverWait.timeoutException(WebDriverWait.java:87)
at org.openqa.selenium.support.ui.FluentWait.until(FluentWait.java:231)
at com.Digitalcodes.utilities.Baseclass.getText(Baseclass.java:202)
at com.Digitalcodes.pageobject.Header.getName(Header.java:61)
at com.Digitalcodes.testcases.Login_Test.TC02_verifyUserInformation(Login_Test.java:74)
at java.util.ArrayList.forEach(ArrayList.java:1257)
... Removed 27 stack frames]]>
    </failure>
  </testcase> <!-- TC02_verifyUserInformation -->
  <testcase name="TC24_verifyCreateNotes_atChildSubsection" time="38.603" classname="com.Digitalcodes.testcases.Title_SectionPage_Test"/>
  <testcase name="@AfterSuite afterSuite" time="0.0" classname="com.Digitalcodes.testcases.Prerequisites_Teardown">
    <ignored/>
  </testcase> <!-- @AfterSuite afterSuite -->
  <testcase name="@BeforeTest beforeTest" time="0.0" classname="com.Digitalcodes.testcases.Prerequisites_Teardown">
    <ignored/>
  </testcase> <!-- @BeforeTest beforeTest -->
  <testcase name="TC10_verifyCreateBookmark_atSection" time="0.0" classname="com.Digitalcodes.testcases.Title_SectionPage_Test">
    <ignored/>
  </testcase> <!-- TC10_verifyCreateBookmark_atSection -->
  <testcase name="TC08_verifyNavigateToSection_FromTOC" time="0.0" classname="com.Digitalcodes.testcases.Title_SectionPage_Test">
    <ignored/>
  </testcase> <!-- TC08_verifyNavigateToSection_FromTOC -->
  <testcase name="TC15_verifyDeleteNotes_FromSection" time="0.0" classname="com.Digitalcodes.testcases.Title_SectionPage_Test">
    <ignored/>
  </testcase> <!-- TC15_verifyDeleteNotes_FromSection -->
  <testcase name="TC11_verifyShareSection_FromSection" time="0.0" classname="com.Digitalcodes.testcases.Title_SectionPage_Test">
    <ignored/>
  </testcase> <!-- TC11_verifyShareSection_FromSection -->
  <testcase name="TC23_verifyPrintSection_FromSubSection" time="0.0" classname="com.Digitalcodes.testcases.Title_SectionPage_Test">
    <ignored/>
  </testcase> <!-- TC23_verifyPrintSection_FromSubSection -->
  <testcase name="TC19_verifyLinksOnChapter" time="0.0" classname="com.Digitalcodes.testcases.Title_SectionPage_Test">
    <ignored/>
  </testcase> <!-- TC19_verifyLinksOnChapter -->
  <testcase name="TC21_verifyCreateBookmark_atSubsection" time="0.0" classname="com.Digitalcodes.testcases.Title_SectionPage_Test">
    <ignored/>
  </testcase> <!-- TC21_verifyCreateBookmark_atSubsection -->
  <testcase name="TC14_verifyEditNotes_FromSection" time="0.0" classname="com.Digitalcodes.testcases.Title_SectionPage_Test">
    <ignored/>
  </testcase> <!-- TC14_verifyEditNotes_FromSection -->
  <testcase name="TC22_verifyShareSection_FromSubSection" time="0.0" classname="com.Digitalcodes.testcases.Title_SectionPage_Test">
    <ignored/>
  </testcase> <!-- TC22_verifyShareSection_FromSubSection -->
  <testcase name="TC18_verifyDeleteBookmark_FromSection" time="0.0" classname="com.Digitalcodes.testcases.Title_SectionPage_Test">
    <ignored/>
  </testcase> <!-- TC18_verifyDeleteBookmark_FromSection -->
  <testcase name="TC12_verifyPrintSection_FromSection" time="0.0" classname="com.Digitalcodes.testcases.Title_SectionPage_Test">
    <ignored/>
  </testcase> <!-- TC12_verifyPrintSection_FromSection -->
  <testcase name="@BeforeSuite beforeSuite" time="0.0" classname="com.Digitalcodes.testcases.Prerequisites_Teardown">
    <ignored/>
  </testcase> <!-- @BeforeSuite beforeSuite -->
  <testcase name="TC16_verifyShareBookmark_FromSection" time="0.0" classname="com.Digitalcodes.testcases.Title_SectionPage_Test">
    <ignored/>
  </testcase> <!-- TC16_verifyShareBookmark_FromSection -->
  <testcase name="TC20_verifyCreateNotes_atSubsection" time="0.0" classname="com.Digitalcodes.testcases.Title_SectionPage_Test">
    <ignored/>
  </testcase> <!-- TC20_verifyCreateNotes_atSubsection -->
  <testcase name="TC13_verifyShareNote_FromSction" time="0.0" classname="com.Digitalcodes.testcases.Title_SectionPage_Test">
    <ignored/>
  </testcase> <!-- TC13_verifyShareNote_FromSction -->
  <testcase name="TC25_verifyCreateBookmark_atChildSubsection" time="0.0" classname="com.Digitalcodes.testcases.Title_SectionPage_Test">
    <ignored/>
  </testcase> <!-- TC25_verifyCreateBookmark_atChildSubsection -->
  <testcase name="TC09_verifyCreateNotes_atSection" time="0.0" classname="com.Digitalcodes.testcases.Title_SectionPage_Test">
    <ignored/>
  </testcase> <!-- TC09_verifyCreateNotes_atSection -->
  <testcase name="TC17_verifyEditBookmark_FromSection" time="0.0" classname="com.Digitalcodes.testcases.Title_SectionPage_Test">
    <ignored/>
  </testcase> <!-- TC17_verifyEditBookmark_FromSection -->
</testsuite> <!-- Test -->
