<?xml version="1.0" encoding="UTF-8"?>
<!-- Generated by org.testng.reporters.JUnitXMLReporter -->
<testsuite ignored="5" hostname="IB-Pune-LAP-329" failures="3" tests="21" name="Regression test for Premium user" time="1308.521" errors="0" timestamp="2023-07-28T23:41:52 IST">
  <testcase classname="com.Digitalcodes.testcases.Login_Test" name="TC01_loginValidData" time="15.232"/>
  <testcase classname="com.Digitalcodes.testcases.Login_Test" name="TC02_verifyUserInformation" time="7.295"/>
  <testcase classname="com.Digitalcodes.testcases.ContentSearch_Test" name="TC42_verifySearchWithinTitle" time="27.837"/>
  <testcase classname="com.Digitalcodes.testcases.ContentSearch_Test" name="TC43_verifyText_FiltersApplyed" time="0.683"/>
  <testcase classname="com.Digitalcodes.testcases.ContentSearch_Test" name="TC44_verifyContentSearch" time="15.707"/>
  <testcase classname="com.Digitalcodes.testcases.ContentSearch_Test" name="TC44_verifyContentSearch" time="19.183"/>
  <testcase classname="com.Digitalcodes.testcases.ContentSearch_Test" name="TC44_verifyContentSearch" time="29.106"/>
  <testcase classname="com.Digitalcodes.testcases.ContentSearch_Test" name="TC44_verifyContentSearch" time="21.956"/>
  <testcase classname="com.Digitalcodes.testcases.ContentSearch_Test" name="TC46_verifyJumpToSection" time="31.609"/>
  <testcase classname="com.Digitalcodes.testcases.ContentSearch_Test" name="TC47_verifyCopyAndPrintThisSection" time="7.073"/>
  <testcase classname="com.Digitalcodes.testcases.ContentSearch_Test" name="TC48_verifyShareThisSection" time="3.353"/>
  <testcase classname="com.Digitalcodes.testcases.ContentSearch_Test" name="TC49_verifyCreateBookmark" time="34.445"/>
  <testcase classname="com.Digitalcodes.testcases.ContentSearch_Test" name="TC50_verifyShareEditDeleteBookmark" time="35.471">
    <failure type="java.lang.AssertionError" message="expected [User edit bookmark] but found [User create Bookmark]">
      <![CDATA[java.lang.AssertionError: expected [User edit bookmark] but found [User create Bookmark]
at com.Digitalcodes.utilities.Baseclass.assertEquals(Baseclass.java:300)
at com.Digitalcodes.testcases.ContentSearch_Test.TC50_verifyShareEditDeleteBookmark(ContentSearch_Test.java:299)
at java.base/java.util.ArrayList.forEach(ArrayList.java:1511)
... Removed 33 stack frames]]>
    </failure>
  </testcase> <!-- TC50_verifyShareEditDeleteBookmark -->
  <testcase classname="com.Digitalcodes.testcases.ContentSearch_Test" name="TC51_verifyAdvanceTermSearch" time="94.6">
    <failure type="org.openqa.selenium.TimeoutException" message="Expected condition failed: waiting for visibility of Proxy element for: DefaultElementLocator &amp;apos;By.xpath: (//p[@class=&amp;apos;mb-0 font-weight-bold&amp;apos;])[4]&amp;apos; (tried for 60 second(s) with 500 milliseconds interval)">
      <![CDATA[org.openqa.selenium.TimeoutException: Expected condition failed: waiting for visibility of Proxy element for: DefaultElementLocator 'By.xpath: (//p[@class='mb-0 font-weight-bold'])[4]' (tried for 60 second(s) with 500 milliseconds interval)
at org.openqa.selenium.support.ui.WebDriverWait.timeoutException(WebDriverWait.java:87)
at org.openqa.selenium.support.ui.FluentWait.until(FluentWait.java:231)
at com.Digitalcodes.utilities.Baseclass.getText(Baseclass.java:280)
at com.Digitalcodes.pageobject.ContentSearch_Page.getNoneofWords(ContentSearch_Page.java:394)
at com.Digitalcodes.testcases.ContentSearch_Test.TC51_verifyAdvanceTermSearch(ContentSearch_Test.java:328)
at java.base/java.util.ArrayList.forEach(ArrayList.java:1511)
Caused by: org.openqa.selenium.NoSuchElementException: no such element: Unable to locate element: {"method":"xpath","selector":"(//p[@class='mb-0 font-weight-bold'])[4]"}
  (Session info: chrome=115.0.5790.102)
For documentation on this error, please visit: https://selenium.dev/exceptions/#no_such_element
Build info: version: '4.9.0', revision: 'd7057100a6'
System info: os.name: 'Windows 10', os.arch: 'amd64', os.version: '10.0', java.version: '17.0.3'
Driver info: org.openqa.selenium.chrome.ChromeDriver
Command: [d2f9c6829c6b33170f372b674546afbb, findElement {using=xpath, value=(//p[@class='mb-0 font-weight-bold'])[4]}]
Capabilities {acceptInsecureCerts: false, browserName: chrome, browserVersion: 115.0.5790.102, chrome: {chromedriverVersion: 114.0.5735.90 (386bc09e8f4f..., userDataDir: C:\Users\VRUSHA~1\AppData\L...}, goog:chromeOptions: {debuggerAddress: localhost:61935}, networkConnectionEnabled: false, pageLoadStrategy: normal, platformName: WINDOWS, proxy: Proxy(), se:cdp: ws://localhost:61935/devtoo..., se:cdpVersion: 115.0.5790.102, setWindowRect: true, strictFileInteractability: false, timeouts: {implicit: 0, pageLoad: 300000, script: 30000}, unhandledPromptBehavior: dismiss and notify, webauthn:extension:credBlob: true, webauthn:extension:largeBlob: true, webauthn:extension:minPinLength: true, webauthn:extension:prf: true, webauthn:virtualAuthenticators: true}
Session ID: d2f9c6829c6b33170f372b674546afbb
at org.openqa.selenium.remote.codec.w3c.W3CHttpResponseCodec.createException(W3CHttpResponseCodec.java:200)
at org.openqa.selenium.remote.codec.w3c.W3CHttpResponseCodec.decode(W3CHttpResponseCodec.java:133)
at org.openqa.selenium.remote.codec.w3c.W3CHttpResponseCodec.decode(W3CHttpResponseCodec.java:53)
at org.openqa.selenium.remote.HttpCommandExecutor.execute(HttpCommandExecutor.java:193)
at org.openqa.selenium.remote.service.DriverCommandExecutor.invokeExecute(DriverCommandExecutor.java:183)
at org.openqa.selenium.remote.service.DriverCommandExecutor.execute(DriverCommandExecutor.java:158)
at org.openqa.selenium.remote.RemoteWebDriver.execute(RemoteWebDriver.java:543)
at org.openqa.selenium.remote.ElementLocation$ElementFinder$2.findElement(ElementLocation.java:162)
at org.openqa.selenium.remote.ElementLocation.findElement(ElementLocation.java:60)
at org.openqa.selenium.remote.RemoteWebDriver.findElement(RemoteWebDriver.java:352)
at org.openqa.selenium.remote.RemoteWebDriver.findElement(RemoteWebDriver.java:344)
at org.openqa.selenium.support.pagefactory.DefaultElementLocator.findElement(DefaultElementLocator.java:70)
at org.openqa.selenium.support.pagefactory.internal.LocatingElementHandler.invoke(LocatingElementHandler.java:39)
at jdk.proxy2/jdk.proxy2.$Proxy25.isDisplayed(Unknown Source)
at org.openqa.selenium.support.ui.ExpectedConditions.elementIfVisible(ExpectedConditions.java:307)
at org.openqa.selenium.support.ui.ExpectedConditions.access$000(ExpectedConditions.java:40)
at org.openqa.selenium.support.ui.ExpectedConditions$10.apply(ExpectedConditions.java:293)
at org.openqa.selenium.support.ui.ExpectedConditions$10.apply(ExpectedConditions.java:290)
at org.openqa.selenium.support.ui.FluentWait.until(FluentWait.java:208)
... 31 more
... Removed 32 stack frames]]>
    </failure>
  </testcase> <!-- TC51_verifyAdvanceTermSearch -->
  <testcase classname="com.Digitalcodes.testcases.ContentSearch_Test" name="TC52_verifyNearSearch" time="8.724"/>
  <testcase classname="com.Digitalcodes.testcases.ContentSearch_Test" name="TC53_verifyShowRelevantTitles" time="6.721"/>
  <testcase classname="com.Digitalcodes.testcases.ContentSearch_Test" name="TC54_verifySaveDeleteContentSerach" time="32.606"/>
  <testcase classname="com.Digitalcodes.testcases.ContentSearch_Test" name="TC55_verifymarkFavorite_unFavoriteTitleformConetntSearch" time="8.12"/>
  <testcase classname="com.Digitalcodes.testcases.ContentSearch_Test" name="TC56_verifyPaginationinContentSearch" time="81.657">
    <failure type="org.openqa.selenium.TimeoutException" message="Expected condition failed: waiting for element to be clickable: Proxy element for: DefaultElementLocator &amp;apos;By.cssSelector: .v-list-item__title.lighten-1.font-weight-bold&amp;apos; (tried for 60 second(s) with 500 milliseconds interval)">
      <![CDATA[org.openqa.selenium.TimeoutException: Expected condition failed: waiting for element to be clickable: Proxy element for: DefaultElementLocator 'By.cssSelector: .v-list-item__title.lighten-1.font-weight-bold' (tried for 60 second(s) with 500 milliseconds interval)
at org.openqa.selenium.support.ui.WebDriverWait.timeoutException(WebDriverWait.java:87)
at org.openqa.selenium.support.ui.FluentWait.until(FluentWait.java:231)
at com.Digitalcodes.utilities.Baseclass.click(Baseclass.java:261)
at com.Digitalcodes.pageobject.Menu.navigateToPremiumToolFeaturs(Menu.java:122)
at com.Digitalcodes.testcases.ContentSearch_Test.TC56_verifyPaginationinContentSearch(ContentSearch_Test.java:426)
at java.base/java.util.ArrayList.forEach(ArrayList.java:1511)
Caused by: org.openqa.selenium.NoSuchElementException: no such element: Unable to locate element: {"method":"css selector","selector":".v-list-item__title.lighten-1.font-weight-bold"}
  (Session info: chrome=115.0.5790.102)
For documentation on this error, please visit: https://selenium.dev/exceptions/#no_such_element
Build info: version: '4.9.0', revision: 'd7057100a6'
System info: os.name: 'Windows 10', os.arch: 'amd64', os.version: '10.0', java.version: '17.0.3'
Driver info: org.openqa.selenium.chrome.ChromeDriver
Command: [d2f9c6829c6b33170f372b674546afbb, findElement {using=css selector, value=.v-list-item__title.lighten-1.font-weight-bold}]
Capabilities {acceptInsecureCerts: false, browserName: chrome, browserVersion: 115.0.5790.102, chrome: {chromedriverVersion: 114.0.5735.90 (386bc09e8f4f..., userDataDir: C:\Users\VRUSHA~1\AppData\L...}, goog:chromeOptions: {debuggerAddress: localhost:61935}, networkConnectionEnabled: false, pageLoadStrategy: normal, platformName: WINDOWS, proxy: Proxy(), se:cdp: ws://localhost:61935/devtoo..., se:cdpVersion: 115.0.5790.102, setWindowRect: true, strictFileInteractability: false, timeouts: {implicit: 0, pageLoad: 300000, script: 30000}, unhandledPromptBehavior: dismiss and notify, webauthn:extension:credBlob: true, webauthn:extension:largeBlob: true, webauthn:extension:minPinLength: true, webauthn:extension:prf: true, webauthn:virtualAuthenticators: true}
Session ID: d2f9c6829c6b33170f372b674546afbb
at org.openqa.selenium.remote.codec.w3c.W3CHttpResponseCodec.createException(W3CHttpResponseCodec.java:200)
at org.openqa.selenium.remote.codec.w3c.W3CHttpResponseCodec.decode(W3CHttpResponseCodec.java:133)
at org.openqa.selenium.remote.codec.w3c.W3CHttpResponseCodec.decode(W3CHttpResponseCodec.java:53)
at org.openqa.selenium.remote.HttpCommandExecutor.execute(HttpCommandExecutor.java:193)
at org.openqa.selenium.remote.service.DriverCommandExecutor.invokeExecute(DriverCommandExecutor.java:183)
at org.openqa.selenium.remote.service.DriverCommandExecutor.execute(DriverCommandExecutor.java:158)
at org.openqa.selenium.remote.RemoteWebDriver.execute(RemoteWebDriver.java:543)
at org.openqa.selenium.remote.ElementLocation$ElementFinder$2.findElement(ElementLocation.java:162)
at org.openqa.selenium.remote.ElementLocation.findElement(ElementLocation.java:60)
at org.openqa.selenium.remote.RemoteWebDriver.findElement(RemoteWebDriver.java:352)
at org.openqa.selenium.remote.RemoteWebDriver.findElement(RemoteWebDriver.java:344)
at org.openqa.selenium.support.pagefactory.DefaultElementLocator.findElement(DefaultElementLocator.java:70)
at org.openqa.selenium.support.pagefactory.internal.LocatingElementHandler.invoke(LocatingElementHandler.java:39)
at jdk.proxy2/jdk.proxy2.$Proxy25.isDisplayed(Unknown Source)
at org.openqa.selenium.support.ui.ExpectedConditions.elementIfVisible(ExpectedConditions.java:307)
at org.openqa.selenium.support.ui.ExpectedConditions.access$000(ExpectedConditions.java:40)
at org.openqa.selenium.support.ui.ExpectedConditions$10.apply(ExpectedConditions.java:293)
at org.openqa.selenium.support.ui.ExpectedConditions$10.apply(ExpectedConditions.java:290)
at org.openqa.selenium.support.ui.ExpectedConditions$23.apply(ExpectedConditions.java:660)
at org.openqa.selenium.support.ui.ExpectedConditions$23.apply(ExpectedConditions.java:656)
at org.openqa.selenium.support.ui.FluentWait.until(FluentWait.java:208)
... 31 more
... Removed 32 stack frames]]>
    </failure>
  </testcase> <!-- TC56_verifyPaginationinContentSearch -->
  <testcase classname="com.Digitalcodes.testcases.ContentSearch_Test" name="TC57_verifySearchSuggestions" time="4.759"/>
  <testcase classname="com.Digitalcodes.testcases.ContentSearch_Test" name="TC57_verifySeeAll" time="6.676"/>
  <testcase classname="com.Digitalcodes.testcases.Prerequisites_Teardown" name="@AfterSuite afterSuite" time="0.0">
    <ignored/>
  </testcase> <!-- @AfterSuite afterSuite -->
  <testcase classname="com.Digitalcodes.testcases.Prerequisites_Teardown" name="@BeforeTest beforeTest" time="0.0">
    <ignored/>
  </testcase> <!-- @BeforeTest beforeTest -->
  <testcase classname="com.Digitalcodes.testcases.Prerequisites_Teardown" name="@BeforeSuite beforeSuite" time="0.0">
    <ignored/>
  </testcase> <!-- @BeforeSuite beforeSuite -->
  <testcase classname="com.Digitalcodes.testcases.Prerequisites_Teardown" name="@AfterTest afterTest" time="0.0">
    <ignored/>
  </testcase> <!-- @AfterTest afterTest -->
  <testcase classname="com.Digitalcodes.testcases.ContentSearch_Test" name="TC45_verifyApplyFiltersOncontentSearch" time="0.0">
    <ignored/>
  </testcase> <!-- TC45_verifyApplyFiltersOncontentSearch -->
</testsuite> <!-- Regression test for Premium user -->
