{"uuid":"4be26782-adac-40b7-8b6a-94bc9fcb49be","historyId":"f6fc83925763462e85cce053e97b9e05","fullName":"com.Digitalcodes.testcases.Title_Collection_Test.TC28_verifyCollectionLandingPage","labels":[{"name":"package","value":"com.Digitalcodes.testcases.Title_Collection_Test"},{"name":"testClass","value":"com.Digitalcodes.testcases.Title_Collection_Test"},{"name":"testMethod","value":"TC28_verifyCollectionLandingPage"},{"name":"parentSuite","value":"Regression test"},{"name":"suite","value":"Regression for Premium user"},{"name":"subSuite","value":"com.Digitalcodes.testcases.Title_Collection_Test"},{"name":"host","value":"IB-Pune-LAP-329"},{"name":"thread","value":"5036@IB-Pune-LAP-329.main(1)"},{"name":"framework","value":"testng"},{"name":"language","value":"java"}],"links":[],"name":"Verify user able to navigate to Collection title","status":"broken","statusDetails":{"known":false,"muted":false,"flaky":false,"message":"Expected condition failed: waiting for visibility of Proxy element for: DefaultElementLocator 'By.xpath: //p[@class='mb-0 primary--text']' (tried for 60 second(s) with 500 milliseconds interval)","trace":"org.openqa.selenium.TimeoutException: Expected condition failed: waiting for visibility of Proxy element for: DefaultElementLocator 'By.xpath: //p[@class='mb-0 primary--text']' (tried for 60 second(s) with 500 milliseconds interval)\r\n\tat org.openqa.selenium.support.ui.WebDriverWait.timeoutException(WebDriverWait.java:87)\r\n\tat org.openqa.selenium.support.ui.FluentWait.until(FluentWait.java:231)\r\n\tat com.Digitalcodes.utilities.Baseclass.getText(Baseclass.java:235)\r\n\tat com.Digitalcodes.pageobject.TitleLanding_Page.getActivepremiumText(TitleLanding_Page.java:95)\r\n\tat com.Digitalcodes.testcases.Title_Collection_Test.TC28_verifyCollectionLandingPage(Title_Collection_Test.java:80)\r\n\tat sun.reflect.NativeMethodAccessorImpl.invoke0(Native Method)\r\n\tat sun.reflect.NativeMethodAccessorImpl.invoke(NativeMethodAccessorImpl.java:62)\r\n\tat sun.reflect.DelegatingMethodAccessorImpl.invoke(DelegatingMethodAccessorImpl.java:43)\r\n\tat java.lang.reflect.Method.invoke(Method.java:498)\r\n\tat org.testng.internal.MethodInvocationHelper.invokeMethod(MethodInvocationHelper.java:133)\r\n\tat org.testng.internal.TestInvoker.invokeMethod(TestInvoker.java:598)\r\n\tat org.testng.internal.TestInvoker.invokeTestMethod(TestInvoker.java:173)\r\n\tat org.testng.internal.MethodRunner.runInSequence(MethodRunner.java:46)\r\n\tat org.testng.internal.TestInvoker$MethodInvocationAgent.invoke(TestInvoker.java:824)\r\n\tat org.testng.internal.TestInvoker.invokeTestMethods(TestInvoker.java:146)\r\n\tat org.testng.internal.TestMethodWorker.invokeTestMethods(TestMethodWorker.java:146)\r\n\tat org.testng.internal.TestMethodWorker.run(TestMethodWorker.java:128)\r\n\tat java.util.ArrayList.forEach(ArrayList.java:1257)\r\n\tat org.testng.TestRunner.privateRun(TestRunner.java:794)\r\n\tat org.testng.TestRunner.run(TestRunner.java:596)\r\n\tat org.testng.SuiteRunner.runTest(SuiteRunner.java:377)\r\n\tat org.testng.SuiteRunner.runSequentially(SuiteRunner.java:371)\r\n\tat org.testng.SuiteRunner.privateRun(SuiteRunner.java:332)\r\n\tat org.testng.SuiteRunner.run(SuiteRunner.java:276)\r\n\tat org.testng.SuiteRunnerWorker.runSuite(SuiteRunnerWorker.java:53)\r\n\tat org.testng.SuiteRunnerWorker.run(SuiteRunnerWorker.java:96)\r\n\tat org.testng.TestNG.runSuitesSequentially(TestNG.java:1212)\r\n\tat org.testng.TestNG.runSuitesLocally(TestNG.java:1134)\r\n\tat org.testng.TestNG.runSuites(TestNG.java:1063)\r\n\tat org.testng.TestNG.run(TestNG.java:1031)\r\n\tat org.testng.remote.AbstractRemoteTestNG.run(AbstractRemoteTestNG.java:115)\r\n\tat org.testng.remote.RemoteTestNG.initAndRun(RemoteTestNG.java:251)\r\n\tat org.testng.remote.RemoteTestNG.main(RemoteTestNG.java:77)\r\nCaused by: org.openqa.selenium.NoSuchElementException: no such element: Unable to locate element: {\"method\":\"xpath\",\"selector\":\"//p[@class='mb-0 primary--text']\"}\n  (Session info: chrome=114.0.5735.110)\nFor documentation on this error, please visit: https://selenium.dev/exceptions/#no_such_element\nBuild info: version: '4.9.0', revision: 'd7057100a6'\nSystem info: os.name: 'Windows 10', os.arch: 'amd64', os.version: '10.0', java.version: '1.8.0_191'\nDriver info: org.openqa.selenium.chrome.ChromeDriver\nCommand: [e435ff399a125d72174e30c35d1b8295, findElement {using=xpath, value=//p[@class='mb-0 primary--text']}]\nCapabilities {acceptInsecureCerts: false, browserName: chrome, browserVersion: 114.0.5735.110, chrome: {chromedriverVersion: 114.0.5735.90 (386bc09e8f4f..., userDataDir: C:\\Users\\VRUSHA~1\\AppData\\L...}, goog:chromeOptions: {debuggerAddress: localhost:55365}, networkConnectionEnabled: false, pageLoadStrategy: normal, platformName: WINDOWS, proxy: Proxy(), se:cdp: ws://localhost:55365/devtoo..., se:cdpVersion: 114.0.5735.110, setWindowRect: true, strictFileInteractability: false, timeouts: {implicit: 0, pageLoad: 300000, script: 30000}, unhandledPromptBehavior: dismiss and notify, webauthn:extension:credBlob: true, webauthn:extension:largeBlob: true, webauthn:extension:minPinLength: true, webauthn:extension:prf: true, webauthn:virtualAuthenticators: true}\nSession ID: e435ff399a125d72174e30c35d1b8295\r\n\tat sun.reflect.NativeConstructorAccessorImpl.newInstance0(Native Method)\r\n\tat sun.reflect.NativeConstructorAccessorImpl.newInstance(NativeConstructorAccessorImpl.java:62)\r\n\tat sun.reflect.DelegatingConstructorAccessorImpl.newInstance(DelegatingConstructorAccessorImpl.java:45)\r\n\tat java.lang.reflect.Constructor.newInstance(Constructor.java:423)\r\n\tat org.openqa.selenium.remote.codec.w3c.W3CHttpResponseCodec.createException(W3CHttpResponseCodec.java:200)\r\n\tat org.openqa.selenium.remote.codec.w3c.W3CHttpResponseCodec.decode(W3CHttpResponseCodec.java:133)\r\n\tat org.openqa.selenium.remote.codec.w3c.W3CHttpResponseCodec.decode(W3CHttpResponseCodec.java:53)\r\n\tat org.openqa.selenium.remote.HttpCommandExecutor.execute(HttpCommandExecutor.java:193)\r\n\tat org.openqa.selenium.remote.service.DriverCommandExecutor.invokeExecute(DriverCommandExecutor.java:183)\r\n\tat org.openqa.selenium.remote.service.DriverCommandExecutor.execute(DriverCommandExecutor.java:158)\r\n\tat org.openqa.selenium.remote.RemoteWebDriver.execute(RemoteWebDriver.java:543)\r\n\tat org.openqa.selenium.remote.ElementLocation$ElementFinder$2.findElement(ElementLocation.java:162)\r\n\tat org.openqa.selenium.remote.ElementLocation.findElement(ElementLocation.java:60)\r\n\tat org.openqa.selenium.remote.RemoteWebDriver.findElement(RemoteWebDriver.java:352)\r\n\tat org.openqa.selenium.remote.RemoteWebDriver.findElement(RemoteWebDriver.java:344)\r\n\tat org.openqa.selenium.support.pagefactory.DefaultElementLocator.findElement(DefaultElementLocator.java:70)\r\n\tat org.openqa.selenium.support.pagefactory.internal.LocatingElementHandler.invoke(LocatingElementHandler.java:39)\r\n\tat com.sun.proxy.$Proxy21.isDisplayed(Unknown Source)\r\n\tat org.openqa.selenium.support.ui.ExpectedConditions.elementIfVisible(ExpectedConditions.java:307)\r\n\tat org.openqa.selenium.support.ui.ExpectedConditions.access$000(ExpectedConditions.java:40)\r\n\tat org.openqa.selenium.support.ui.ExpectedConditions$10.apply(ExpectedConditions.java:293)\r\n\tat org.openqa.selenium.support.ui.ExpectedConditions$10.apply(ExpectedConditions.java:290)\r\n\tat org.openqa.selenium.support.ui.FluentWait.until(FluentWait.java:208)\r\n\t... 31 more\r\n"},"stage":"finished","steps":[{"name":"Click menu","status":"passed","stage":"finished","steps":[{"name":"Click menu","status":"passed","stage":"finished","steps":[],"attachments":[],"parameters":[],"start":1686207539384,"stop":1686207539384}],"attachments":[],"parameters":[{"name":"step","value":"Click menu"}],"start":1686207539383,"stop":1686207539384},{"name":"Click Collections","status":"passed","stage":"finished","steps":[{"name":"Click Collections","status":"passed","stage":"finished","steps":[],"attachments":[],"parameters":[],"start":1686207539385,"stop":1686207539385}],"attachments":[],"parameters":[{"name":"step","value":"Click Collections"}],"start":1686207539385,"stop":1686207539385},{"name":"Click Premium Complete","status":"passed","stage":"finished","steps":[{"name":"Click Premium Complete","status":"passed","stage":"finished","steps":[],"attachments":[],"parameters":[],"start":1686207542216,"stop":1686207542216}],"attachments":[],"parameters":[{"name":"step","value":"Click Premium Complete"}],"start":1686207542215,"stop":1686207542216},{"name":"Click 2023 Analysis of Changes, 2023 NEC","status":"passed","stage":"finished","steps":[{"name":"Click 2023 Analysis of Changes, 2023 NEC","status":"passed","stage":"finished","steps":[],"attachments":[],"parameters":[],"start":1686207548584,"stop":1686207548584}],"attachments":[],"parameters":[{"name":"step","value":"Click 2023 Analysis of Changes, 2023 NEC"}],"start":1686207548584,"stop":1686207548585}],"attachments":[],"parameters":[{"name":"arg3","value":"CHAPTER 1 GENERAL"},{"name":"arg2","value":"2023 Analysis of Changes, 2023 NEC"},{"name":"tagname","value":"Regression"},{"name":"User","value":"PREMIUM"},{"name":"arg1","value":"Premium Complete"},{"name":"arg0","value":"Collections"},{"name":"Browser","value":"chrome"}],"start":1686207519548,"stop":1686207649933}