{"uuid":"7faa3fba-a8c4-46ed-b95b-8b7304ed6c49","historyId":"48f881df67e9aaf7aa80516d50195e9b","fullName":"com.Digitalcodes.testcases.Title_ASTMStanderds_Test.TC33_verifyNavigateToASTM_FromLinks","labels":[{"name":"package","value":"com.Digitalcodes.testcases.Title_ASTMStanderds_Test"},{"name":"testClass","value":"com.Digitalcodes.testcases.Title_ASTMStanderds_Test"},{"name":"testMethod","value":"TC33_verifyNavigateToASTM_FromLinks"},{"name":"parentSuite","value":"Smoke test"},{"name":"suite","value":"Smoke test for Premium user"},{"name":"subSuite","value":"com.Digitalcodes.testcases.Title_ASTMStanderds_Test"},{"name":"host","value":"IB-Pune-LAP-329"},{"name":"thread","value":"15404@IB-Pune-LAP-329.main(1)"},{"name":"framework","value":"testng"},{"name":"language","value":"java"}],"links":[],"name":"Verify user able to navigate to ASTM Standerds thorugh link","status":"broken","statusDetails":{"known":false,"muted":false,"flaky":false,"message":"Expected condition failed: waiting for visibility of Proxy element for: DefaultElementLocator 'By.xpath: (//a/span[@class=\"v-chip__content\"])[1]' (tried for 60 second(s) with 500 milliseconds interval)","trace":"org.openqa.selenium.TimeoutException: Expected condition failed: waiting for visibility of Proxy element for: DefaultElementLocator 'By.xpath: (//a/span[@class=\"v-chip__content\"])[1]' (tried for 60 second(s) with 500 milliseconds interval)\r\n\tat org.openqa.selenium.support.ui.WebDriverWait.timeoutException(WebDriverWait.java:87)\r\n\tat org.openqa.selenium.support.ui.FluentWait.until(FluentWait.java:231)\r\n\tat com.Digitalcodes.utilities.Baseclass.getText(Baseclass.java:235)\r\n\tat com.Digitalcodes.pageobject.TitleLanding_Page.getCategoryText(TitleLanding_Page.java:189)\r\n\tat com.Digitalcodes.testcases.Title_ASTMStanderds_Test.TC33_verifyNavigateToASTM_FromLinks(Title_ASTMStanderds_Test.java:40)\r\n\tat sun.reflect.NativeMethodAccessorImpl.invoke0(Native Method)\r\n\tat sun.reflect.NativeMethodAccessorImpl.invoke(NativeMethodAccessorImpl.java:62)\r\n\tat sun.reflect.DelegatingMethodAccessorImpl.invoke(DelegatingMethodAccessorImpl.java:43)\r\n\tat java.lang.reflect.Method.invoke(Method.java:498)\r\n\tat org.testng.internal.MethodInvocationHelper.invokeMethod(MethodInvocationHelper.java:133)\r\n\tat org.testng.internal.TestInvoker.invokeMethod(TestInvoker.java:598)\r\n\tat org.testng.internal.TestInvoker.invokeTestMethod(TestInvoker.java:173)\r\n\tat org.testng.internal.MethodRunner.runInSequence(MethodRunner.java:46)\r\n\tat org.testng.internal.TestInvoker$MethodInvocationAgent.invoke(TestInvoker.java:824)\r\n\tat org.testng.internal.TestInvoker.invokeTestMethods(TestInvoker.java:146)\r\n\tat org.testng.internal.TestMethodWorker.invokeTestMethods(TestMethodWorker.java:146)\r\n\tat org.testng.internal.TestMethodWorker.run(TestMethodWorker.java:128)\r\n\tat java.util.ArrayList.forEach(ArrayList.java:1257)\r\n\tat org.testng.TestRunner.privateRun(TestRunner.java:794)\r\n\tat org.testng.TestRunner.run(TestRunner.java:596)\r\n\tat org.testng.SuiteRunner.runTest(SuiteRunner.java:377)\r\n\tat org.testng.SuiteRunner.runSequentially(SuiteRunner.java:371)\r\n\tat org.testng.SuiteRunner.privateRun(SuiteRunner.java:332)\r\n\tat org.testng.SuiteRunner.run(SuiteRunner.java:276)\r\n\tat org.testng.SuiteRunnerWorker.runSuite(SuiteRunnerWorker.java:53)\r\n\tat org.testng.SuiteRunnerWorker.run(SuiteRunnerWorker.java:96)\r\n\tat org.testng.TestNG.runSuitesSequentially(TestNG.java:1212)\r\n\tat org.testng.TestNG.runSuitesLocally(TestNG.java:1134)\r\n\tat org.testng.TestNG.runSuites(TestNG.java:1063)\r\n\tat org.testng.TestNG.run(TestNG.java:1031)\r\n\tat org.testng.remote.AbstractRemoteTestNG.run(AbstractRemoteTestNG.java:115)\r\n\tat org.testng.remote.RemoteTestNG.initAndRun(RemoteTestNG.java:251)\r\n\tat org.testng.remote.RemoteTestNG.main(RemoteTestNG.java:77)\r\nCaused by: org.openqa.selenium.NoSuchElementException: no such element: Unable to locate element: {\"method\":\"xpath\",\"selector\":\"(//a/span[@class=\"v-chip__content\"])[1]\"}\n  (Session info: chrome=114.0.5735.110)\nFor documentation on this error, please visit: https://selenium.dev/exceptions/#no_such_element\nBuild info: version: '4.9.0', revision: 'd7057100a6'\nSystem info: os.name: 'Windows 10', os.arch: 'amd64', os.version: '10.0', java.version: '1.8.0_191'\nDriver info: org.openqa.selenium.chrome.ChromeDriver\nCommand: [432e140701ea129c22900da78e5189e1, findElement {using=xpath, value=(//a/span[@class=\"v-chip__content\"])[1]}]\nCapabilities {acceptInsecureCerts: false, browserName: chrome, browserVersion: 114.0.5735.110, chrome: {chromedriverVersion: 114.0.5735.90 (386bc09e8f4f..., userDataDir: C:\\Users\\VRUSHA~1\\AppData\\L...}, goog:chromeOptions: {debuggerAddress: localhost:53475}, networkConnectionEnabled: false, pageLoadStrategy: normal, platformName: WINDOWS, proxy: Proxy(), se:cdp: ws://localhost:53475/devtoo..., se:cdpVersion: 114.0.5735.110, setWindowRect: true, strictFileInteractability: false, timeouts: {implicit: 0, pageLoad: 300000, script: 30000}, unhandledPromptBehavior: dismiss and notify, webauthn:extension:credBlob: true, webauthn:extension:largeBlob: true, webauthn:extension:minPinLength: true, webauthn:extension:prf: true, webauthn:virtualAuthenticators: true}\nSession ID: 432e140701ea129c22900da78e5189e1\r\n\tat sun.reflect.NativeConstructorAccessorImpl.newInstance0(Native Method)\r\n\tat sun.reflect.NativeConstructorAccessorImpl.newInstance(NativeConstructorAccessorImpl.java:62)\r\n\tat sun.reflect.DelegatingConstructorAccessorImpl.newInstance(DelegatingConstructorAccessorImpl.java:45)\r\n\tat java.lang.reflect.Constructor.newInstance(Constructor.java:423)\r\n\tat org.openqa.selenium.remote.codec.w3c.W3CHttpResponseCodec.createException(W3CHttpResponseCodec.java:200)\r\n\tat org.openqa.selenium.remote.codec.w3c.W3CHttpResponseCodec.decode(W3CHttpResponseCodec.java:133)\r\n\tat org.openqa.selenium.remote.codec.w3c.W3CHttpResponseCodec.decode(W3CHttpResponseCodec.java:53)\r\n\tat org.openqa.selenium.remote.HttpCommandExecutor.execute(HttpCommandExecutor.java:193)\r\n\tat org.openqa.selenium.remote.service.DriverCommandExecutor.invokeExecute(DriverCommandExecutor.java:183)\r\n\tat org.openqa.selenium.remote.service.DriverCommandExecutor.execute(DriverCommandExecutor.java:158)\r\n\tat org.openqa.selenium.remote.RemoteWebDriver.execute(RemoteWebDriver.java:543)\r\n\tat org.openqa.selenium.remote.ElementLocation$ElementFinder$2.findElement(ElementLocation.java:162)\r\n\tat org.openqa.selenium.remote.ElementLocation.findElement(ElementLocation.java:60)\r\n\tat org.openqa.selenium.remote.RemoteWebDriver.findElement(RemoteWebDriver.java:352)\r\n\tat org.openqa.selenium.remote.RemoteWebDriver.findElement(RemoteWebDriver.java:344)\r\n\tat org.openqa.selenium.support.pagefactory.DefaultElementLocator.findElement(DefaultElementLocator.java:70)\r\n\tat org.openqa.selenium.support.pagefactory.internal.LocatingElementHandler.invoke(LocatingElementHandler.java:39)\r\n\tat com.sun.proxy.$Proxy21.isDisplayed(Unknown Source)\r\n\tat org.openqa.selenium.support.ui.ExpectedConditions.elementIfVisible(ExpectedConditions.java:307)\r\n\tat org.openqa.selenium.support.ui.ExpectedConditions.access$000(ExpectedConditions.java:40)\r\n\tat org.openqa.selenium.support.ui.ExpectedConditions$10.apply(ExpectedConditions.java:293)\r\n\tat org.openqa.selenium.support.ui.ExpectedConditions$10.apply(ExpectedConditions.java:290)\r\n\tat org.openqa.selenium.support.ui.FluentWait.until(FluentWait.java:208)\r\n\t... 31 more\r\n"},"stage":"finished","steps":[{"name":"Click menu","status":"passed","stage":"finished","steps":[{"name":"Click menu","status":"passed","stage":"finished","steps":[],"attachments":[],"parameters":[],"start":1686322755917,"stop":1686322755917}],"attachments":[],"parameters":[{"name":"step","value":"Click menu"}],"start":1686322755917,"stop":1686322755917},{"name":"Click  I-Codes","status":"passed","stage":"finished","steps":[{"name":"Click  I-Codes","status":"passed","stage":"finished","steps":[],"attachments":[],"parameters":[],"start":1686322755917,"stop":1686322755918}],"attachments":[],"parameters":[{"name":"step","value":"Click  I-Codes"}],"start":1686322755917,"stop":1686322755918},{"name":"Click  2021 I-Codes","status":"passed","stage":"finished","steps":[{"name":"Click  2021 I-Codes","status":"passed","stage":"finished","steps":[],"attachments":[],"parameters":[],"start":1686322755918,"stop":1686322755918}],"attachments":[],"parameters":[{"name":"step","value":"Click  2021 I-Codes"}],"start":1686322755918,"stop":1686322755918},{"name":"Click  2021 International Building Code (IBC)","status":"passed","stage":"finished","steps":[{"name":"Click  2021 International Building Code (IBC)","status":"passed","stage":"finished","steps":[],"attachments":[],"parameters":[],"start":1686322755918,"stop":1686322755918}],"attachments":[],"parameters":[{"name":"step","value":"Click  2021 International Building Code (IBC)"}],"start":1686322755918,"stop":1686322755918},{"name":"Click Chapter CHAPTER 2 DEFINITIONS","status":"passed","stage":"finished","steps":[{"name":"Click Chapter CHAPTER 2 DEFINITIONS","status":"passed","stage":"finished","steps":[],"attachments":[],"parameters":[],"start":1686322759912,"stop":1686322759912}],"attachments":[],"parameters":[{"name":"step","value":"Click Chapter CHAPTER 2 DEFINITIONS"}],"start":1686322759911,"stop":1686322759912},{"name":"Click ASTM E283","status":"passed","stage":"finished","steps":[{"name":"Click ASTM E283","status":"passed","stage":"finished","steps":[],"attachments":[],"parameters":[],"start":1686322761183,"stop":1686322761183}],"attachments":[],"parameters":[{"name":"step","value":"Click ASTM E283"}],"start":1686322761183,"stop":1686322761183}],"attachments":[],"parameters":[{"name":"arg3","value":"CHAPTER 2 DEFINITIONS"},{"name":"arg2","value":"2021 International Building Code (IBC)"},{"name":"tagname","value":"Smoke"},{"name":"User","value":"PREMIUM"},{"name":"arg1","value":"2021 I-Codes"},{"name":"arg0","value":"I-Codes"},{"name":"Browser","value":"chrome"}],"start":1686322749416,"stop":1686322842326}