<html>
<head>
<title>TestNG:  Smoke test for Premium user</title>
<link href="../testng.css" rel="stylesheet" type="text/css" />
<link href="../my-testng.css" rel="stylesheet" type="text/css" />

<style type="text/css">
.log { display: none;} 
.stack-trace { display: none;} 
</style>
<script type="text/javascript">
<!--
function flip(e) {
  current = e.style.display;
  if (current == 'block') {
    e.style.display = 'none';
    return 0;
  }
  else {
    e.style.display = 'block';
    return 1;
  }
}

function toggleBox(szDivId, elem, msg1, msg2)
{
  var res = -1;  if (document.getElementById) {
    res = flip(document.getElementById(szDivId));
  }
  else if (document.all) {
    // this is the way old msie versions work
    res = flip(document.all[szDivId]);
  }
  if(elem) {
    if(res == 0) elem.innerHTML = msg1; else elem.innerHTML = msg2;
  }

}

function toggleAllBoxes() {
  if (document.getElementsByTagName) {
    d = document.getElementsByTagName('div');
    for (i = 0; i < d.length; i++) {
      if (d[i].className == 'log') {
        flip(d[i]);
      }
    }
  }
}

// -->
</script>

</head>
<body>
<h2 align='center'>Smoke test for Premium user</h2><table border='1' align="center">
<tr>
<td>Tests passed/Failed/Skipped:</td><td>40/8/0</td>
</tr><tr>
<td>Started on:</td><td>Fri Sep 01 12:00:47 IST 2023</td>
</tr>
<tr><td>Total time:</td><td>586 seconds (586553 ms)</td>
</tr><tr>
<td>Included groups:</td><td>Smoke </td>
</tr><tr>
<td>Excluded groups:</td><td></td>
</tr>
</table><p/>
<small><i>(Hover the method name to see the test class name)</i></small><p/>
<table width='100%' border='1' class='invocation-failed'>
<tr><td colspan='4' align='center'><b>FAILED TESTS</b></td></tr>
<tr><td><b>Test method</b></td>
<td><b>Attribute(s)</b></td>
<td width="30%"><b>Exception</b></td>
<td width="10%"><b>Time (seconds)</b></td>
<td><b>Instance</b></td>
</tr>
<tr>
<td title='com.Digitalcodes.testcases.Title_LandingPage_Test.TC05_verifyMarkFavoriteTitle()'><b>TC05_verifyMarkFavoriteTitle</b><br>Test class: com.Digitalcodes.testcases.Title_LandingPage_Test<br>Test method: Verify user able to mark favorite & unfavorite and title should be displayed in favorites<br>Parameters: I-Codes, 2021 I-Codes, 2021 International Building Code (IBC), CHAPTER 2 DEFINITIONS, PREMIUM</td>
<td><div><pre>java.lang.AssertionError: expected [2021 International Building Code (IBC)] but found [2021 International Existing Building Code (IEBC)]
	at com.Digitalcodes.utilities.Baseclass.assertEquals(Baseclass.java:285)
	at com.Digitalcodes.testcases.Title_LandingPage_Test.TC05_verifyMarkFavoriteTitle(Title_LandingPage_Test.java:80)
	at java.base/java.util.ArrayList.forEach(ArrayList.java:1511)
... Removed 36 stack frames</pre></div><a href='#' onClick='toggleBox("stack-trace1608003630", this, "Click to show all stack frames", "Click to hide stack frames")'>Click to show all stack frames</a>
<div class='stack-trace' id='stack-trace1608003630'><pre>java.lang.AssertionError: expected [2021 International Building Code (IBC)] but found [2021 International Existing Building Code (IEBC)]
	at org.testng.Assert.fail(Assert.java:110)
	at org.testng.Assert.failNotEquals(Assert.java:1577)
	at org.testng.Assert.assertEqualsImpl(Assert.java:149)
	at org.testng.Assert.assertEquals(Assert.java:131)
	at org.testng.Assert.assertEquals(Assert.java:655)
	at org.testng.Assert.assertEquals(Assert.java:665)
	at com.Digitalcodes.utilities.Baseclass.assertEquals(Baseclass.java:285)
	at com.Digitalcodes.testcases.Title_LandingPage_Test.TC05_verifyMarkFavoriteTitle(Title_LandingPage_Test.java:80)
	at java.base/jdk.internal.reflect.NativeMethodAccessorImpl.invoke0(Native Method)
	at java.base/jdk.internal.reflect.NativeMethodAccessorImpl.invoke(NativeMethodAccessorImpl.java:77)
	at java.base/jdk.internal.reflect.DelegatingMethodAccessorImpl.invoke(DelegatingMethodAccessorImpl.java:43)
	at java.base/java.lang.reflect.Method.invoke(Method.java:568)
	at org.testng.internal.invokers.MethodInvocationHelper.invokeMethod(MethodInvocationHelper.java:139)
	at org.testng.internal.invokers.TestInvoker.invokeMethod(TestInvoker.java:677)
	at org.testng.internal.invokers.TestInvoker.invokeTestMethod(TestInvoker.java:221)
	at org.testng.internal.invokers.MethodRunner.runInSequence(MethodRunner.java:50)
	at org.testng.internal.invokers.TestInvoker$MethodInvocationAgent.invoke(TestInvoker.java:969)
	at org.testng.internal.invokers.TestInvoker.invokeTestMethods(TestInvoker.java:194)
	at org.testng.internal.invokers.TestMethodWorker.invokeTestMethods(TestMethodWorker.java:148)
	at org.testng.internal.invokers.TestMethodWorker.run(TestMethodWorker.java:128)
	at java.base/java.util.ArrayList.forEach(ArrayList.java:1511)
	at org.testng.TestRunner.privateRun(TestRunner.java:829)
	at org.testng.TestRunner.run(TestRunner.java:602)
	at org.testng.SuiteRunner.runTest(SuiteRunner.java:437)
	at org.testng.SuiteRunner.runSequentially(SuiteRunner.java:431)
	at org.testng.SuiteRunner.privateRun(SuiteRunner.java:391)
	at org.testng.SuiteRunner.run(SuiteRunner.java:330)
	at org.testng.SuiteRunnerWorker.runSuite(SuiteRunnerWorker.java:52)
	at org.testng.SuiteRunnerWorker.run(SuiteRunnerWorker.java:95)
	at org.testng.TestNG.runSuitesSequentially(TestNG.java:1256)
	at org.testng.TestNG.runSuitesLocally(TestNG.java:1176)
	at org.testng.TestNG.runSuites(TestNG.java:1099)
	at org.testng.TestNG.run(TestNG.java:1067)
	at org.apache.maven.surefire.testng.TestNGExecutor.run(TestNGExecutor.java:281)
	at org.apache.maven.surefire.testng.TestNGXmlTestSuite.execute(TestNGXmlTestSuite.java:75)
	at org.apache.maven.surefire.testng.TestNGProvider.invoke(TestNGProvider.java:121)
	at org.apache.maven.surefire.booter.ForkedBooter.invokeProviderInSameClassLoader(ForkedBooter.java:290)
	at org.apache.maven.surefire.booter.ForkedBooter.runSuitesInProcess(ForkedBooter.java:242)
	at org.apache.maven.surefire.booter.ForkedBooter.main(ForkedBooter.java:121)
</pre></div></td>
<td>17</td>
<td>com.Digitalcodes.testcases.Title_LandingPage_Test@353efdbf</td></tr>
<tr>
<td title='com.Digitalcodes.testcases.Title_SectionPage_Test.TC15_verifyDeleteNotes_FromSection()'><b>TC15_verifyDeleteNotes_FromSection</b><br>Test class: com.Digitalcodes.testcases.Title_SectionPage_Test<br>Test method: Verify user able to delete Notes from Section</td>
<td><div><pre>java.lang.AssertionError: expected [false] but found [true]
	at com.Digitalcodes.utilities.Baseclass.assertFalse(Baseclass.java:299)
	at com.Digitalcodes.testcases.Title_SectionPage_Test.TC15_verifyDeleteNotes_FromSection(Title_SectionPage_Test.java:321)
	at java.base/java.util.ArrayList.forEach(ArrayList.java:1511)
... Removed 34 stack frames</pre></div><a href='#' onClick='toggleBox("stack-trace1532539167", this, "Click to show all stack frames", "Click to hide stack frames")'>Click to show all stack frames</a>
<div class='stack-trace' id='stack-trace1532539167'><pre>java.lang.AssertionError: expected [false] but found [true]
	at org.testng.Assert.fail(Assert.java:110)
	at org.testng.Assert.failNotEquals(Assert.java:1577)
	at org.testng.Assert.assertFalse(Assert.java:78)
	at org.testng.Assert.assertFalse(Assert.java:88)
	at com.Digitalcodes.utilities.Baseclass.assertFalse(Baseclass.java:299)
	at com.Digitalcodes.testcases.Title_SectionPage_Test.TC15_verifyDeleteNotes_FromSection(Title_SectionPage_Test.java:321)
	at java.base/jdk.internal.reflect.NativeMethodAccessorImpl.invoke0(Native Method)
	at java.base/jdk.internal.reflect.NativeMethodAccessorImpl.invoke(NativeMethodAccessorImpl.java:77)
	at java.base/jdk.internal.reflect.DelegatingMethodAccessorImpl.invoke(DelegatingMethodAccessorImpl.java:43)
	at java.base/java.lang.reflect.Method.invoke(Method.java:568)
	at org.testng.internal.invokers.MethodInvocationHelper.invokeMethod(MethodInvocationHelper.java:139)
	at org.testng.internal.invokers.TestInvoker.invokeMethod(TestInvoker.java:677)
	at org.testng.internal.invokers.TestInvoker.invokeTestMethod(TestInvoker.java:221)
	at org.testng.internal.invokers.MethodRunner.runInSequence(MethodRunner.java:50)
	at org.testng.internal.invokers.TestInvoker$MethodInvocationAgent.invoke(TestInvoker.java:969)
	at org.testng.internal.invokers.TestInvoker.invokeTestMethods(TestInvoker.java:194)
	at org.testng.internal.invokers.TestMethodWorker.invokeTestMethods(TestMethodWorker.java:148)
	at org.testng.internal.invokers.TestMethodWorker.run(TestMethodWorker.java:128)
	at java.base/java.util.ArrayList.forEach(ArrayList.java:1511)
	at org.testng.TestRunner.privateRun(TestRunner.java:829)
	at org.testng.TestRunner.run(TestRunner.java:602)
	at org.testng.SuiteRunner.runTest(SuiteRunner.java:437)
	at org.testng.SuiteRunner.runSequentially(SuiteRunner.java:431)
	at org.testng.SuiteRunner.privateRun(SuiteRunner.java:391)
	at org.testng.SuiteRunner.run(SuiteRunner.java:330)
	at org.testng.SuiteRunnerWorker.runSuite(SuiteRunnerWorker.java:52)
	at org.testng.SuiteRunnerWorker.run(SuiteRunnerWorker.java:95)
	at org.testng.TestNG.runSuitesSequentially(TestNG.java:1256)
	at org.testng.TestNG.runSuitesLocally(TestNG.java:1176)
	at org.testng.TestNG.runSuites(TestNG.java:1099)
	at org.testng.TestNG.run(TestNG.java:1067)
	at org.apache.maven.surefire.testng.TestNGExecutor.run(TestNGExecutor.java:281)
	at org.apache.maven.surefire.testng.TestNGXmlTestSuite.execute(TestNGXmlTestSuite.java:75)
	at org.apache.maven.surefire.testng.TestNGProvider.invoke(TestNGProvider.java:121)
	at org.apache.maven.surefire.booter.ForkedBooter.invokeProviderInSameClassLoader(ForkedBooter.java:290)
	at org.apache.maven.surefire.booter.ForkedBooter.runSuitesInProcess(ForkedBooter.java:242)
	at org.apache.maven.surefire.booter.ForkedBooter.main(ForkedBooter.java:121)
</pre></div></td>
<td>7</td>
<td>com.Digitalcodes.testcases.Title_SectionPage_Test@293cde83</td></tr>
<tr>
<td title='com.Digitalcodes.testcases.TableOfContent_Test.TC07_verifyMyNotes_FromTOC()'><b>TC07_verifyMyNotes_FromTOC</b><br>Test class: com.Digitalcodes.testcases.TableOfContent_Test<br>Test method: Verify my notes From Table Of Content when user have no any notes <br>Parameters: I-Codes, 2021 I-Codes, 2021 International Building Code (IBC), CHAPTER 2 DEFINITIONS, PREMIUM</td>
<td><div><pre>java.lang.AssertionError: expected [No data available] but found [Default]
	at com.Digitalcodes.utilities.Baseclass.assertEquals(Baseclass.java:285)
	at com.Digitalcodes.testcases.TableOfContent_Test.TC07_verifyMyNotes_FromTOC(TableOfContent_Test.java:45)
	at java.base/java.util.ArrayList.forEach(ArrayList.java:1511)
... Removed 36 stack frames</pre></div><a href='#' onClick='toggleBox("stack-trace884358639", this, "Click to show all stack frames", "Click to hide stack frames")'>Click to show all stack frames</a>
<div class='stack-trace' id='stack-trace884358639'><pre>java.lang.AssertionError: expected [No data available] but found [Default]
	at org.testng.Assert.fail(Assert.java:110)
	at org.testng.Assert.failNotEquals(Assert.java:1577)
	at org.testng.Assert.assertEqualsImpl(Assert.java:149)
	at org.testng.Assert.assertEquals(Assert.java:131)
	at org.testng.Assert.assertEquals(Assert.java:655)
	at org.testng.Assert.assertEquals(Assert.java:665)
	at com.Digitalcodes.utilities.Baseclass.assertEquals(Baseclass.java:285)
	at com.Digitalcodes.testcases.TableOfContent_Test.TC07_verifyMyNotes_FromTOC(TableOfContent_Test.java:45)
	at java.base/jdk.internal.reflect.NativeMethodAccessorImpl.invoke0(Native Method)
	at java.base/jdk.internal.reflect.NativeMethodAccessorImpl.invoke(NativeMethodAccessorImpl.java:77)
	at java.base/jdk.internal.reflect.DelegatingMethodAccessorImpl.invoke(DelegatingMethodAccessorImpl.java:43)
	at java.base/java.lang.reflect.Method.invoke(Method.java:568)
	at org.testng.internal.invokers.MethodInvocationHelper.invokeMethod(MethodInvocationHelper.java:139)
	at org.testng.internal.invokers.TestInvoker.invokeMethod(TestInvoker.java:677)
	at org.testng.internal.invokers.TestInvoker.invokeTestMethod(TestInvoker.java:221)
	at org.testng.internal.invokers.MethodRunner.runInSequence(MethodRunner.java:50)
	at org.testng.internal.invokers.TestInvoker$MethodInvocationAgent.invoke(TestInvoker.java:969)
	at org.testng.internal.invokers.TestInvoker.invokeTestMethods(TestInvoker.java:194)
	at org.testng.internal.invokers.TestMethodWorker.invokeTestMethods(TestMethodWorker.java:148)
	at org.testng.internal.invokers.TestMethodWorker.run(TestMethodWorker.java:128)
	at java.base/java.util.ArrayList.forEach(ArrayList.java:1511)
	at org.testng.TestRunner.privateRun(TestRunner.java:829)
	at org.testng.TestRunner.run(TestRunner.java:602)
	at org.testng.SuiteRunner.runTest(SuiteRunner.java:437)
	at org.testng.SuiteRunner.runSequentially(SuiteRunner.java:431)
	at org.testng.SuiteRunner.privateRun(SuiteRunner.java:391)
	at org.testng.SuiteRunner.run(SuiteRunner.java:330)
	at org.testng.SuiteRunnerWorker.runSuite(SuiteRunnerWorker.java:52)
	at org.testng.SuiteRunnerWorker.run(SuiteRunnerWorker.java:95)
	at org.testng.TestNG.runSuitesSequentially(TestNG.java:1256)
	at org.testng.TestNG.runSuitesLocally(TestNG.java:1176)
	at org.testng.TestNG.runSuites(TestNG.java:1099)
	at org.testng.TestNG.run(TestNG.java:1067)
	at org.apache.maven.surefire.testng.TestNGExecutor.run(TestNGExecutor.java:281)
	at org.apache.maven.surefire.testng.TestNGXmlTestSuite.execute(TestNGXmlTestSuite.java:75)
	at org.apache.maven.surefire.testng.TestNGProvider.invoke(TestNGProvider.java:121)
	at org.apache.maven.surefire.booter.ForkedBooter.invokeProviderInSameClassLoader(ForkedBooter.java:290)
	at org.apache.maven.surefire.booter.ForkedBooter.runSuitesInProcess(ForkedBooter.java:242)
	at org.apache.maven.surefire.booter.ForkedBooter.main(ForkedBooter.java:121)
</pre></div></td>
<td>13</td>
<td>com.Digitalcodes.testcases.TableOfContent_Test@55cff952</td></tr>
<tr>
<td title='com.Digitalcodes.testcases.ContentSearch_Test.TC49_verifyCreateBookmark()'><b>TC49_verifyCreateBookmark</b><br>Test class: com.Digitalcodes.testcases.ContentSearch_Test<br>Test method: verify user able to Create Bookmark from Content search</td>
<td><div><pre>java.lang.Exception: Chapter name 1206.1 Relocated buildings . Or Description User create Bookmark is Not Matched in My Notes and Bookmark
	at com.Digitalcodes.pageobject.MenuMyNotesandBookmark_Page.verifyChapterName_Decription(MenuMyNotesandBookmark_Page.java:82)
	at com.Digitalcodes.testcases.ContentSearch_Test.TC49_verifyCreateBookmark(ContentSearch_Test.java:276)
	at java.base/java.util.ArrayList.forEach(ArrayList.java:1511)
... Removed 30 stack frames</pre></div><a href='#' onClick='toggleBox("stack-trace59303473", this, "Click to show all stack frames", "Click to hide stack frames")'>Click to show all stack frames</a>
<div class='stack-trace' id='stack-trace59303473'><pre>java.lang.Exception: Chapter name 1206.1 Relocated buildings . Or Description User create Bookmark is Not Matched in My Notes and Bookmark
	at com.Digitalcodes.pageobject.MenuMyNotesandBookmark_Page.verifyChapterName_Decription(MenuMyNotesandBookmark_Page.java:82)
	at com.Digitalcodes.testcases.ContentSearch_Test.TC49_verifyCreateBookmark(ContentSearch_Test.java:276)
	at java.base/jdk.internal.reflect.NativeMethodAccessorImpl.invoke0(Native Method)
	at java.base/jdk.internal.reflect.NativeMethodAccessorImpl.invoke(NativeMethodAccessorImpl.java:77)
	at java.base/jdk.internal.reflect.DelegatingMethodAccessorImpl.invoke(DelegatingMethodAccessorImpl.java:43)
	at java.base/java.lang.reflect.Method.invoke(Method.java:568)
	at org.testng.internal.invokers.MethodInvocationHelper.invokeMethod(MethodInvocationHelper.java:139)
	at org.testng.internal.invokers.TestInvoker.invokeMethod(TestInvoker.java:677)
	at org.testng.internal.invokers.TestInvoker.invokeTestMethod(TestInvoker.java:221)
	at org.testng.internal.invokers.MethodRunner.runInSequence(MethodRunner.java:50)
	at org.testng.internal.invokers.TestInvoker$MethodInvocationAgent.invoke(TestInvoker.java:969)
	at org.testng.internal.invokers.TestInvoker.invokeTestMethods(TestInvoker.java:194)
	at org.testng.internal.invokers.TestMethodWorker.invokeTestMethods(TestMethodWorker.java:148)
	at org.testng.internal.invokers.TestMethodWorker.run(TestMethodWorker.java:128)
	at java.base/java.util.ArrayList.forEach(ArrayList.java:1511)
	at org.testng.TestRunner.privateRun(TestRunner.java:829)
	at org.testng.TestRunner.run(TestRunner.java:602)
	at org.testng.SuiteRunner.runTest(SuiteRunner.java:437)
	at org.testng.SuiteRunner.runSequentially(SuiteRunner.java:431)
	at org.testng.SuiteRunner.privateRun(SuiteRunner.java:391)
	at org.testng.SuiteRunner.run(SuiteRunner.java:330)
	at org.testng.SuiteRunnerWorker.runSuite(SuiteRunnerWorker.java:52)
	at org.testng.SuiteRunnerWorker.run(SuiteRunnerWorker.java:95)
	at org.testng.TestNG.runSuitesSequentially(TestNG.java:1256)
	at org.testng.TestNG.runSuitesLocally(TestNG.java:1176)
	at org.testng.TestNG.runSuites(TestNG.java:1099)
	at org.testng.TestNG.run(TestNG.java:1067)
	at org.apache.maven.surefire.testng.TestNGExecutor.run(TestNGExecutor.java:281)
	at org.apache.maven.surefire.testng.TestNGXmlTestSuite.execute(TestNGXmlTestSuite.java:75)
	at org.apache.maven.surefire.testng.TestNGProvider.invoke(TestNGProvider.java:121)
	at org.apache.maven.surefire.booter.ForkedBooter.invokeProviderInSameClassLoader(ForkedBooter.java:290)
	at org.apache.maven.surefire.booter.ForkedBooter.runSuitesInProcess(ForkedBooter.java:242)
	at org.apache.maven.surefire.booter.ForkedBooter.main(ForkedBooter.java:121)
</pre></div></td>
<td>16</td>
<td>com.Digitalcodes.testcases.ContentSearch_Test@1603dc2f</td></tr>
<tr>
<td title='com.Digitalcodes.testcases.Title_Collection_Test.TC34_verifyRecentlyAddedTitle_Collection()'><b>TC34_verifyRecentlyAddedTitle_Collection</b><br>Test class: com.Digitalcodes.testcases.Title_Collection_Test<br>Test method: Verify user able to Navigate to Recently Added titles of Collection</td>
<td><div><pre>java.lang.ArrayIndexOutOfBoundsException: Index 1 out of bounds for length 1
	at com.Digitalcodes.pageobject.TitleLanding_Page.getTagNameFromCategory(TitleLanding_Page.java:175)
	at com.Digitalcodes.testcases.Title_Collection_Test.TC34_verifyRecentlyAddedTitle_Collection(Title_Collection_Test.java:291)
	at java.base/java.util.ArrayList.forEach(ArrayList.java:1511)
... Removed 30 stack frames</pre></div><a href='#' onClick='toggleBox("stack-trace969409298", this, "Click to show all stack frames", "Click to hide stack frames")'>Click to show all stack frames</a>
<div class='stack-trace' id='stack-trace969409298'><pre>java.lang.ArrayIndexOutOfBoundsException: Index 1 out of bounds for length 1
	at com.Digitalcodes.pageobject.TitleLanding_Page.getTagNameFromCategory(TitleLanding_Page.java:175)
	at com.Digitalcodes.testcases.Title_Collection_Test.TC34_verifyRecentlyAddedTitle_Collection(Title_Collection_Test.java:291)
	at java.base/jdk.internal.reflect.NativeMethodAccessorImpl.invoke0(Native Method)
	at java.base/jdk.internal.reflect.NativeMethodAccessorImpl.invoke(NativeMethodAccessorImpl.java:77)
	at java.base/jdk.internal.reflect.DelegatingMethodAccessorImpl.invoke(DelegatingMethodAccessorImpl.java:43)
	at java.base/java.lang.reflect.Method.invoke(Method.java:568)
	at org.testng.internal.invokers.MethodInvocationHelper.invokeMethod(MethodInvocationHelper.java:139)
	at org.testng.internal.invokers.TestInvoker.invokeMethod(TestInvoker.java:677)
	at org.testng.internal.invokers.TestInvoker.invokeTestMethod(TestInvoker.java:221)
	at org.testng.internal.invokers.MethodRunner.runInSequence(MethodRunner.java:50)
	at org.testng.internal.invokers.TestInvoker$MethodInvocationAgent.invoke(TestInvoker.java:969)
	at org.testng.internal.invokers.TestInvoker.invokeTestMethods(TestInvoker.java:194)
	at org.testng.internal.invokers.TestMethodWorker.invokeTestMethods(TestMethodWorker.java:148)
	at org.testng.internal.invokers.TestMethodWorker.run(TestMethodWorker.java:128)
	at java.base/java.util.ArrayList.forEach(ArrayList.java:1511)
	at org.testng.TestRunner.privateRun(TestRunner.java:829)
	at org.testng.TestRunner.run(TestRunner.java:602)
	at org.testng.SuiteRunner.runTest(SuiteRunner.java:437)
	at org.testng.SuiteRunner.runSequentially(SuiteRunner.java:431)
	at org.testng.SuiteRunner.privateRun(SuiteRunner.java:391)
	at org.testng.SuiteRunner.run(SuiteRunner.java:330)
	at org.testng.SuiteRunnerWorker.runSuite(SuiteRunnerWorker.java:52)
	at org.testng.SuiteRunnerWorker.run(SuiteRunnerWorker.java:95)
	at org.testng.TestNG.runSuitesSequentially(TestNG.java:1256)
	at org.testng.TestNG.runSuitesLocally(TestNG.java:1176)
	at org.testng.TestNG.runSuites(TestNG.java:1099)
	at org.testng.TestNG.run(TestNG.java:1067)
	at org.apache.maven.surefire.testng.TestNGExecutor.run(TestNGExecutor.java:281)
	at org.apache.maven.surefire.testng.TestNGXmlTestSuite.execute(TestNGXmlTestSuite.java:75)
	at org.apache.maven.surefire.testng.TestNGProvider.invoke(TestNGProvider.java:121)
	at org.apache.maven.surefire.booter.ForkedBooter.invokeProviderInSameClassLoader(ForkedBooter.java:290)
	at org.apache.maven.surefire.booter.ForkedBooter.runSuitesInProcess(ForkedBooter.java:242)
	at org.apache.maven.surefire.booter.ForkedBooter.main(ForkedBooter.java:121)
</pre></div></td>
<td>2</td>
<td>com.Digitalcodes.testcases.Title_Collection_Test@c27d163</td></tr>
<tr>
<td title='com.Digitalcodes.testcases.ContentSearch_Test.TC52_verifyNearSearch()'><b>TC52_verifyNearSearch</b><br>Test class: com.Digitalcodes.testcases.ContentSearch_Test<br>Test method: verify near search in Advance Term Search from Content search<br>Parameters: fire, mall</td>
<td><div><pre>org.openqa.selenium.ElementClickInterceptedException: element click intercepted: Element &lt;button type=&quot;button&quot; class=&quot;v-btn v-btn--flat v-btn--text theme--light v-size--default primary--text&quot; role=&quot;button&quot; aria-haspopup=&quot;true&quot; aria-expanded=&quot;false&quot;&gt;...&lt;/button&gt; is not clickable at point (885, 19). Other element would receive the click: &lt;input autocomplete=&quot;off&quot; id=&quot;txt_search&quot; type=&quot;text&quot;&gt;
  (Session info: chrome=116.0.5845.141)
Build info: version: &apos;4.11.0&apos;, revision: &apos;040bc5406b&apos;
System info: os.name: &apos;Windows 10&apos;, os.arch: &apos;amd64&apos;, os.version: &apos;10.0&apos;, java.version: &apos;17.0.5&apos;
Driver info: org.openqa.selenium.chrome.ChromeDriver
Command: [923a50b60391ced9ef54c5b46d6c419d, clickElement {id=4CBE8417C95C51F40F9B474BC45542DD_element_8161}]
Capabilities {acceptInsecureCerts: false, browserName: chrome, browserVersion: 116.0.5845.141, chrome: {chromedriverVersion: 116.0.5845.96 (1a3918166880..., userDataDir: C:\Users\VRUSHA~1\AppData\L...}, fedcm:accounts: true, goog:chromeOptions: {debuggerAddress: localhost:61255}, networkConnectionEnabled: false, pageLoadStrategy: normal, platformName: windows, proxy: Proxy(), se:cdp: ws://localhost:61255/devtoo..., se:cdpVersion: 116.0.5845.141, setWindowRect: true, strictFileInteractability: false, timeouts: {implicit: 0, pageLoad: 300000, script: 30000}, unhandledPromptBehavior: dismiss and notify, webauthn:extension:credBlob: true, webauthn:extension:largeBlob: true, webauthn:extension:minPinLength: true, webauthn:extension:prf: true, webauthn:virtualAuthenticators: true}
Element: [[ChromeDriver: chrome on windows (923a50b60391ced9ef54c5b46d6c419d)] -&gt; css selector: button[role=&apos;button&apos;]]
Session ID: 923a50b60391ced9ef54c5b46d6c419d
	at org.openqa.selenium.remote.codec.w3c.W3CHttpResponseCodec.createException(W3CHttpResponseCodec.java:200)
	at org.openqa.selenium.remote.codec.w3c.W3CHttpResponseCodec.decode(W3CHttpResponseCodec.java:133)
	at org.openqa.selenium.remote.codec.w3c.W3CHttpResponseCodec.decode(W3CHttpResponseCodec.java:52)
	at org.openqa.selenium.remote.HttpCommandExecutor.execute(HttpCommandExecutor.java:191)
	at org.openqa.selenium.remote.service.DriverCommandExecutor.invokeExecute(DriverCommandExecutor.java:196)
	at org.openqa.selenium.remote.service.DriverCommandExecutor.execute(DriverCommandExecutor.java:171)
	at org.openqa.selenium.remote.RemoteWebDriver.execute(RemoteWebDriver.java:518)
	at org.openqa.selenium.remote.RemoteWebElement.execute(RemoteWebElement.java:224)
	at org.openqa.selenium.remote.RemoteWebElement.click(RemoteWebElement.java:77)
	at org.openqa.selenium.support.pagefactory.internal.LocatingElementHandler.invoke(LocatingElementHandler.java:51)
	at jdk.proxy2/jdk.proxy2.$Proxy22.click(Unknown Source)
	at com.Digitalcodes.utilities.Baseclass.click(Baseclass.java:248)
	at com.Digitalcodes.pageobject.ContentSearch_Page.clickAdvanceTermSearch(ContentSearch_Page.java:381)
	at com.Digitalcodes.testcases.ContentSearch_Test.TC52_verifyNearSearch(ContentSearch_Test.java:367)
	at java.base/java.util.ArrayList.forEach(ArrayList.java:1511)
... Removed 38 stack frames</pre></div><a href='#' onClick='toggleBox("stack-trace1363115556", this, "Click to show all stack frames", "Click to hide stack frames")'>Click to show all stack frames</a>
<div class='stack-trace' id='stack-trace1363115556'><pre>org.openqa.selenium.ElementClickInterceptedException: element click intercepted: Element &lt;button type=&quot;button&quot; class=&quot;v-btn v-btn--flat v-btn--text theme--light v-size--default primary--text&quot; role=&quot;button&quot; aria-haspopup=&quot;true&quot; aria-expanded=&quot;false&quot;&gt;...&lt;/button&gt; is not clickable at point (885, 19). Other element would receive the click: &lt;input autocomplete=&quot;off&quot; id=&quot;txt_search&quot; type=&quot;text&quot;&gt;
  (Session info: chrome=116.0.5845.141)
Build info: version: &apos;4.11.0&apos;, revision: &apos;040bc5406b&apos;
System info: os.name: &apos;Windows 10&apos;, os.arch: &apos;amd64&apos;, os.version: &apos;10.0&apos;, java.version: &apos;17.0.5&apos;
Driver info: org.openqa.selenium.chrome.ChromeDriver
Command: [923a50b60391ced9ef54c5b46d6c419d, clickElement {id=4CBE8417C95C51F40F9B474BC45542DD_element_8161}]
Capabilities {acceptInsecureCerts: false, browserName: chrome, browserVersion: 116.0.5845.141, chrome: {chromedriverVersion: 116.0.5845.96 (1a3918166880..., userDataDir: C:\Users\VRUSHA~1\AppData\L...}, fedcm:accounts: true, goog:chromeOptions: {debuggerAddress: localhost:61255}, networkConnectionEnabled: false, pageLoadStrategy: normal, platformName: windows, proxy: Proxy(), se:cdp: ws://localhost:61255/devtoo..., se:cdpVersion: 116.0.5845.141, setWindowRect: true, strictFileInteractability: false, timeouts: {implicit: 0, pageLoad: 300000, script: 30000}, unhandledPromptBehavior: dismiss and notify, webauthn:extension:credBlob: true, webauthn:extension:largeBlob: true, webauthn:extension:minPinLength: true, webauthn:extension:prf: true, webauthn:virtualAuthenticators: true}
Element: [[ChromeDriver: chrome on windows (923a50b60391ced9ef54c5b46d6c419d)] -&gt; css selector: button[role=&apos;button&apos;]]
Session ID: 923a50b60391ced9ef54c5b46d6c419d
	at java.base/jdk.internal.reflect.NativeConstructorAccessorImpl.newInstance0(Native Method)
	at java.base/jdk.internal.reflect.NativeConstructorAccessorImpl.newInstance(NativeConstructorAccessorImpl.java:77)
	at java.base/jdk.internal.reflect.DelegatingConstructorAccessorImpl.newInstance(DelegatingConstructorAccessorImpl.java:45)
	at java.base/java.lang.reflect.Constructor.newInstanceWithCaller(Constructor.java:499)
	at java.base/java.lang.reflect.Constructor.newInstance(Constructor.java:480)
	at org.openqa.selenium.remote.codec.w3c.W3CHttpResponseCodec.createException(W3CHttpResponseCodec.java:200)
	at org.openqa.selenium.remote.codec.w3c.W3CHttpResponseCodec.decode(W3CHttpResponseCodec.java:133)
	at org.openqa.selenium.remote.codec.w3c.W3CHttpResponseCodec.decode(W3CHttpResponseCodec.java:52)
	at org.openqa.selenium.remote.HttpCommandExecutor.execute(HttpCommandExecutor.java:191)
	at org.openqa.selenium.remote.service.DriverCommandExecutor.invokeExecute(DriverCommandExecutor.java:196)
	at org.openqa.selenium.remote.service.DriverCommandExecutor.execute(DriverCommandExecutor.java:171)
	at org.openqa.selenium.remote.RemoteWebDriver.execute(RemoteWebDriver.java:518)
	at org.openqa.selenium.remote.RemoteWebElement.execute(RemoteWebElement.java:224)
	at org.openqa.selenium.remote.RemoteWebElement.click(RemoteWebElement.java:77)
	at jdk.internal.reflect.GeneratedMethodAccessor59.invoke(Unknown Source)
	at java.base/jdk.internal.reflect.DelegatingMethodAccessorImpl.invoke(DelegatingMethodAccessorImpl.java:43)
	at java.base/java.lang.reflect.Method.invoke(Method.java:568)
	at org.openqa.selenium.support.pagefactory.internal.LocatingElementHandler.invoke(LocatingElementHandler.java:51)
	at jdk.proxy2/jdk.proxy2.$Proxy22.click(Unknown Source)
	at com.Digitalcodes.utilities.Baseclass.click(Baseclass.java:248)
	at com.Digitalcodes.pageobject.ContentSearch_Page.clickAdvanceTermSearch(ContentSearch_Page.java:381)
	at com.Digitalcodes.testcases.ContentSearch_Test.TC52_verifyNearSearch(ContentSearch_Test.java:367)
	at java.base/jdk.internal.reflect.NativeMethodAccessorImpl.invoke0(Native Method)
	at java.base/jdk.internal.reflect.NativeMethodAccessorImpl.invoke(NativeMethodAccessorImpl.java:77)
	at java.base/jdk.internal.reflect.DelegatingMethodAccessorImpl.invoke(DelegatingMethodAccessorImpl.java:43)
	at java.base/java.lang.reflect.Method.invoke(Method.java:568)
	at org.testng.internal.invokers.MethodInvocationHelper.invokeMethod(MethodInvocationHelper.java:139)
	at org.testng.internal.invokers.TestInvoker.invokeMethod(TestInvoker.java:677)
	at org.testng.internal.invokers.TestInvoker.invokeTestMethod(TestInvoker.java:221)
	at org.testng.internal.invokers.MethodRunner.runInSequence(MethodRunner.java:50)
	at org.testng.internal.invokers.TestInvoker$MethodInvocationAgent.invoke(TestInvoker.java:969)
	at org.testng.internal.invokers.TestInvoker.invokeTestMethods(TestInvoker.java:194)
	at org.testng.internal.invokers.TestMethodWorker.invokeTestMethods(TestMethodWorker.java:148)
	at org.testng.internal.invokers.TestMethodWorker.run(TestMethodWorker.java:128)
	at java.base/java.util.ArrayList.forEach(ArrayList.java:1511)
	at org.testng.TestRunner.privateRun(TestRunner.java:829)
	at org.testng.TestRunner.run(TestRunner.java:602)
	at org.testng.SuiteRunner.runTest(SuiteRunner.java:437)
	at org.testng.SuiteRunner.runSequentially(SuiteRunner.java:431)
	at org.testng.SuiteRunner.privateRun(SuiteRunner.java:391)
	at org.testng.SuiteRunner.run(SuiteRunner.java:330)
	at org.testng.SuiteRunnerWorker.runSuite(SuiteRunnerWorker.java:52)
	at org.testng.SuiteRunnerWorker.run(SuiteRunnerWorker.java:95)
	at org.testng.TestNG.runSuitesSequentially(TestNG.java:1256)
	at org.testng.TestNG.runSuitesLocally(TestNG.java:1176)
	at org.testng.TestNG.runSuites(TestNG.java:1099)
	at org.testng.TestNG.run(TestNG.java:1067)
	at org.apache.maven.surefire.testng.TestNGExecutor.run(TestNGExecutor.java:281)
	at org.apache.maven.surefire.testng.TestNGXmlTestSuite.execute(TestNGXmlTestSuite.java:75)
	at org.apache.maven.surefire.testng.TestNGProvider.invoke(TestNGProvider.java:121)
	at org.apache.maven.surefire.booter.ForkedBooter.invokeProviderInSameClassLoader(ForkedBooter.java:290)
	at org.apache.maven.surefire.booter.ForkedBooter.runSuitesInProcess(ForkedBooter.java:242)
	at org.apache.maven.surefire.booter.ForkedBooter.main(ForkedBooter.java:121)
</pre></div></td>
<td>3</td>
<td>com.Digitalcodes.testcases.ContentSearch_Test@1603dc2f</td></tr>
<tr>
<td title='com.Digitalcodes.testcases.Title_SectionPage_Test.TC18_verifyDeleteBookmark_FromSection()'><b>TC18_verifyDeleteBookmark_FromSection</b><br>Test class: com.Digitalcodes.testcases.Title_SectionPage_Test<br>Test method: Verify user able to Delete Bookmark from Section</td>
<td><div><pre>java.lang.AssertionError: expected [false] but found [true]
	at com.Digitalcodes.utilities.Baseclass.assertFalse(Baseclass.java:299)
	at com.Digitalcodes.testcases.Title_SectionPage_Test.TC18_verifyDeleteBookmark_FromSection(Title_SectionPage_Test.java:412)
	at java.base/java.util.ArrayList.forEach(ArrayList.java:1511)
... Removed 34 stack frames</pre></div><a href='#' onClick='toggleBox("stack-trace1403606852", this, "Click to show all stack frames", "Click to hide stack frames")'>Click to show all stack frames</a>
<div class='stack-trace' id='stack-trace1403606852'><pre>java.lang.AssertionError: expected [false] but found [true]
	at org.testng.Assert.fail(Assert.java:110)
	at org.testng.Assert.failNotEquals(Assert.java:1577)
	at org.testng.Assert.assertFalse(Assert.java:78)
	at org.testng.Assert.assertFalse(Assert.java:88)
	at com.Digitalcodes.utilities.Baseclass.assertFalse(Baseclass.java:299)
	at com.Digitalcodes.testcases.Title_SectionPage_Test.TC18_verifyDeleteBookmark_FromSection(Title_SectionPage_Test.java:412)
	at java.base/jdk.internal.reflect.NativeMethodAccessorImpl.invoke0(Native Method)
	at java.base/jdk.internal.reflect.NativeMethodAccessorImpl.invoke(NativeMethodAccessorImpl.java:77)
	at java.base/jdk.internal.reflect.DelegatingMethodAccessorImpl.invoke(DelegatingMethodAccessorImpl.java:43)
	at java.base/java.lang.reflect.Method.invoke(Method.java:568)
	at org.testng.internal.invokers.MethodInvocationHelper.invokeMethod(MethodInvocationHelper.java:139)
	at org.testng.internal.invokers.TestInvoker.invokeMethod(TestInvoker.java:677)
	at org.testng.internal.invokers.TestInvoker.invokeTestMethod(TestInvoker.java:221)
	at org.testng.internal.invokers.MethodRunner.runInSequence(MethodRunner.java:50)
	at org.testng.internal.invokers.TestInvoker$MethodInvocationAgent.invoke(TestInvoker.java:969)
	at org.testng.internal.invokers.TestInvoker.invokeTestMethods(TestInvoker.java:194)
	at org.testng.internal.invokers.TestMethodWorker.invokeTestMethods(TestMethodWorker.java:148)
	at org.testng.internal.invokers.TestMethodWorker.run(TestMethodWorker.java:128)
	at java.base/java.util.ArrayList.forEach(ArrayList.java:1511)
	at org.testng.TestRunner.privateRun(TestRunner.java:829)
	at org.testng.TestRunner.run(TestRunner.java:602)
	at org.testng.SuiteRunner.runTest(SuiteRunner.java:437)
	at org.testng.SuiteRunner.runSequentially(SuiteRunner.java:431)
	at org.testng.SuiteRunner.privateRun(SuiteRunner.java:391)
	at org.testng.SuiteRunner.run(SuiteRunner.java:330)
	at org.testng.SuiteRunnerWorker.runSuite(SuiteRunnerWorker.java:52)
	at org.testng.SuiteRunnerWorker.run(SuiteRunnerWorker.java:95)
	at org.testng.TestNG.runSuitesSequentially(TestNG.java:1256)
	at org.testng.TestNG.runSuitesLocally(TestNG.java:1176)
	at org.testng.TestNG.runSuites(TestNG.java:1099)
	at org.testng.TestNG.run(TestNG.java:1067)
	at org.apache.maven.surefire.testng.TestNGExecutor.run(TestNGExecutor.java:281)
	at org.apache.maven.surefire.testng.TestNGXmlTestSuite.execute(TestNGXmlTestSuite.java:75)
	at org.apache.maven.surefire.testng.TestNGProvider.invoke(TestNGProvider.java:121)
	at org.apache.maven.surefire.booter.ForkedBooter.invokeProviderInSameClassLoader(ForkedBooter.java:290)
	at org.apache.maven.surefire.booter.ForkedBooter.runSuitesInProcess(ForkedBooter.java:242)
	at org.apache.maven.surefire.booter.ForkedBooter.main(ForkedBooter.java:121)
</pre></div></td>
<td>7</td>
<td>com.Digitalcodes.testcases.Title_SectionPage_Test@293cde83</td></tr>
<tr>
<td title='com.Digitalcodes.testcases.ContentSearch_Test.TC51_verifyAdvanceTermSearch()'><b>TC51_verifyAdvanceTermSearch</b><br>Test class: com.Digitalcodes.testcases.ContentSearch_Test<br>Test method: verify Advance Term Search from Content search<br>Parameters: Buildings, area, brick, cement</td>
<td><div><pre>org.openqa.selenium.ElementClickInterceptedException: element click intercepted: Element &lt;button type=&quot;button&quot; class=&quot;v-btn v-btn--flat v-btn--text theme--light v-size--default primary--text&quot; role=&quot;button&quot; aria-haspopup=&quot;true&quot; aria-expanded=&quot;false&quot;&gt;...&lt;/button&gt; is not clickable at point (388, 19). Other element would receive the click: &lt;input autocomplete=&quot;off&quot; id=&quot;txt_search&quot; type=&quot;text&quot;&gt;
  (Session info: chrome=116.0.5845.141)
Build info: version: &apos;4.11.0&apos;, revision: &apos;040bc5406b&apos;
System info: os.name: &apos;Windows 10&apos;, os.arch: &apos;amd64&apos;, os.version: &apos;10.0&apos;, java.version: &apos;17.0.5&apos;
Driver info: org.openqa.selenium.chrome.ChromeDriver
Command: [923a50b60391ced9ef54c5b46d6c419d, clickElement {id=4CBE8417C95C51F40F9B474BC45542DD_element_8161}]
Capabilities {acceptInsecureCerts: false, browserName: chrome, browserVersion: 116.0.5845.141, chrome: {chromedriverVersion: 116.0.5845.96 (1a3918166880..., userDataDir: C:\Users\VRUSHA~1\AppData\L...}, fedcm:accounts: true, goog:chromeOptions: {debuggerAddress: localhost:61255}, networkConnectionEnabled: false, pageLoadStrategy: normal, platformName: windows, proxy: Proxy(), se:cdp: ws://localhost:61255/devtoo..., se:cdpVersion: 116.0.5845.141, setWindowRect: true, strictFileInteractability: false, timeouts: {implicit: 0, pageLoad: 300000, script: 30000}, unhandledPromptBehavior: dismiss and notify, webauthn:extension:credBlob: true, webauthn:extension:largeBlob: true, webauthn:extension:minPinLength: true, webauthn:extension:prf: true, webauthn:virtualAuthenticators: true}
Element: [[ChromeDriver: chrome on windows (923a50b60391ced9ef54c5b46d6c419d)] -&gt; css selector: button[role=&apos;button&apos;]]
Session ID: 923a50b60391ced9ef54c5b46d6c419d
	at org.openqa.selenium.remote.codec.w3c.W3CHttpResponseCodec.createException(W3CHttpResponseCodec.java:200)
	at org.openqa.selenium.remote.codec.w3c.W3CHttpResponseCodec.decode(W3CHttpResponseCodec.java:133)
	at org.openqa.selenium.remote.codec.w3c.W3CHttpResponseCodec.decode(W3CHttpResponseCodec.java:52)
	at org.openqa.selenium.remote.HttpCommandExecutor.execute(HttpCommandExecutor.java:191)
	at org.openqa.selenium.remote.service.DriverCommandExecutor.invokeExecute(DriverCommandExecutor.java:196)
	at org.openqa.selenium.remote.service.DriverCommandExecutor.execute(DriverCommandExecutor.java:171)
	at org.openqa.selenium.remote.RemoteWebDriver.execute(RemoteWebDriver.java:518)
	at org.openqa.selenium.remote.RemoteWebElement.execute(RemoteWebElement.java:224)
	at org.openqa.selenium.remote.RemoteWebElement.click(RemoteWebElement.java:77)
	at org.openqa.selenium.support.pagefactory.internal.LocatingElementHandler.invoke(LocatingElementHandler.java:51)
	at jdk.proxy2/jdk.proxy2.$Proxy22.click(Unknown Source)
	at com.Digitalcodes.utilities.Baseclass.click(Baseclass.java:248)
	at com.Digitalcodes.pageobject.ContentSearch_Page.clickAdvanceTermSearch(ContentSearch_Page.java:381)
	at com.Digitalcodes.testcases.ContentSearch_Test.TC51_verifyAdvanceTermSearch(ContentSearch_Test.java:344)
	at java.base/java.util.ArrayList.forEach(ArrayList.java:1511)
... Removed 38 stack frames</pre></div><a href='#' onClick='toggleBox("stack-trace1220754750", this, "Click to show all stack frames", "Click to hide stack frames")'>Click to show all stack frames</a>
<div class='stack-trace' id='stack-trace1220754750'><pre>org.openqa.selenium.ElementClickInterceptedException: element click intercepted: Element &lt;button type=&quot;button&quot; class=&quot;v-btn v-btn--flat v-btn--text theme--light v-size--default primary--text&quot; role=&quot;button&quot; aria-haspopup=&quot;true&quot; aria-expanded=&quot;false&quot;&gt;...&lt;/button&gt; is not clickable at point (388, 19). Other element would receive the click: &lt;input autocomplete=&quot;off&quot; id=&quot;txt_search&quot; type=&quot;text&quot;&gt;
  (Session info: chrome=116.0.5845.141)
Build info: version: &apos;4.11.0&apos;, revision: &apos;040bc5406b&apos;
System info: os.name: &apos;Windows 10&apos;, os.arch: &apos;amd64&apos;, os.version: &apos;10.0&apos;, java.version: &apos;17.0.5&apos;
Driver info: org.openqa.selenium.chrome.ChromeDriver
Command: [923a50b60391ced9ef54c5b46d6c419d, clickElement {id=4CBE8417C95C51F40F9B474BC45542DD_element_8161}]
Capabilities {acceptInsecureCerts: false, browserName: chrome, browserVersion: 116.0.5845.141, chrome: {chromedriverVersion: 116.0.5845.96 (1a3918166880..., userDataDir: C:\Users\VRUSHA~1\AppData\L...}, fedcm:accounts: true, goog:chromeOptions: {debuggerAddress: localhost:61255}, networkConnectionEnabled: false, pageLoadStrategy: normal, platformName: windows, proxy: Proxy(), se:cdp: ws://localhost:61255/devtoo..., se:cdpVersion: 116.0.5845.141, setWindowRect: true, strictFileInteractability: false, timeouts: {implicit: 0, pageLoad: 300000, script: 30000}, unhandledPromptBehavior: dismiss and notify, webauthn:extension:credBlob: true, webauthn:extension:largeBlob: true, webauthn:extension:minPinLength: true, webauthn:extension:prf: true, webauthn:virtualAuthenticators: true}
Element: [[ChromeDriver: chrome on windows (923a50b60391ced9ef54c5b46d6c419d)] -&gt; css selector: button[role=&apos;button&apos;]]
Session ID: 923a50b60391ced9ef54c5b46d6c419d
	at java.base/jdk.internal.reflect.NativeConstructorAccessorImpl.newInstance0(Native Method)
	at java.base/jdk.internal.reflect.NativeConstructorAccessorImpl.newInstance(NativeConstructorAccessorImpl.java:77)
	at java.base/jdk.internal.reflect.DelegatingConstructorAccessorImpl.newInstance(DelegatingConstructorAccessorImpl.java:45)
	at java.base/java.lang.reflect.Constructor.newInstanceWithCaller(Constructor.java:499)
	at java.base/java.lang.reflect.Constructor.newInstance(Constructor.java:480)
	at org.openqa.selenium.remote.codec.w3c.W3CHttpResponseCodec.createException(W3CHttpResponseCodec.java:200)
	at org.openqa.selenium.remote.codec.w3c.W3CHttpResponseCodec.decode(W3CHttpResponseCodec.java:133)
	at org.openqa.selenium.remote.codec.w3c.W3CHttpResponseCodec.decode(W3CHttpResponseCodec.java:52)
	at org.openqa.selenium.remote.HttpCommandExecutor.execute(HttpCommandExecutor.java:191)
	at org.openqa.selenium.remote.service.DriverCommandExecutor.invokeExecute(DriverCommandExecutor.java:196)
	at org.openqa.selenium.remote.service.DriverCommandExecutor.execute(DriverCommandExecutor.java:171)
	at org.openqa.selenium.remote.RemoteWebDriver.execute(RemoteWebDriver.java:518)
	at org.openqa.selenium.remote.RemoteWebElement.execute(RemoteWebElement.java:224)
	at org.openqa.selenium.remote.RemoteWebElement.click(RemoteWebElement.java:77)
	at jdk.internal.reflect.GeneratedMethodAccessor59.invoke(Unknown Source)
	at java.base/jdk.internal.reflect.DelegatingMethodAccessorImpl.invoke(DelegatingMethodAccessorImpl.java:43)
	at java.base/java.lang.reflect.Method.invoke(Method.java:568)
	at org.openqa.selenium.support.pagefactory.internal.LocatingElementHandler.invoke(LocatingElementHandler.java:51)
	at jdk.proxy2/jdk.proxy2.$Proxy22.click(Unknown Source)
	at com.Digitalcodes.utilities.Baseclass.click(Baseclass.java:248)
	at com.Digitalcodes.pageobject.ContentSearch_Page.clickAdvanceTermSearch(ContentSearch_Page.java:381)
	at com.Digitalcodes.testcases.ContentSearch_Test.TC51_verifyAdvanceTermSearch(ContentSearch_Test.java:344)
	at java.base/jdk.internal.reflect.NativeMethodAccessorImpl.invoke0(Native Method)
	at java.base/jdk.internal.reflect.NativeMethodAccessorImpl.invoke(NativeMethodAccessorImpl.java:77)
	at java.base/jdk.internal.reflect.DelegatingMethodAccessorImpl.invoke(DelegatingMethodAccessorImpl.java:43)
	at java.base/java.lang.reflect.Method.invoke(Method.java:568)
	at org.testng.internal.invokers.MethodInvocationHelper.invokeMethod(MethodInvocationHelper.java:139)
	at org.testng.internal.invokers.TestInvoker.invokeMethod(TestInvoker.java:677)
	at org.testng.internal.invokers.TestInvoker.invokeTestMethod(TestInvoker.java:221)
	at org.testng.internal.invokers.MethodRunner.runInSequence(MethodRunner.java:50)
	at org.testng.internal.invokers.TestInvoker$MethodInvocationAgent.invoke(TestInvoker.java:969)
	at org.testng.internal.invokers.TestInvoker.invokeTestMethods(TestInvoker.java:194)
	at org.testng.internal.invokers.TestMethodWorker.invokeTestMethods(TestMethodWorker.java:148)
	at org.testng.internal.invokers.TestMethodWorker.run(TestMethodWorker.java:128)
	at java.base/java.util.ArrayList.forEach(ArrayList.java:1511)
	at org.testng.TestRunner.privateRun(TestRunner.java:829)
	at org.testng.TestRunner.run(TestRunner.java:602)
	at org.testng.SuiteRunner.runTest(SuiteRunner.java:437)
	at org.testng.SuiteRunner.runSequentially(SuiteRunner.java:431)
	at org.testng.SuiteRunner.privateRun(SuiteRunner.java:391)
	at org.testng.SuiteRunner.run(SuiteRunner.java:330)
	at org.testng.SuiteRunnerWorker.runSuite(SuiteRunnerWorker.java:52)
	at org.testng.SuiteRunnerWorker.run(SuiteRunnerWorker.java:95)
	at org.testng.TestNG.runSuitesSequentially(TestNG.java:1256)
	at org.testng.TestNG.runSuitesLocally(TestNG.java:1176)
	at org.testng.TestNG.runSuites(TestNG.java:1099)
	at org.testng.TestNG.run(TestNG.java:1067)
	at org.apache.maven.surefire.testng.TestNGExecutor.run(TestNGExecutor.java:281)
	at org.apache.maven.surefire.testng.TestNGXmlTestSuite.execute(TestNGXmlTestSuite.java:75)
	at org.apache.maven.surefire.testng.TestNGProvider.invoke(TestNGProvider.java:121)
	at org.apache.maven.surefire.booter.ForkedBooter.invokeProviderInSameClassLoader(ForkedBooter.java:290)
	at org.apache.maven.surefire.booter.ForkedBooter.runSuitesInProcess(ForkedBooter.java:242)
	at org.apache.maven.surefire.booter.ForkedBooter.main(ForkedBooter.java:121)
</pre></div></td>
<td>5</td>
<td>com.Digitalcodes.testcases.ContentSearch_Test@1603dc2f</td></tr>
</table><p>
<table width='100%' border='1' class='invocation-passed'>
<tr><td colspan='4' align='center'><b>PASSED TESTS</b></td></tr>
<tr><td><b>Test method</b></td>
<td><b>Attribute(s)</b></td>
<td width="30%"><b>Exception</b></td>
<td width="10%"><b>Time (seconds)</b></td>
<td><b>Instance</b></td>
</tr>
<tr>
<td title='com.Digitalcodes.testcases.ContentSearch_Test.TC50_verifyShareEditDeleteBookmark()'><b>TC50_verifyShareEditDeleteBookmark</b><br>Test class: com.Digitalcodes.testcases.ContentSearch_Test<br>Test method: verify user able to Share, Edit, Delete Bookmark from Content search<br>Parameters: Text, Buildings</td>
<td></td>
<td>36</td>
<td>com.Digitalcodes.testcases.ContentSearch_Test@1603dc2f</td></tr>
<tr>
<td title='com.Digitalcodes.testcases.Title_Collection_Test.TC29_verifySection_collectionTitles()'><b>TC29_verifySection_collectionTitles</b><br>Test class: com.Digitalcodes.testcases.Title_Collection_Test<br>Test method: Verify user able to navigate to Section on Collection title<br>Parameters: Collections, Premium Complete, 2023 Analysis of Changes, 2023 NEC, CHAPTER 1 GENERAL, PREMIUM</td>
<td></td>
<td>16</td>
<td>com.Digitalcodes.testcases.Title_Collection_Test@c27d163</td></tr>
<tr>
<td title='com.Digitalcodes.testcases.Login_Test.TC02_verifyUserInformation()'><b>TC02_verifyUserInformation</b><br>Test class: com.Digitalcodes.testcases.Login_Test<br>Test method: Verify User able to displyed Subscription type, Name, email </td>
<td></td>
<td>7</td>
<td>com.Digitalcodes.testcases.Login_Test@415156bf</td></tr>
<tr>
<td title='com.Digitalcodes.testcases.ContentSearch_Test.TC56_verifyPaginationinContentSearch()'><b>TC56_verifyPaginationinContentSearch</b><br>Test class: com.Digitalcodes.testcases.ContentSearch_Test<br>Test method: verify paginations in Content search<br>Parameters: Text, Buildings</td>
<td></td>
<td>8</td>
<td>com.Digitalcodes.testcases.ContentSearch_Test@1603dc2f</td></tr>
<tr>
<td title='com.Digitalcodes.testcases.Title_Commentary_Test.TC34_verifyHideCommentary()'><b>TC34_verifyHideCommentary</b><br>Test class: com.Digitalcodes.testcases.Title_Commentary_Test<br>Test method: Verify User able to Hide commentary section<br>Parameters: Commentaries, 2021 Commentaries, 2021 IBC Code and Commentary Volume 1 (IBC), Chapter 3: Occupancy Classification and Use</td>
<td></td>
<td>10</td>
<td>com.Digitalcodes.testcases.Title_Commentary_Test@78faea5f</td></tr>
<tr>
<td title='com.Digitalcodes.testcases.ContentSearch_Test.TC44_verifyContentSearch()'><b>TC44_verifyContentSearch</b><br>Test class: com.Digitalcodes.testcases.ContentSearch_Test<br>Test method: verify user able to navigate Content search page and search any content<br>Parameters: Title Name, International Building Code</td>
<td></td>
<td>9</td>
<td>com.Digitalcodes.testcases.ContentSearch_Test@1603dc2f</td></tr>
<tr>
<td title='com.Digitalcodes.testcases.PremiumTools_QuickAccess_Test.TC38_verifyActionsOnSection_QuickAccess()'><b>TC38_verifyActionsOnSection_QuickAccess</b><br>Test class: com.Digitalcodes.testcases.PremiumTools_QuickAccess_Test<br>Test method: Verify user able to Jump, Copy, Print, Share, Bookmark Section from Quick Access<br>Parameters: 201.2 Interchangeability., 2021 International Building Code (IBC)</td>
<td></td>
<td>14</td>
<td>com.Digitalcodes.testcases.PremiumTools_QuickAccess_Test@398474a2</td></tr>
<tr>
<td title='com.Digitalcodes.testcases.ContentSearch_Test.TC47_verifyCopyAndPrintThisSection()'><b>TC47_verifyCopyAndPrintThisSection</b><br>Test class: com.Digitalcodes.testcases.ContentSearch_Test<br>Test method: verify user able to Copy and Print the section</td>
<td></td>
<td>5</td>
<td>com.Digitalcodes.testcases.ContentSearch_Test@1603dc2f</td></tr>
<tr>
<td title='com.Digitalcodes.testcases.Title_ASTMStanderds_Test.TC36_verifyASTMSection()'><b>TC36_verifyASTMSection</b><br>Test class: com.Digitalcodes.testcases.Title_ASTMStanderds_Test<br>Test method: Verify user able to Access ASTM title </td>
<td></td>
<td>2</td>
<td>com.Digitalcodes.testcases.Title_ASTMStanderds_Test@5e39850</td></tr>
<tr>
<td title='com.Digitalcodes.testcases.Title_SectionPage_Test.TC16_verifyShareBookmark_FromSection()'><b>TC16_verifyShareBookmark_FromSection</b><br>Test class: com.Digitalcodes.testcases.Title_SectionPage_Test<br>Test method: Verify user able to share bookmark from Section<br>Parameters: I-Codes, 2021 I-Codes, 2021 International Building Code (IBC), CHAPTER 2 DEFINITIONS, PREMIUM</td>
<td></td>
<td>23</td>
<td>com.Digitalcodes.testcases.Title_SectionPage_Test@293cde83</td></tr>
<tr>
<td title='com.Digitalcodes.testcases.Title_ASTMStanderds_Test.TC35_verifyNavigateToASTM()'><b>TC35_verifyNavigateToASTM</b><br>Test class: com.Digitalcodes.testcases.Title_ASTMStanderds_Test<br>Test method: Verify user able to navigate to ASTM Standerds Landing page<br>Parameters: Standards, ASTM Standards, Iron and Steel Materials, ASTM A1003/A1003M-15, PREMIUM LITE</td>
<td></td>
<td>4</td>
<td>com.Digitalcodes.testcases.Title_ASTMStanderds_Test@5e39850</td></tr>
<tr>
<td title='com.Digitalcodes.testcases.Title_SectionPage_Test.TC17_verifyEditBookmark_FromSection()'><b>TC17_verifyEditBookmark_FromSection</b><br>Test class: com.Digitalcodes.testcases.Title_SectionPage_Test<br>Test method: Verify user able to edit Bookamrk from Section</td>
<td></td>
<td>6</td>
<td>com.Digitalcodes.testcases.Title_SectionPage_Test@293cde83</td></tr>
<tr>
<td title='com.Digitalcodes.testcases.Title_SectionPage_Test.TC11_verifyShareSection_FromSection()'><b>TC11_verifyShareSection_FromSection</b><br>Test class: com.Digitalcodes.testcases.Title_SectionPage_Test<br>Test method: Verify user able to share the section<br>Parameters: I-Codes, 2021 I-Codes, 2021 International Building Code (IBC), CHAPTER 2 DEFINITIONS, PREMIUM</td>
<td></td>
<td>18</td>
<td>com.Digitalcodes.testcases.Title_SectionPage_Test@293cde83</td></tr>
<tr>
<td title='com.Digitalcodes.testcases.Title_SectionPage_Test.TC19_verifyLinksOnChapter()'><b>TC19_verifyLinksOnChapter</b><br>Test class: com.Digitalcodes.testcases.Title_SectionPage_Test<br>Test method: Verify links On Chapter<br>Parameters: I-Codes, 2021 I-Codes, 2021 International Building Code (IBC), CHAPTER 2 DEFINITIONS, PREMIUM</td>
<td></td>
<td>28</td>
<td>com.Digitalcodes.testcases.Title_SectionPage_Test@293cde83</td></tr>
<tr>
<td title='com.Digitalcodes.testcases.ContentSearch_Test.TC48_verifyShareThisSection()'><b>TC48_verifyShareThisSection</b><br>Test class: com.Digitalcodes.testcases.ContentSearch_Test<br>Test method: verify user able to Copy and Print Content search</td>
<td></td>
<td>2</td>
<td>com.Digitalcodes.testcases.ContentSearch_Test@1603dc2f</td></tr>
<tr>
<td title='com.Digitalcodes.testcases.ContentSearch_Test.TC54_verifySaveDeleteContentSerach()'><b>TC54_verifySaveDeleteContentSerach</b><br>Test class: com.Digitalcodes.testcases.ContentSearch_Test<br>Test method: verify save and delete serach Content search<br>Parameters: Text, Buildings</td>
<td></td>
<td>13</td>
<td>com.Digitalcodes.testcases.ContentSearch_Test@1603dc2f</td></tr>
<tr>
<td title='com.Digitalcodes.testcases.Title_SectionPage_Test.TC14_verifyEditNotes_FromSection()'><b>TC14_verifyEditNotes_FromSection</b><br>Test class: com.Digitalcodes.testcases.Title_SectionPage_Test<br>Test method: Verify user able to edit notes from Section</td>
<td></td>
<td>6</td>
<td>com.Digitalcodes.testcases.Title_SectionPage_Test@293cde83</td></tr>
<tr>
<td title='com.Digitalcodes.testcases.ContentSearch_Test.TC57_verifySearchSuggestions()'><b>TC57_verifySearchSuggestions</b><br>Test class: com.Digitalcodes.testcases.ContentSearch_Test<br>Test method: verify search suggestions<br>Parameters: Text, Buildings</td>
<td></td>
<td>2</td>
<td>com.Digitalcodes.testcases.ContentSearch_Test@1603dc2f</td></tr>
<tr>
<td title='com.Digitalcodes.testcases.Login_Test.TC01_loginValidData()'><b>TC01_loginValidData</b><br>Test class: com.Digitalcodes.testcases.Login_Test<br>Test method: User able to Login with valid creditionls<br>Parameters: complete.user@iccsafe.info, Digital@123, Complete, User, Premium Complete</td>
<td></td>
<td>7</td>
<td>com.Digitalcodes.testcases.Login_Test@415156bf</td></tr>
<tr>
<td title='com.Digitalcodes.testcases.ContentSearch_Test.TC44_verifyContentSearch()'><b>TC44_verifyContentSearch</b><br>Test class: com.Digitalcodes.testcases.ContentSearch_Test<br>Test method: verify user able to navigate Content search page and search any content<br>Parameters: Text, Buildings</td>
<td></td>
<td>9</td>
<td>com.Digitalcodes.testcases.ContentSearch_Test@1603dc2f</td></tr>
<tr>
<td title='com.Digitalcodes.testcases.ContentSearch_Test.TC53_verifyShowRelevantTitles()'><b>TC53_verifyShowRelevantTitles</b><br>Test class: com.Digitalcodes.testcases.ContentSearch_Test<br>Test method: verify Relevant Titles from Content search<br>Parameters: Text, Buildings</td>
<td></td>
<td>4</td>
<td>com.Digitalcodes.testcases.ContentSearch_Test@1603dc2f</td></tr>
<tr>
<td title='com.Digitalcodes.testcases.Title_Basic_Test.TC33_verifyNgviateToBasicTitle()'><b>TC33_verifyNgviateToBasicTitle</b><br>Test class: com.Digitalcodes.testcases.Title_Basic_Test<br>Test method: Verify user able to navigate to Non-accsiable title <br>Parameters: Resources, CodeMaster, 2021 Allowable Stress Design for Masonry (2021 IBC and TMS 402-16)</td>
<td></td>
<td>7</td>
<td>com.Digitalcodes.testcases.Title_Basic_Test@37fdfb05</td></tr>
<tr>
<td title='com.Digitalcodes.testcases.Title_SectionPage_Test.TC11_verifyPrintSection_FromSection()'><b>TC11_verifyPrintSection_FromSection</b><br>Test class: com.Digitalcodes.testcases.Title_SectionPage_Test<br>Test method: Verify user able to Print Section</td>
<td></td>
<td>1</td>
<td>com.Digitalcodes.testcases.Title_SectionPage_Test@293cde83</td></tr>
<tr>
<td title='com.Digitalcodes.testcases.Title_Collection_Test.TC28_verifyCollectionLandingPage()'><b>TC28_verifyCollectionLandingPage</b><br>Test class: com.Digitalcodes.testcases.Title_Collection_Test<br>Test method: Verify user able to navigate to Collection title<br>Parameters: Collections, Premium Complete, 2023 Analysis of Changes, 2023 NEC, CHAPTER 1 GENERAL, PREMIUM</td>
<td></td>
<td>13</td>
<td>com.Digitalcodes.testcases.Title_Collection_Test@c27d163</td></tr>
<tr>
<td title='com.Digitalcodes.testcases.Title_ASTMStanderds_Test.TC34_verifyNavigateToASTM_FromLinks()'><b>TC34_verifyNavigateToASTM_FromLinks</b><br>Test class: com.Digitalcodes.testcases.Title_ASTMStanderds_Test<br>Test method: Verify user able to navigate to ASTM Standerds thorugh link<br>Parameters: I-Codes, 2021 I-Codes, 2021 International Building Code (IBC), CHAPTER 2 DEFINITIONS, ASTM E283, PREMIUM</td>
<td></td>
<td>22</td>
<td>com.Digitalcodes.testcases.Title_ASTMStanderds_Test@5e39850</td></tr>
<tr>
<td title='com.Digitalcodes.testcases.ContentSearch_Test.TC55_verifymarkFavorite_unFavoriteTitleformConetntSearch()'><b>TC55_verifymarkFavorite_unFavoriteTitleformConetntSearch</b><br>Test class: com.Digitalcodes.testcases.ContentSearch_Test<br>Test method: verify mark favorite and un favorite Title from Content search<br>Parameters: Text, Buildings</td>
<td></td>
<td>6</td>
<td>com.Digitalcodes.testcases.ContentSearch_Test@1603dc2f</td></tr>
<tr>
<td title='com.Digitalcodes.testcases.ContentSearch_Test.TC44_verifyContentSearch()'><b>TC44_verifyContentSearch</b><br>Test class: com.Digitalcodes.testcases.ContentSearch_Test<br>Test method: verify user able to navigate Content search page and search any content<br>Parameters: Section Name, 402.1 Applicability</td>
<td></td>
<td>9</td>
<td>com.Digitalcodes.testcases.ContentSearch_Test@1603dc2f</td></tr>
<tr>
<td title='com.Digitalcodes.testcases.ContentSearch_Test.TC42_verifySearchWithinTitle()'><b>TC42_verifySearchWithinTitle</b><br>Test class: com.Digitalcodes.testcases.ContentSearch_Test<br>Test method: Verify user able to search within Title and navigate to content search Page<br>Parameters: I-Codes, 2021 I-Codes, 2021 International Building Code (IBC), CHAPTER 2 DEFINITIONS, Walls</td>
<td></td>
<td>12</td>
<td>com.Digitalcodes.testcases.ContentSearch_Test@1603dc2f</td></tr>
<tr>
<td title='com.Digitalcodes.testcases.Title_SectionPage_Test.TC10_verifyCreateBookmark_atSection()'><b>TC10_verifyCreateBookmark_atSection</b><br>Test class: com.Digitalcodes.testcases.Title_SectionPage_Test<br>Test method: Verify user able to create bookmark at section<br>Parameters: I-Codes, 2021 I-Codes, 2021 International Building Code (IBC), CHAPTER 2 DEFINITIONS, PREMIUM</td>
<td></td>
<td>32</td>
<td>com.Digitalcodes.testcases.Title_SectionPage_Test@293cde83</td></tr>
<tr>
<td title='com.Digitalcodes.testcases.Title_SectionPage_Test.TC13_verifyShareNote_FromSction()'><b>TC13_verifyShareNote_FromSction</b><br>Test class: com.Digitalcodes.testcases.Title_SectionPage_Test<br>Test method: Verify user able to share note from section<br>Parameters: I-Codes, 2021 I-Codes, 2021 International Building Code (IBC), CHAPTER 2 DEFINITIONS, PREMIUM</td>
<td></td>
<td>9</td>
<td>com.Digitalcodes.testcases.Title_SectionPage_Test@293cde83</td></tr>
<tr>
<td title='com.Digitalcodes.testcases.Title_Basic_Test.TC33_verifyNgviateToBasicTitle()'><b>TC33_verifyNgviateToBasicTitle</b><br>Test class: com.Digitalcodes.testcases.Title_Basic_Test<br>Test method: Verify user able to navigate to Non-accsiable title <br>Parameters: Publisher, Wiley, 2021 Building Codes Illustrated, 7th Edition</td>
<td></td>
<td>6</td>
<td>com.Digitalcodes.testcases.Title_Basic_Test@37fdfb05</td></tr>
<tr>
<td title='com.Digitalcodes.testcases.ContentSearch_Test.TC44_verifyContentSearch()'><b>TC44_verifyContentSearch</b><br>Test class: com.Digitalcodes.testcases.ContentSearch_Test<br>Test method: verify user able to navigate Content search page and search any content<br>Parameters: Chapter Name, Chapters 4</td>
<td></td>
<td>9</td>
<td>com.Digitalcodes.testcases.ContentSearch_Test@1603dc2f</td></tr>
<tr>
<td title='com.Digitalcodes.testcases.Title_LandingPage_Test.TC04_verifyTitleLandingPage()'><b>TC04_verifyTitleLandingPage</b><br>Test class: com.Digitalcodes.testcases.Title_LandingPage_Test<br>Test method: Verify User able to Navigate to Title Landing page and verify Tag<br>Parameters: I-Codes, 2021 I-Codes, 2021 International Building Code (IBC), CHAPTER 2 DEFINITIONS, PREMIUM</td>
<td></td>
<td>7</td>
<td>com.Digitalcodes.testcases.Title_LandingPage_Test@353efdbf</td></tr>
<tr>
<td title='com.Digitalcodes.testcases.Title_SectionPage_Test.TC09_verifyCreateNotes_atSection()'><b>TC09_verifyCreateNotes_atSection</b><br>Test class: com.Digitalcodes.testcases.Title_SectionPage_Test<br>Test method: Verify user able to create notes at section<br>Parameters: I-Codes, 2021 I-Codes, 2021 International Building Code (IBC), CHAPTER 2 DEFINITIONS, PREMIUM</td>
<td></td>
<td>28</td>
<td>com.Digitalcodes.testcases.Title_SectionPage_Test@293cde83</td></tr>
<tr>
<td title='com.Digitalcodes.testcases.Title_Basic_Test.TC33_verifyNgviateToBasicTitle()'><b>TC33_verifyNgviateToBasicTitle</b><br>Test class: com.Digitalcodes.testcases.Title_Basic_Test<br>Test method: Verify user able to navigate to Non-accsiable title <br>Parameters: Publisher, American Institute of Steel Construction (AISC), 2018 M327-18BW Seismic Design Manual 3rd Edition</td>
<td></td>
<td>6</td>
<td>com.Digitalcodes.testcases.Title_Basic_Test@37fdfb05</td></tr>
<tr>
<td title='com.Digitalcodes.testcases.ContentSearch_Test.TC43_verifyText_FiltersApplyed()'><b>TC43_verifyText_FiltersApplyed</b><br>Test class: com.Digitalcodes.testcases.ContentSearch_Test<br>Test method: verify Search text and filters are alredy applyed</td>
<td></td>
<td>0</td>
<td>com.Digitalcodes.testcases.ContentSearch_Test@1603dc2f</td></tr>
<tr>
<td title='com.Digitalcodes.testcases.ContentSearch_Test.TC57_verifySeeAll()'><b>TC57_verifySeeAll</b><br>Test class: com.Digitalcodes.testcases.ContentSearch_Test<br>Test method: verify see all form search suggestion<br>Parameters: Text, Buildings</td>
<td></td>
<td>4</td>
<td>com.Digitalcodes.testcases.ContentSearch_Test@1603dc2f</td></tr>
<tr>
<td title='com.Digitalcodes.testcases.ContentSearch_Test.TC46_verifyJumpToSection()'><b>TC46_verifyJumpToSection</b><br>Test class: com.Digitalcodes.testcases.ContentSearch_Test<br>Test method: verify user able to jump to the section from Content search<br>Parameters: Text, Buildings</td>
<td></td>
<td>13</td>
<td>com.Digitalcodes.testcases.ContentSearch_Test@1603dc2f</td></tr>
<tr>
<td title='com.Digitalcodes.testcases.PremiumTools_QuickAccess_Test.TC39_verifyShare_Edit_DeleteBookmakr_QuickAccess()'><b>TC39_verifyShare_Edit_DeleteBookmakr_QuickAccess</b><br>Test class: com.Digitalcodes.testcases.PremiumTools_QuickAccess_Test<br>Test method: Verify user able to Share, Edit, Delete Bookmark from Quick Access<br>Parameters: 201.2 Interchangeability., 2021 International Building Code (IBC)</td>
<td></td>
<td>49</td>
<td>com.Digitalcodes.testcases.PremiumTools_QuickAccess_Test@398474a2</td></tr>
<tr>
<td title='com.Digitalcodes.testcases.PremiumTools_QuickAccess_Test.TC37_verifyAccessSection_QuickAccess()'><b>TC37_verifyAccessSection_QuickAccess</b><br>Test class: com.Digitalcodes.testcases.PremiumTools_QuickAccess_Test<br>Test method: Verify user able to Access section from Quick Access<br>Parameters: 2021 IBC, 2021 International Building Code (IBC), Second Version: Sep 2021, 201., 201.2 Interchangeability.</td>
<td></td>
<td>9</td>
<td>com.Digitalcodes.testcases.PremiumTools_QuickAccess_Test@398474a2</td></tr>
</table><p>
</body>
</html>