<!DOCTYPE html>

<html>
  <head>
  <meta charset='utf-8'>
  <title>TestNG reports</title>

    <link type="text/css" href="testng-reports1.css" rel="stylesheet" id="ultra" />
    <link type="text/css" href="testng-reports.css" rel="stylesheet" id="retro" disabled="false"/>
    <script type="text/javascript" src="jquery.min.js"></script>
    <script type="text/javascript" src="testng-reports.js"></script>
    <script type="text/javascript" src="https://www.google.com/jsapi"></script>
    <script type='text/javascript'>
      google.load('visualization', '1', {packages:['table']});
      google.setOnLoadCallback(drawTable);
      var suiteTableInitFunctions = new Array();
      var suiteTableData = new Array();
    </script>
    <!--
      <script type="text/javascript" src="jquery-ui/js/jquery-ui-1.8.16.custom.min.js"></script>
     -->
  </head>

  <body>
    <div class="top-banner-root">
      <span class="top-banner-title-font">Test results</span>
      <button id="button" class="button">Switch Retro Theme</button> <!-- button -->
      <br/>
      <span class="top-banner-font-1">1 suite, 9 failed tests</span>
    </div> <!-- top-banner-root -->
    <div class="navigator-root">
      <div class="navigator-suite-header">
        <span>All suites</span>
        <a href="#" title="Collapse/expand all the suites" class="collapse-all-link">
          <img src="collapseall.gif" class="collapse-all-icon">
          </img> <!-- collapse-all-icon -->
        </a> <!-- collapse-all-link -->
      </div> <!-- navigator-suite-header -->
      <div class="suite">
        <div class="rounded-window">
          <div class="suite-header light-rounded-window-top">
            <a href="#" panel-name="suite-Digital_Codes" class="navigator-link">
              <span class="suite-name border-failed">Digital Codes</span>
            </a> <!-- navigator-link -->
          </div> <!-- suite-header light-rounded-window-top -->
          <div class="navigator-suite-content">
            <div class="suite-section-title">
              <span>Info</span>
            </div> <!-- suite-section-title -->
            <div class="suite-section-content">
              <ul>
                <li>
                  <a href="#" panel-name="test-xml-Digital_Codes" class="navigator-link ">
                    <span>D:\eclipse-workspace\com.Digitalcodes\testng.xml</span>
                  </a> <!-- navigator-link  -->
                </li>
                <li>
                  <a href="#" panel-name="testlist-Digital_Codes" class="navigator-link ">
                    <span class="test-stats">1 test</span>
                  </a> <!-- navigator-link  -->
                </li>
                <li>
                  <a href="#" panel-name="group-Digital_Codes" class="navigator-link ">
                    <span>0 groups</span>
                  </a> <!-- navigator-link  -->
                </li>
                <li>
                  <a href="#" panel-name="times-Digital_Codes" class="navigator-link ">
                    <span>Times</span>
                  </a> <!-- navigator-link  -->
                </li>
                <li>
                  <a href="#" panel-name="reporter-Digital_Codes" class="navigator-link ">
                    <span>Reporter output</span>
                  </a> <!-- navigator-link  -->
                </li>
                <li>
                  <a href="#" panel-name="ignored-methods-Digital_Codes" class="navigator-link ">
                    <span>Ignored methods</span>
                  </a> <!-- navigator-link  -->
                </li>
                <li>
                  <a href="#" panel-name="chronological-Digital_Codes" class="navigator-link ">
                    <span>Chronological view</span>
                  </a> <!-- navigator-link  -->
                </li>
              </ul>
            </div> <!-- suite-section-content -->
            <div class="result-section">
              <div class="suite-section-title">
                <span>Results</span>
              </div> <!-- suite-section-title -->
              <div class="suite-section-content">
                <ul>
                  <li>
                    <span class="method-stats">18 methods, 9 failed,   9 passed</span>
                  </li>
                  <li>
                    <span class="method-list-title failed">Failed methods</span>
                    <span class="show-or-hide-methods failed">
                      <a href="#" panel-name="suite-Digital_Codes" class="hide-methods failed suite-Digital_Codes"> (hide)</a> <!-- hide-methods failed suite-Digital_Codes -->
                      <a href="#" panel-name="suite-Digital_Codes" class="show-methods failed suite-Digital_Codes"> (show)</a> <!-- show-methods failed suite-Digital_Codes -->
                    </span>
                    <div class="method-list-content failed suite-Digital_Codes">
                      <span>
                        <img src="failed.png" width="3%"/>
                        <a href="#" panel-name="suite-Digital_Codes" title="com.Digitalcodes.testcases.TitleLandingPage_Test" class="method navigator-link" hash-for-method="verifyCreateBookmark_atSection">verifyCreateBookmark_atSection</a> <!-- method navigator-link -->
                      </span>
                      <br/>
                      <span>
                        <img src="failed.png" width="3%"/>
                        <a href="#" panel-name="suite-Digital_Codes" title="com.Digitalcodes.testcases.TitleLandingPage_Test" class="method navigator-link" hash-for-method="verifyCreateNotes_atSection">verifyCreateNotes_atSection</a> <!-- method navigator-link -->
                      </span>
                      <br/>
                      <span>
                        <img src="failed.png" width="3%"/>
                        <a href="#" panel-name="suite-Digital_Codes" title="com.Digitalcodes.testcases.TitleLandingPage_Test" class="method navigator-link" hash-for-method="verifyDeleteBookmark_FromSection">verifyDeleteBookmark_FromSection</a> <!-- method navigator-link -->
                      </span>
                      <br/>
                      <span>
                        <img src="failed.png" width="3%"/>
                        <a href="#" panel-name="suite-Digital_Codes" title="com.Digitalcodes.testcases.TitleLandingPage_Test" class="method navigator-link" hash-for-method="verifyDeleteNotes_FromSection">verifyDeleteNotes_FromSection</a> <!-- method navigator-link -->
                      </span>
                      <br/>
                      <span>
                        <img src="failed.png" width="3%"/>
                        <a href="#" panel-name="suite-Digital_Codes" title="com.Digitalcodes.testcases.TitleLandingPage_Test" class="method navigator-link" hash-for-method="verifyEditBookmark_FromSection">verifyEditBookmark_FromSection</a> <!-- method navigator-link -->
                      </span>
                      <br/>
                      <span>
                        <img src="failed.png" width="3%"/>
                        <a href="#" panel-name="suite-Digital_Codes" title="com.Digitalcodes.testcases.TitleLandingPage_Test" class="method navigator-link" hash-for-method="verifyEditNotes_FromSection">verifyEditNotes_FromSection</a> <!-- method navigator-link -->
                      </span>
                      <br/>
                      <span>
                        <img src="failed.png" width="3%"/>
                        <a href="#" panel-name="suite-Digital_Codes" title="com.Digitalcodes.testcases.TitleLandingPage_Test" class="method navigator-link" hash-for-method="verifyShareBookmark_FromSection">verifyShareBookmark_FromSection</a> <!-- method navigator-link -->
                      </span>
                      <br/>
                      <span>
                        <img src="failed.png" width="3%"/>
                        <a href="#" panel-name="suite-Digital_Codes" title="com.Digitalcodes.testcases.TitleLandingPage_Test" class="method navigator-link" hash-for-method="verifyTitleLandingPage">verifyTitleLandingPage</a> <!-- method navigator-link -->
                      </span>
                      <br/>
                      <span>
                        <img src="failed.png" width="3%"/>
                        <a href="#" panel-name="suite-Digital_Codes" title="com.Digitalcodes.testcases.Login_Test" class="method navigator-link" hash-for-method="verifyUserInformation">verifyUserInformation</a> <!-- method navigator-link -->
                      </span>
                      <br/>
                    </div> <!-- method-list-content failed suite-Digital_Codes -->
                  </li>
                  <li>
                    <span class="method-list-title passed">Passed methods</span>
                    <span class="show-or-hide-methods passed">
                      <a href="#" panel-name="suite-Digital_Codes" class="hide-methods passed suite-Digital_Codes"> (hide)</a> <!-- hide-methods passed suite-Digital_Codes -->
                      <a href="#" panel-name="suite-Digital_Codes" class="show-methods passed suite-Digital_Codes"> (show)</a> <!-- show-methods passed suite-Digital_Codes -->
                    </span>
                    <div class="method-list-content passed suite-Digital_Codes">
                      <span>
                        <img src="passed.png" width="3%"/>
                        <a href="#" panel-name="suite-Digital_Codes" title="com.Digitalcodes.testcases.Login_Test" class="method navigator-link" hash-for-method="login">login</a> <!-- method navigator-link -->
                      </span>
                      <br/>
                      <span>
                        <img src="passed.png" width="3%"/>
                        <a href="#" panel-name="suite-Digital_Codes" title="com.Digitalcodes.testcases.TitleCovePage_Test" class="method navigator-link" hash-for-method="navigateToGroupTitles">navigateToGroupTitles</a> <!-- method navigator-link -->
                      </span>
                      <br/>
                      <span>
                        <img src="passed.png" width="3%"/>
                        <a href="#" panel-name="suite-Digital_Codes" title="com.Digitalcodes.testcases.TitleLandingPage_Test" class="method navigator-link" hash-for-method="verifyMarkFavoriteTitle">verifyMarkFavoriteTitle</a> <!-- method navigator-link -->
                      </span>
                      <br/>
                      <span>
                        <img src="passed.png" width="3%"/>
                        <a href="#" panel-name="suite-Digital_Codes" title="com.Digitalcodes.testcases.TitleLandingPage_Test" class="method navigator-link" hash-for-method="verifyMyNotes_FromTOC">verifyMyNotes_FromTOC</a> <!-- method navigator-link -->
                      </span>
                      <br/>
                      <span>
                        <img src="passed.png" width="3%"/>
                        <a href="#" panel-name="suite-Digital_Codes" title="com.Digitalcodes.testcases.TitleLandingPage_Test" class="method navigator-link" hash-for-method="verifyNavigateToSection_FromTOC">verifyNavigateToSection_FromTOC</a> <!-- method navigator-link -->
                      </span>
                      <br/>
                      <span>
                        <img src="passed.png" width="3%"/>
                        <a href="#" panel-name="suite-Digital_Codes" title="com.Digitalcodes.testcases.TitleLandingPage_Test" class="method navigator-link" hash-for-method="verifyPrintSection_FromSection">verifyPrintSection_FromSection</a> <!-- method navigator-link -->
                      </span>
                      <br/>
                      <span>
                        <img src="passed.png" width="3%"/>
                        <a href="#" panel-name="suite-Digital_Codes" title="com.Digitalcodes.testcases.TitleLandingPage_Test" class="method navigator-link" hash-for-method="verifyRemoveFavoriteTitle">verifyRemoveFavoriteTitle</a> <!-- method navigator-link -->
                      </span>
                      <br/>
                      <span>
                        <img src="passed.png" width="3%"/>
                        <a href="#" panel-name="suite-Digital_Codes" title="com.Digitalcodes.testcases.TitleLandingPage_Test" class="method navigator-link" hash-for-method="verifyShareNote_FromSction">verifyShareNote_FromSction</a> <!-- method navigator-link -->
                      </span>
                      <br/>
                      <span>
                        <img src="passed.png" width="3%"/>
                        <a href="#" panel-name="suite-Digital_Codes" title="com.Digitalcodes.testcases.TitleLandingPage_Test" class="method navigator-link" hash-for-method="verifyShareSection_FromSection">verifyShareSection_FromSection</a> <!-- method navigator-link -->
                      </span>
                      <br/>
                    </div> <!-- method-list-content passed suite-Digital_Codes -->
                  </li>
                </ul>
              </div> <!-- suite-section-content -->
            </div> <!-- result-section -->
          </div> <!-- navigator-suite-content -->
        </div> <!-- rounded-window -->
      </div> <!-- suite -->
    </div> <!-- navigator-root -->
    <div class="wrapper">
      <div class="main-panel-root">
        <div panel-name="suite-Digital_Codes" class="panel Digital_Codes">
          <div class="suite-Digital_Codes-class-failed">
            <div class="main-panel-header rounded-window-top">
              <img src="failed.png"/>
              <span class="class-name">com.Digitalcodes.testcases.TitleLandingPage_Test</span>
            </div> <!-- main-panel-header rounded-window-top -->
            <div class="main-panel-content rounded-window-bottom">
              <div class="method">
                <div class="method-content">
                  <a name="verifyCreateBookmark_atSection">
                  </a> <!-- verifyCreateBookmark_atSection -->
                  <span class="method-name">verifyCreateBookmark_atSection</span>
                  <div class="stack-trace">java.lang.AssertionError: expected [null (null)] but found [Complete User (complete.user@iccsafe.info)]
	at com.Digitalcodes.perfectocloud.AssertStatements.assertEquals(AssertStatements.java:10)
	at com.Digitalcodes.utilities.Baseclass.assertEquals(Baseclass.java:203)
	at com.Digitalcodes.testcases.TitleLandingPage_Test.verifyCreateBookmark_atSection(TitleLandingPage_Test.java:271)
	at java.base/java.util.ArrayList.forEach(ArrayList.java:1511)
... Removed 37 stack frames
</div> <!-- stack-trace -->
                  <em>
(Verify user able to create bookmark at section)                  </em>
                </div> <!-- method-content -->
              </div> <!-- method -->
              <div class="method">
                <div class="method-content">
                  <a name="verifyCreateNotes_atSection">
                  </a> <!-- verifyCreateNotes_atSection -->
                  <span class="method-name">verifyCreateNotes_atSection</span>
                  <div class="stack-trace">java.lang.AssertionError: expected [null (null)] but found [Complete User (complete.user@iccsafe.info)]
	at com.Digitalcodes.perfectocloud.AssertStatements.assertEquals(AssertStatements.java:10)
	at com.Digitalcodes.utilities.Baseclass.assertEquals(Baseclass.java:203)
	at com.Digitalcodes.testcases.TitleLandingPage_Test.verifyCreateNotes_atSection(TitleLandingPage_Test.java:211)
	at java.base/java.util.ArrayList.forEach(ArrayList.java:1511)
... Removed 37 stack frames
</div> <!-- stack-trace -->
                  <em>
(Verify user able to create notes at section)                  </em>
                </div> <!-- method-content -->
              </div> <!-- method -->
              <div class="method">
                <div class="method-content">
                  <a name="verifyDeleteBookmark_FromSection">
                  </a> <!-- verifyDeleteBookmark_FromSection -->
                  <span class="method-name">verifyDeleteBookmark_FromSection</span>
                  <div class="stack-trace">org.openqa.selenium.ElementClickInterceptedException: element click intercepted: Element &lt;i aria-hidden=&quot;true&quot; class=&quot;v-icon notranslate material-icons theme--light&quot;&gt;...&lt;/i&gt; is not clickable at point (1225, 525). Other element would receive the click: &lt;div class=&quot;v-overlay__scrim&quot; style=&quot;opacity: 0.46; background-color: rgb(33, 33, 33); border-color: rgb(33, 33, 33);&quot;&gt;&lt;/div&gt;
  (Session info: chrome=113.0.5672.93)
Build info: version: &apos;4.9.0&apos;, revision: &apos;d7057100a6&apos;
System info: os.name: &apos;Windows 10&apos;, os.arch: &apos;amd64&apos;, os.version: &apos;10.0&apos;, java.version: &apos;17.0.5&apos;
Driver info: org.openqa.selenium.chrome.ChromeDriver
Command: [8afa82f68d9d307534e9ccf3bb694bdd, clickElement {id=B372068ADEB3CA26689CAC1D30F873BF_element_31160}]
Capabilities {acceptInsecureCerts: false, browserName: chrome, browserVersion: 113.0.5672.93, chrome: {chromedriverVersion: 113.0.5672.63 (0e1a4471d5ae..., userDataDir: C:\Users\VRUSHA~1\AppData\L...}, goog:chromeOptions: {debuggerAddress: localhost:65079}, networkConnectionEnabled: false, pageLoadStrategy: normal, platformName: WINDOWS, proxy: Proxy(), se:cdp: ws://localhost:65079/devtoo..., se:cdpVersion: 113.0.5672.93, setWindowRect: true, strictFileInteractability: false, timeouts: {implicit: 0, pageLoad: 300000, script: 30000}, unhandledPromptBehavior: dismiss and notify, webauthn:extension:credBlob: true, webauthn:extension:largeBlob: true, webauthn:extension:minPinLength: true, webauthn:extension:prf: true, webauthn:virtualAuthenticators: true}
Element: [[ChromeDriver: chrome on WINDOWS (8afa82f68d9d307534e9ccf3bb694bdd)] -&gt; xpath: //i[text()=&apos;delete&apos;]]
Session ID: 8afa82f68d9d307534e9ccf3bb694bdd
	at org.openqa.selenium.remote.codec.w3c.W3CHttpResponseCodec.createException(W3CHttpResponseCodec.java:200)
	at org.openqa.selenium.remote.codec.w3c.W3CHttpResponseCodec.decode(W3CHttpResponseCodec.java:133)
	at org.openqa.selenium.remote.codec.w3c.W3CHttpResponseCodec.decode(W3CHttpResponseCodec.java:53)
	at org.openqa.selenium.remote.HttpCommandExecutor.execute(HttpCommandExecutor.java:193)
	at org.openqa.selenium.remote.service.DriverCommandExecutor.invokeExecute(DriverCommandExecutor.java:183)
	at org.openqa.selenium.remote.service.DriverCommandExecutor.execute(DriverCommandExecutor.java:158)
	at org.openqa.selenium.remote.RemoteWebDriver.execute(RemoteWebDriver.java:543)
	at org.openqa.selenium.remote.RemoteWebElement.execute(RemoteWebElement.java:257)
	at org.openqa.selenium.remote.RemoteWebElement.click(RemoteWebElement.java:78)
	at org.openqa.selenium.support.pagefactory.internal.LocatingElementHandler.invoke(LocatingElementHandler.java:52)
	at jdk.proxy2/jdk.proxy2.$Proxy19.click(Unknown Source)
	at com.Digitalcodes.utilities.Baseclass.click(Baseclass.java:179)
	at com.Digitalcodes.pageobject.Codes_Section.deleteNotes__Bookmark(Codes_Section.java:293)
	at com.Digitalcodes.testcases.TitleLandingPage_Test.verifyDeleteBookmark_FromSection(TitleLandingPage_Test.java:475)
	at java.base/java.util.ArrayList.forEach(ArrayList.java:1511)
... Removed 39 stack frames
</div> <!-- stack-trace -->
                  <em>
(Verify user able to Delete Bookmark from Section)                  </em>
                </div> <!-- method-content -->
              </div> <!-- method -->
              <div class="method">
                <div class="method-content">
                  <a name="verifyDeleteNotes_FromSection">
                  </a> <!-- verifyDeleteNotes_FromSection -->
                  <span class="method-name">verifyDeleteNotes_FromSection</span>
                  <div class="stack-trace">org.openqa.selenium.ElementClickInterceptedException: element click intercepted: Element &lt;i aria-hidden=&quot;true&quot; class=&quot;v-icon notranslate material-icons theme--light&quot;&gt;...&lt;/i&gt; is not clickable at point (1225, 525). Other element would receive the click: &lt;div class=&quot;v-overlay__scrim&quot; style=&quot;opacity: 0.46; background-color: rgb(33, 33, 33); border-color: rgb(33, 33, 33);&quot;&gt;&lt;/div&gt;
  (Session info: chrome=113.0.5672.93)
Build info: version: &apos;4.9.0&apos;, revision: &apos;d7057100a6&apos;
System info: os.name: &apos;Windows 10&apos;, os.arch: &apos;amd64&apos;, os.version: &apos;10.0&apos;, java.version: &apos;17.0.5&apos;
Driver info: org.openqa.selenium.chrome.ChromeDriver
Command: [8afa82f68d9d307534e9ccf3bb694bdd, clickElement {id=B372068ADEB3CA26689CAC1D30F873BF_element_31160}]
Capabilities {acceptInsecureCerts: false, browserName: chrome, browserVersion: 113.0.5672.93, chrome: {chromedriverVersion: 113.0.5672.63 (0e1a4471d5ae..., userDataDir: C:\Users\VRUSHA~1\AppData\L...}, goog:chromeOptions: {debuggerAddress: localhost:65079}, networkConnectionEnabled: false, pageLoadStrategy: normal, platformName: WINDOWS, proxy: Proxy(), se:cdp: ws://localhost:65079/devtoo..., se:cdpVersion: 113.0.5672.93, setWindowRect: true, strictFileInteractability: false, timeouts: {implicit: 0, pageLoad: 300000, script: 30000}, unhandledPromptBehavior: dismiss and notify, webauthn:extension:credBlob: true, webauthn:extension:largeBlob: true, webauthn:extension:minPinLength: true, webauthn:extension:prf: true, webauthn:virtualAuthenticators: true}
Element: [[ChromeDriver: chrome on WINDOWS (8afa82f68d9d307534e9ccf3bb694bdd)] -&gt; xpath: //i[text()=&apos;delete&apos;]]
Session ID: 8afa82f68d9d307534e9ccf3bb694bdd
	at org.openqa.selenium.remote.codec.w3c.W3CHttpResponseCodec.createException(W3CHttpResponseCodec.java:200)
	at org.openqa.selenium.remote.codec.w3c.W3CHttpResponseCodec.decode(W3CHttpResponseCodec.java:133)
	at org.openqa.selenium.remote.codec.w3c.W3CHttpResponseCodec.decode(W3CHttpResponseCodec.java:53)
	at org.openqa.selenium.remote.HttpCommandExecutor.execute(HttpCommandExecutor.java:193)
	at org.openqa.selenium.remote.service.DriverCommandExecutor.invokeExecute(DriverCommandExecutor.java:183)
	at org.openqa.selenium.remote.service.DriverCommandExecutor.execute(DriverCommandExecutor.java:158)
	at org.openqa.selenium.remote.RemoteWebDriver.execute(RemoteWebDriver.java:543)
	at org.openqa.selenium.remote.RemoteWebElement.execute(RemoteWebElement.java:257)
	at org.openqa.selenium.remote.RemoteWebElement.click(RemoteWebElement.java:78)
	at org.openqa.selenium.support.pagefactory.internal.LocatingElementHandler.invoke(LocatingElementHandler.java:52)
	at jdk.proxy2/jdk.proxy2.$Proxy19.click(Unknown Source)
	at com.Digitalcodes.utilities.Baseclass.click(Baseclass.java:179)
	at com.Digitalcodes.pageobject.Codes_Section.deleteNotes__Bookmark(Codes_Section.java:293)
	at com.Digitalcodes.testcases.TitleLandingPage_Test.verifyDeleteNotes_FromSection(TitleLandingPage_Test.java:411)
	at java.base/java.util.ArrayList.forEach(ArrayList.java:1511)
... Removed 39 stack frames
</div> <!-- stack-trace -->
                  <em>
(Verify user able to delete Notes from Section)                  </em>
                </div> <!-- method-content -->
              </div> <!-- method -->
              <div class="method">
                <div class="method-content">
                  <a name="verifyEditBookmark_FromSection">
                  </a> <!-- verifyEditBookmark_FromSection -->
                  <span class="method-name">verifyEditBookmark_FromSection</span>
                  <div class="stack-trace">org.openqa.selenium.ElementClickInterceptedException: element click intercepted: Element &lt;i aria-hidden=&quot;true&quot; class=&quot;v-icon notranslate material-icons theme--light&quot;&gt;...&lt;/i&gt; is not clickable at point (1177, 525). Other element would receive the click: &lt;div class=&quot;v-overlay__scrim&quot; style=&quot;opacity: 0.46; background-color: rgb(33, 33, 33); border-color: rgb(33, 33, 33);&quot;&gt;&lt;/div&gt;
  (Session info: chrome=113.0.5672.93)
Build info: version: &apos;4.9.0&apos;, revision: &apos;d7057100a6&apos;
System info: os.name: &apos;Windows 10&apos;, os.arch: &apos;amd64&apos;, os.version: &apos;10.0&apos;, java.version: &apos;17.0.5&apos;
Driver info: org.openqa.selenium.chrome.ChromeDriver
Command: [8afa82f68d9d307534e9ccf3bb694bdd, clickElement {id=B372068ADEB3CA26689CAC1D30F873BF_element_30990}]
Capabilities {acceptInsecureCerts: false, browserName: chrome, browserVersion: 113.0.5672.93, chrome: {chromedriverVersion: 113.0.5672.63 (0e1a4471d5ae..., userDataDir: C:\Users\VRUSHA~1\AppData\L...}, goog:chromeOptions: {debuggerAddress: localhost:65079}, networkConnectionEnabled: false, pageLoadStrategy: normal, platformName: WINDOWS, proxy: Proxy(), se:cdp: ws://localhost:65079/devtoo..., se:cdpVersion: 113.0.5672.93, setWindowRect: true, strictFileInteractability: false, timeouts: {implicit: 0, pageLoad: 300000, script: 30000}, unhandledPromptBehavior: dismiss and notify, webauthn:extension:credBlob: true, webauthn:extension:largeBlob: true, webauthn:extension:minPinLength: true, webauthn:extension:prf: true, webauthn:virtualAuthenticators: true}
Element: [[ChromeDriver: chrome on WINDOWS (8afa82f68d9d307534e9ccf3bb694bdd)] -&gt; xpath: //i[text()=&apos;edit&apos;]]
Session ID: 8afa82f68d9d307534e9ccf3bb694bdd
	at org.openqa.selenium.remote.codec.w3c.W3CHttpResponseCodec.createException(W3CHttpResponseCodec.java:200)
	at org.openqa.selenium.remote.codec.w3c.W3CHttpResponseCodec.decode(W3CHttpResponseCodec.java:133)
	at org.openqa.selenium.remote.codec.w3c.W3CHttpResponseCodec.decode(W3CHttpResponseCodec.java:53)
	at org.openqa.selenium.remote.HttpCommandExecutor.execute(HttpCommandExecutor.java:193)
	at org.openqa.selenium.remote.service.DriverCommandExecutor.invokeExecute(DriverCommandExecutor.java:183)
	at org.openqa.selenium.remote.service.DriverCommandExecutor.execute(DriverCommandExecutor.java:158)
	at org.openqa.selenium.remote.RemoteWebDriver.execute(RemoteWebDriver.java:543)
	at org.openqa.selenium.remote.RemoteWebElement.execute(RemoteWebElement.java:257)
	at org.openqa.selenium.remote.RemoteWebElement.click(RemoteWebElement.java:78)
	at org.openqa.selenium.support.pagefactory.internal.LocatingElementHandler.invoke(LocatingElementHandler.java:52)
	at jdk.proxy2/jdk.proxy2.$Proxy19.click(Unknown Source)
	at com.Digitalcodes.utilities.Baseclass.click(Baseclass.java:179)
	at com.Digitalcodes.pageobject.Codes_Section.editNotes_Bookmark(Codes_Section.java:281)
	at com.Digitalcodes.testcases.TitleLandingPage_Test.verifyEditBookmark_FromSection(TitleLandingPage_Test.java:464)
	at java.base/java.util.ArrayList.forEach(ArrayList.java:1511)
... Removed 39 stack frames
</div> <!-- stack-trace -->
                  <em>
(Verify user able to edit Bookamrk from Section)                  </em>
                </div> <!-- method-content -->
              </div> <!-- method -->
              <div class="method">
                <div class="method-content">
                  <a name="verifyEditNotes_FromSection">
                  </a> <!-- verifyEditNotes_FromSection -->
                  <span class="method-name">verifyEditNotes_FromSection</span>
                  <div class="stack-trace">org.openqa.selenium.TimeoutException: Expected condition failed: waiting for visibility of [[ChromeDriver: chrome on WINDOWS (8afa82f68d9d307534e9ccf3bb694bdd)] -&gt; xpath: //div[@class=&quot;ql-editor ql-blank&quot;]] (tried for 90 second(s) with 500 milliseconds interval)
Build info: version: &apos;4.9.0&apos;, revision: &apos;d7057100a6&apos;
System info: os.name: &apos;Windows 10&apos;, os.arch: &apos;amd64&apos;, os.version: &apos;10.0&apos;, java.version: &apos;17.0.5&apos;
Driver info: org.openqa.selenium.chrome.ChromeDriver
Capabilities {acceptInsecureCerts: false, browserName: chrome, browserVersion: 113.0.5672.93, chrome: {chromedriverVersion: 113.0.5672.63 (0e1a4471d5ae..., userDataDir: C:\Users\VRUSHA~1\AppData\L...}, goog:chromeOptions: {debuggerAddress: localhost:65079}, networkConnectionEnabled: false, pageLoadStrategy: normal, platformName: WINDOWS, proxy: Proxy(), se:cdp: ws://localhost:65079/devtoo..., se:cdpVersion: 113.0.5672.93, setWindowRect: true, strictFileInteractability: false, timeouts: {implicit: 0, pageLoad: 300000, script: 30000}, unhandledPromptBehavior: dismiss and notify, webauthn:extension:credBlob: true, webauthn:extension:largeBlob: true, webauthn:extension:minPinLength: true, webauthn:extension:prf: true, webauthn:virtualAuthenticators: true}
Session ID: 8afa82f68d9d307534e9ccf3bb694bdd
	at org.openqa.selenium.support.ui.WebDriverWait.timeoutException(WebDriverWait.java:87)
	at org.openqa.selenium.support.ui.FluentWait.until(FluentWait.java:231)
	at com.Digitalcodes.utilities.Baseclass.sendKeys(Baseclass.java:183)
	at com.Digitalcodes.pageobject.Codes_Section.editNotes_Bookmark(Codes_Section.java:286)
	at com.Digitalcodes.testcases.TitleLandingPage_Test.verifyEditNotes_FromSection(TitleLandingPage_Test.java:399)
	at java.base/java.util.ArrayList.forEach(ArrayList.java:1511)
... Removed 31 stack frames
</div> <!-- stack-trace -->
                  <em>
(Verify user able to edit notes from Section)                  </em>
                </div> <!-- method-content -->
              </div> <!-- method -->
              <div class="method">
                <div class="method-content">
                  <a name="verifyShareBookmark_FromSection">
                  </a> <!-- verifyShareBookmark_FromSection -->
                  <span class="method-name">verifyShareBookmark_FromSection</span>
                  <div class="stack-trace">org.openqa.selenium.ElementClickInterceptedException: element click intercepted: Element &lt;i data-v-368dc876=&quot;&quot; aria-hidden=&quot;true&quot; class=&quot;v-icon notranslate material-icons theme--light&quot;&gt;...&lt;/i&gt; is not clickable at point (44, 32). Other element would receive the click: &lt;div class=&quot;v-overlay__scrim&quot; style=&quot;opacity: 0.46; background-color: rgb(33, 33, 33); border-color: rgb(33, 33, 33);&quot;&gt;&lt;/div&gt;
  (Session info: chrome=113.0.5672.93)
Build info: version: &apos;4.9.0&apos;, revision: &apos;d7057100a6&apos;
System info: os.name: &apos;Windows 10&apos;, os.arch: &apos;amd64&apos;, os.version: &apos;10.0&apos;, java.version: &apos;17.0.5&apos;
Driver info: org.openqa.selenium.chrome.ChromeDriver
Command: [8afa82f68d9d307534e9ccf3bb694bdd, clickElement {id=B372068ADEB3CA26689CAC1D30F873BF_element_31161}]
Capabilities {acceptInsecureCerts: false, browserName: chrome, browserVersion: 113.0.5672.93, chrome: {chromedriverVersion: 113.0.5672.63 (0e1a4471d5ae..., userDataDir: C:\Users\VRUSHA~1\AppData\L...}, goog:chromeOptions: {debuggerAddress: localhost:65079}, networkConnectionEnabled: false, pageLoadStrategy: normal, platformName: WINDOWS, proxy: Proxy(), se:cdp: ws://localhost:65079/devtoo..., se:cdpVersion: 113.0.5672.93, setWindowRect: true, strictFileInteractability: false, timeouts: {implicit: 0, pageLoad: 300000, script: 30000}, unhandledPromptBehavior: dismiss and notify, webauthn:extension:credBlob: true, webauthn:extension:largeBlob: true, webauthn:extension:minPinLength: true, webauthn:extension:prf: true, webauthn:virtualAuthenticators: true}
Element: [[ChromeDriver: chrome on WINDOWS (8afa82f68d9d307534e9ccf3bb694bdd)] -&gt; xpath: //i[normalize-space()=&apos;menu&apos;]]
Session ID: 8afa82f68d9d307534e9ccf3bb694bdd
	at org.openqa.selenium.remote.codec.w3c.W3CHttpResponseCodec.createException(W3CHttpResponseCodec.java:200)
	at org.openqa.selenium.remote.codec.w3c.W3CHttpResponseCodec.decode(W3CHttpResponseCodec.java:133)
	at org.openqa.selenium.remote.codec.w3c.W3CHttpResponseCodec.decode(W3CHttpResponseCodec.java:53)
	at org.openqa.selenium.remote.HttpCommandExecutor.execute(HttpCommandExecutor.java:193)
	at org.openqa.selenium.remote.service.DriverCommandExecutor.invokeExecute(DriverCommandExecutor.java:183)
	at org.openqa.selenium.remote.service.DriverCommandExecutor.execute(DriverCommandExecutor.java:158)
	at org.openqa.selenium.remote.RemoteWebDriver.execute(RemoteWebDriver.java:543)
	at org.openqa.selenium.remote.RemoteWebElement.execute(RemoteWebElement.java:257)
	at org.openqa.selenium.remote.RemoteWebElement.click(RemoteWebElement.java:78)
	at org.openqa.selenium.support.pagefactory.internal.LocatingElementHandler.invoke(LocatingElementHandler.java:52)
	at jdk.proxy2/jdk.proxy2.$Proxy19.click(Unknown Source)
	at com.Digitalcodes.utilities.Baseclass.click(Baseclass.java:179)
	at com.Digitalcodes.pageobject.Menu.clickOnMenu(Menu.java:57)
	at com.Digitalcodes.pageobject.Menu.navigateToTitlesCover(Menu.java:64)
	at com.Digitalcodes.pageobject.Implimation_AbstractClass.navigetToTitle(Implimation_AbstractClass.java:13)
	at com.Digitalcodes.testcases.TitleLandingPage_Test.verifyShareBookmark_FromSection(TitleLandingPage_Test.java:424)
	at java.base/java.util.ArrayList.forEach(ArrayList.java:1511)
... Removed 39 stack frames
</div> <!-- stack-trace -->
                  <em>
(Verify user able to share bookmark from Section)                  </em>
                </div> <!-- method-content -->
              </div> <!-- method -->
              <div class="method">
                <div class="method-content">
                  <a name="verifyTitleLandingPage">
                  </a> <!-- verifyTitleLandingPage -->
                  <span class="method-name">verifyTitleLandingPage</span>
                  <div class="stack-trace">org.openqa.selenium.TimeoutException: Expected condition failed: waiting for visibility of all [[[ChromeDriver: chrome on WINDOWS (8afa82f68d9d307534e9ccf3bb694bdd)] -&gt; xpath: (//div[@class=&quot;text-right col&quot;])[2]]] (tried for 90 second(s) with 500 milliseconds interval)
Build info: version: &apos;4.9.0&apos;, revision: &apos;d7057100a6&apos;
System info: os.name: &apos;Windows 10&apos;, os.arch: &apos;amd64&apos;, os.version: &apos;10.0&apos;, java.version: &apos;17.0.5&apos;
Driver info: org.openqa.selenium.chrome.ChromeDriver
Capabilities {acceptInsecureCerts: false, browserName: chrome, browserVersion: 113.0.5672.93, chrome: {chromedriverVersion: 113.0.5672.63 (0e1a4471d5ae..., userDataDir: C:\Users\VRUSHA~1\AppData\L...}, goog:chromeOptions: {debuggerAddress: localhost:65079}, networkConnectionEnabled: false, pageLoadStrategy: normal, platformName: WINDOWS, proxy: Proxy(), se:cdp: ws://localhost:65079/devtoo..., se:cdpVersion: 113.0.5672.93, setWindowRect: true, strictFileInteractability: false, timeouts: {implicit: 0, pageLoad: 300000, script: 30000}, unhandledPromptBehavior: dismiss and notify, webauthn:extension:credBlob: true, webauthn:extension:largeBlob: true, webauthn:extension:minPinLength: true, webauthn:extension:prf: true, webauthn:virtualAuthenticators: true}
Session ID: 8afa82f68d9d307534e9ccf3bb694bdd
	at org.openqa.selenium.support.ui.WebDriverWait.timeoutException(WebDriverWait.java:87)
	at org.openqa.selenium.support.ui.FluentWait.until(FluentWait.java:231)
	at com.Digitalcodes.utilities.Baseclass.isDisplayed(Baseclass.java:217)
	at com.Digitalcodes.pageobject.TitleLanding_Page.changeVersion(TitleLanding_Page.java:114)
	at com.Digitalcodes.testcases.TitleLandingPage_Test.verifyTitleLandingPage(TitleLandingPage_Test.java:65)
	at java.base/java.util.ArrayList.forEach(ArrayList.java:1511)
... Removed 31 stack frames
</div> <!-- stack-trace -->
                  <em>
(Verify User able to Navigate to Title Landing page and verify Tag)                  </em>
                </div> <!-- method-content -->
              </div> <!-- method -->
            </div> <!-- main-panel-content rounded-window-bottom -->
          </div> <!-- suite-Digital_Codes-class-failed -->
          <div class="suite-Digital_Codes-class-failed">
            <div class="main-panel-header rounded-window-top">
              <img src="failed.png"/>
              <span class="class-name">com.Digitalcodes.testcases.Login_Test</span>
            </div> <!-- main-panel-header rounded-window-top -->
            <div class="main-panel-content rounded-window-bottom">
              <div class="method">
                <div class="method-content">
                  <a name="verifyUserInformation">
                  </a> <!-- verifyUserInformation -->
                  <span class="method-name">verifyUserInformation</span>
                  <div class="stack-trace">org.openqa.selenium.TimeoutException: Expected condition failed: waiting for visibility of [[ChromeDriver: chrome on WINDOWS (8afa82f68d9d307534e9ccf3bb694bdd)] -&gt; xpath: //div[@class=&quot;v-list-item__title white--text&quot;]/h4] (tried for 90 second(s) with 500 milliseconds interval)
Build info: version: &apos;4.9.0&apos;, revision: &apos;d7057100a6&apos;
System info: os.name: &apos;Windows 10&apos;, os.arch: &apos;amd64&apos;, os.version: &apos;10.0&apos;, java.version: &apos;17.0.5&apos;
Driver info: org.openqa.selenium.chrome.ChromeDriver
Capabilities {acceptInsecureCerts: false, browserName: chrome, browserVersion: 113.0.5672.93, chrome: {chromedriverVersion: 113.0.5672.63 (0e1a4471d5ae..., userDataDir: C:\Users\VRUSHA~1\AppData\L...}, goog:chromeOptions: {debuggerAddress: localhost:65079}, networkConnectionEnabled: false, pageLoadStrategy: normal, platformName: WINDOWS, proxy: Proxy(), se:cdp: ws://localhost:65079/devtoo..., se:cdpVersion: 113.0.5672.93, setWindowRect: true, strictFileInteractability: false, timeouts: {implicit: 0, pageLoad: 300000, script: 30000}, unhandledPromptBehavior: dismiss and notify, webauthn:extension:credBlob: true, webauthn:extension:largeBlob: true, webauthn:extension:minPinLength: true, webauthn:extension:prf: true, webauthn:virtualAuthenticators: true}
Session ID: 8afa82f68d9d307534e9ccf3bb694bdd
	at org.openqa.selenium.support.ui.WebDriverWait.timeoutException(WebDriverWait.java:87)
	at org.openqa.selenium.support.ui.FluentWait.until(FluentWait.java:231)
	at com.Digitalcodes.utilities.Baseclass.getText(Baseclass.java:190)
	at com.Digitalcodes.pageobject.Header.getName(Header.java:61)
	at com.Digitalcodes.testcases.Login_Test.verifyUserInformation(Login_Test.java:43)
	at java.base/java.util.ArrayList.forEach(ArrayList.java:1511)
... Removed 31 stack frames
</div> <!-- stack-trace -->
                  <em>
(Verify User able to displyed Subscription type, Name, email )                  </em>
                </div> <!-- method-content -->
              </div> <!-- method -->
            </div> <!-- main-panel-content rounded-window-bottom -->
          </div> <!-- suite-Digital_Codes-class-failed -->
          <div class="suite-Digital_Codes-class-passed">
            <div class="main-panel-header rounded-window-top">
              <img src="passed.png"/>
              <span class="class-name">com.Digitalcodes.testcases.TitleLandingPage_Test</span>
            </div> <!-- main-panel-header rounded-window-top -->
            <div class="main-panel-content rounded-window-bottom">
              <div class="method">
                <div class="method-content">
                  <a name="verifyMarkFavoriteTitle">
                  </a> <!-- verifyMarkFavoriteTitle -->
                  <span class="method-name">verifyMarkFavoriteTitle</span>
                  <em>
(Verify user able to mark favorite and title should be displayed in favorites)                  </em>
                </div> <!-- method-content -->
              </div> <!-- method -->
              <div class="method">
                <div class="method-content">
                  <a name="verifyMyNotes_FromTOC">
                  </a> <!-- verifyMyNotes_FromTOC -->
                  <span class="method-name">verifyMyNotes_FromTOC</span>
                  <em>
(Verify my notes From TOC when user have no any notes )                  </em>
                </div> <!-- method-content -->
              </div> <!-- method -->
              <div class="method">
                <div class="method-content">
                  <a name="verifyNavigateToSection_FromTOC">
                  </a> <!-- verifyNavigateToSection_FromTOC -->
                  <span class="method-name">verifyNavigateToSection_FromTOC</span>
                  <em>
(Verify user able to naviagate Section from TOC)                  </em>
                </div> <!-- method-content -->
              </div> <!-- method -->
              <div class="method">
                <div class="method-content">
                  <a name="verifyPrintSection_FromSection">
                  </a> <!-- verifyPrintSection_FromSection -->
                  <span class="method-name">verifyPrintSection_FromSection</span>
                  <em>
(Verify user able to Print Section )                  </em>
                </div> <!-- method-content -->
              </div> <!-- method -->
              <div class="method">
                <div class="method-content">
                  <a name="verifyRemoveFavoriteTitle">
                  </a> <!-- verifyRemoveFavoriteTitle -->
                  <span class="method-name">verifyRemoveFavoriteTitle</span>
                  <em>
(Verify user able to remove favorite title)                  </em>
                </div> <!-- method-content -->
              </div> <!-- method -->
              <div class="method">
                <div class="method-content">
                  <a name="verifyShareNote_FromSction">
                  </a> <!-- verifyShareNote_FromSction -->
                  <span class="method-name">verifyShareNote_FromSction</span>
                  <em>
(Verify user able to share note from section)                  </em>
                </div> <!-- method-content -->
              </div> <!-- method -->
              <div class="method">
                <div class="method-content">
                  <a name="verifyShareSection_FromSection">
                  </a> <!-- verifyShareSection_FromSection -->
                  <span class="method-name">verifyShareSection_FromSection</span>
                  <em>
(Verify user able to share the section)                  </em>
                </div> <!-- method-content -->
              </div> <!-- method -->
            </div> <!-- main-panel-content rounded-window-bottom -->
          </div> <!-- suite-Digital_Codes-class-passed -->
          <div class="suite-Digital_Codes-class-passed">
            <div class="main-panel-header rounded-window-top">
              <img src="passed.png"/>
              <span class="class-name">com.Digitalcodes.testcases.TitleCovePage_Test</span>
            </div> <!-- main-panel-header rounded-window-top -->
            <div class="main-panel-content rounded-window-bottom">
              <div class="method">
                <div class="method-content">
                  <a name="navigateToGroupTitles">
                  </a> <!-- navigateToGroupTitles -->
                  <span class="method-name">navigateToGroupTitles</span>
                  <em>
(Verify user able to navigate to Group of Title)                  </em>
                </div> <!-- method-content -->
              </div> <!-- method -->
            </div> <!-- main-panel-content rounded-window-bottom -->
          </div> <!-- suite-Digital_Codes-class-passed -->
          <div class="suite-Digital_Codes-class-passed">
            <div class="main-panel-header rounded-window-top">
              <img src="passed.png"/>
              <span class="class-name">com.Digitalcodes.testcases.Login_Test</span>
            </div> <!-- main-panel-header rounded-window-top -->
            <div class="main-panel-content rounded-window-bottom">
              <div class="method">
                <div class="method-content">
                  <a name="login">
                  </a> <!-- login -->
                  <span class="method-name">login</span>
                  <em>
(User able to Login with valid creditionls)                  </em>
                </div> <!-- method-content -->
              </div> <!-- method -->
            </div> <!-- main-panel-content rounded-window-bottom -->
          </div> <!-- suite-Digital_Codes-class-passed -->
        </div> <!-- panel Digital_Codes -->
        <div panel-name="test-xml-Digital_Codes" class="panel">
          <div class="main-panel-header rounded-window-top">
            <span class="header-content">D:\eclipse-workspace\com.Digitalcodes\testng.xml</span>
          </div> <!-- main-panel-header rounded-window-top -->
          <div class="main-panel-content rounded-window-bottom">
            <pre>
&lt;?xml version=&quot;1.0&quot; encoding=&quot;UTF-8&quot;?&gt;
&lt;!DOCTYPE suite SYSTEM &quot;https://testng.org/testng-1.0.dtd&quot;&gt;
&lt;suite name=&quot;Digital Codes&quot; guice-stage=&quot;DEVELOPMENT&quot; verbose=&quot;0&quot;&gt;
  &lt;parameter name=&quot;tagname&quot; value=&quot;smoke&quot;/&gt;
  &lt;listeners&gt;
    &lt;listener class-name=&quot;com.Digitalcodes.testcases.LogResult&quot;/&gt;
  &lt;/listeners&gt;
  &lt;test thread-count=&quot;5&quot; name=&quot;Test&quot; verbose=&quot;0&quot;&gt;
    &lt;parameter name=&quot;Browser&quot; value=&quot;chrome&quot;/&gt;
    &lt;classes&gt;
      &lt;class name=&quot;com.Digitalcodes.testcases.Login_Test&quot;/&gt;
      &lt;class name=&quot;com.Digitalcodes.testcases.TitleCovePage_Test&quot;/&gt;
      &lt;class name=&quot;com.Digitalcodes.testcases.TitleLandingPage_Test&quot;/&gt;
    &lt;/classes&gt;
  &lt;/test&gt; &lt;!-- Test --&gt;
&lt;/suite&gt; &lt;!-- Digital Codes --&gt;
            </pre>
          </div> <!-- main-panel-content rounded-window-bottom -->
        </div> <!-- panel -->
        <div panel-name="testlist-Digital_Codes" class="panel">
          <div class="main-panel-header rounded-window-top">
            <span class="header-content">Tests for Digital Codes</span>
          </div> <!-- main-panel-header rounded-window-top -->
          <div class="main-panel-content rounded-window-bottom">
            <ul>
              <li>
                <span class="test-name">Test (3 classes)</span>
              </li>
            </ul>
          </div> <!-- main-panel-content rounded-window-bottom -->
        </div> <!-- panel -->
        <div panel-name="group-Digital_Codes" class="panel">
          <div class="main-panel-header rounded-window-top">
            <span class="header-content">Groups for Digital Codes</span>
          </div> <!-- main-panel-header rounded-window-top -->
          <div class="main-panel-content rounded-window-bottom">
          </div> <!-- main-panel-content rounded-window-bottom -->
        </div> <!-- panel -->
        <div panel-name="times-Digital_Codes" class="panel">
          <div class="main-panel-header rounded-window-top">
            <span class="header-content">Times for Digital Codes</span>
          </div> <!-- main-panel-header rounded-window-top -->
          <div class="main-panel-content rounded-window-bottom">
            <div class="times-div">
              <script type="text/javascript">
suiteTableInitFunctions.push('tableData_Digital_Codes');
function tableData_Digital_Codes() {
var data = new google.visualization.DataTable();
data.addColumn('number', 'Number');
data.addColumn('string', 'Method');
data.addColumn('string', 'Class');
data.addColumn('number', 'Time (ms)');
data.addRows(18);
data.setCell(0, 0, 0)
data.setCell(0, 1, 'verifyTitleLandingPage')
data.setCell(0, 2, 'com.Digitalcodes.testcases.TitleLandingPage_Test')
data.setCell(0, 3, 98778);
data.setCell(1, 0, 1)
data.setCell(1, 1, 'verifyEditNotes_FromSection')
data.setCell(1, 2, 'com.Digitalcodes.testcases.TitleLandingPage_Test')
data.setCell(1, 3, 95615);
data.setCell(2, 0, 2)
data.setCell(2, 1, 'verifyUserInformation')
data.setCell(2, 2, 'com.Digitalcodes.testcases.Login_Test')
data.setCell(2, 3, 95549);
data.setCell(3, 0, 3)
data.setCell(3, 1, 'verifyCreateBookmark_atSection')
data.setCell(3, 2, 'com.Digitalcodes.testcases.TitleLandingPage_Test')
data.setCell(3, 3, 84496);
data.setCell(4, 0, 4)
data.setCell(4, 1, 'verifyShareSection_FromSection')
data.setCell(4, 2, 'com.Digitalcodes.testcases.TitleLandingPage_Test')
data.setCell(4, 3, 77250);
data.setCell(5, 0, 5)
data.setCell(5, 1, 'verifyCreateNotes_atSection')
data.setCell(5, 2, 'com.Digitalcodes.testcases.TitleLandingPage_Test')
data.setCell(5, 3, 63944);
data.setCell(6, 0, 6)
data.setCell(6, 1, 'verifyNavigateToSection_FromTOC')
data.setCell(6, 2, 'com.Digitalcodes.testcases.TitleLandingPage_Test')
data.setCell(6, 3, 15211);
data.setCell(7, 0, 7)
data.setCell(7, 1, 'verifyShareNote_FromSction')
data.setCell(7, 2, 'com.Digitalcodes.testcases.TitleLandingPage_Test')
data.setCell(7, 3, 9507);
data.setCell(8, 0, 8)
data.setCell(8, 1, 'login')
data.setCell(8, 2, 'com.Digitalcodes.testcases.Login_Test')
data.setCell(8, 3, 8414);
data.setCell(9, 0, 9)
data.setCell(9, 1, 'verifyMarkFavoriteTitle')
data.setCell(9, 2, 'com.Digitalcodes.testcases.TitleLandingPage_Test')
data.setCell(9, 3, 6126);
data.setCell(10, 0, 10)
data.setCell(10, 1, 'verifyMyNotes_FromTOC')
data.setCell(10, 2, 'com.Digitalcodes.testcases.TitleLandingPage_Test')
data.setCell(10, 3, 5519);
data.setCell(11, 0, 11)
data.setCell(11, 1, 'verifyPrintSection_FromSection')
data.setCell(11, 2, 'com.Digitalcodes.testcases.TitleLandingPage_Test')
data.setCell(11, 3, 5482);
data.setCell(12, 0, 12)
data.setCell(12, 1, 'verifyRemoveFavoriteTitle')
data.setCell(12, 2, 'com.Digitalcodes.testcases.TitleLandingPage_Test')
data.setCell(12, 3, 4227);
data.setCell(13, 0, 13)
data.setCell(13, 1, 'navigateToGroupTitles')
data.setCell(13, 2, 'com.Digitalcodes.testcases.TitleCovePage_Test')
data.setCell(13, 3, 3276);
data.setCell(14, 0, 14)
data.setCell(14, 1, 'verifyEditBookmark_FromSection')
data.setCell(14, 2, 'com.Digitalcodes.testcases.TitleLandingPage_Test')
data.setCell(14, 3, 1231);
data.setCell(15, 0, 15)
data.setCell(15, 1, 'verifyDeleteBookmark_FromSection')
data.setCell(15, 2, 'com.Digitalcodes.testcases.TitleLandingPage_Test')
data.setCell(15, 3, 1219);
data.setCell(16, 0, 16)
data.setCell(16, 1, 'verifyDeleteNotes_FromSection')
data.setCell(16, 2, 'com.Digitalcodes.testcases.TitleLandingPage_Test')
data.setCell(16, 3, 1181);
data.setCell(17, 0, 17)
data.setCell(17, 1, 'verifyShareBookmark_FromSection')
data.setCell(17, 2, 'com.Digitalcodes.testcases.TitleLandingPage_Test')
data.setCell(17, 3, 1172);
window.suiteTableData['Digital_Codes']= { tableData: data, tableDiv: 'times-div-Digital_Codes'}
return data;
}
              </script>
              <span class="suite-total-time">Total running time: 9 minutes</span>
              <div id="times-div-Digital_Codes">
              </div> <!-- times-div-Digital_Codes -->
            </div> <!-- times-div -->
          </div> <!-- main-panel-content rounded-window-bottom -->
        </div> <!-- panel -->
        <div panel-name="reporter-Digital_Codes" class="panel">
          <div class="main-panel-header rounded-window-top">
            <span class="header-content">Reporter output for Digital Codes</span>
          </div> <!-- main-panel-header rounded-window-top -->
          <div class="main-panel-content rounded-window-bottom">
          </div> <!-- main-panel-content rounded-window-bottom -->
        </div> <!-- panel -->
        <div panel-name="ignored-methods-Digital_Codes" class="panel">
          <div class="main-panel-header rounded-window-top">
            <span class="header-content">6 ignored methods</span>
          </div> <!-- main-panel-header rounded-window-top -->
          <div class="main-panel-content rounded-window-bottom">
            <div class="ignored-class-div">
              <span class="ignored-class-name">com.Digitalcodes.testcases.TitleLandingPage_Test</span>
              <div class="ignored-methods-div">
                <span class="ignored-method-name">afterSuite</span>
                <br/>
                <span class="ignored-method-name">beforeTest</span>
                <br/>
                <span class="ignored-method-name">beforeSuite</span>
                <br/>
              </div> <!-- ignored-methods-div -->
            </div> <!-- ignored-class-div -->
            <div class="ignored-class-div">
              <span class="ignored-class-name">com.Digitalcodes.testcases.TitleCovePage_Test</span>
              <div class="ignored-methods-div">
                <span class="ignored-method-name">afterSuite</span>
                <br/>
                <span class="ignored-method-name">beforeTest</span>
                <br/>
                <span class="ignored-method-name">beforeSuite</span>
                <br/>
              </div> <!-- ignored-methods-div -->
            </div> <!-- ignored-class-div -->
          </div> <!-- main-panel-content rounded-window-bottom -->
        </div> <!-- panel -->
        <div panel-name="chronological-Digital_Codes" class="panel">
          <div class="main-panel-header rounded-window-top">
            <span class="header-content">Methods in chronological order</span>
          </div> <!-- main-panel-header rounded-window-top -->
          <div class="main-panel-content rounded-window-bottom">
            <div class="chronological-class">
              <div class="chronological-class-name">com.Digitalcodes.testcases.Login_Test</div> <!-- chronological-class-name -->
              <div class="configuration-suite before">
                <span class="method-name">beforeSuite(smoke)</span>
                <span class="method-start">0 ms</span>
              </div> <!-- configuration-suite before -->
              <div class="configuration-test before">
                <span class="method-name">beforeTest(chrome)</span>
                <span class="method-start">1269 ms</span>
              </div> <!-- configuration-test before -->
              <div class="configuration-class before">
                <span class="method-name">beforeClass</span>
                <span class="method-start">10961 ms</span>
              </div> <!-- configuration-class before -->
              <div class="test-method">
                <span class="method-name">login</span>
                <span class="method-start">10996 ms</span>
              </div> <!-- test-method -->
              <div class="configuration-method after">
                <span class="method-name">log_result([TestResult name=login status=SUCCESS method=Login_Test.login()[pri:1, instance:com.Digitalcodes.tes...)</span>
                <span class="method-start">19415 ms</span>
              </div> <!-- configuration-method after -->
              <div class="test-method">
                <img src="failed.png">
                </img>
                <span class="method-name">verifyUserInformation</span>
                <span class="method-start">21789 ms</span>
              </div> <!-- test-method -->
              <div class="configuration-method after">
                <span class="method-name">log_result([TestResult name=verifyUserInformation status=FAILURE method=Login_Test.verifyUserInformation()[pri:...)</span>
                <span class="method-start">117853 ms</span>
              </div> <!-- configuration-method after -->
            </div> <!-- chronological-class -->
            <div class="chronological-class">
              <div class="chronological-class-name">com.Digitalcodes.testcases.TitleCovePage_Test</div> <!-- chronological-class-name -->
              <div class="configuration-class before">
                <span class="method-name">beforeClass</span>
                <span class="method-start">119929 ms</span>
              </div> <!-- configuration-class before -->
              <div class="configuration-method before">
                <span class="method-name">beforeMethodsGroupoftitles</span>
                <span class="method-start">119931 ms</span>
              </div> <!-- configuration-method before -->
              <div class="test-method">
                <span class="method-name">navigateToGroupTitles</span>
                <span class="method-start">119931 ms</span>
              </div> <!-- test-method -->
              <div class="configuration-method after">
                <span class="method-name">log_result([TestResult name=navigateToGroupTitles status=SUCCESS method=TitleCovePage_Test.navigateToGroupTitle...)</span>
                <span class="method-start">123207 ms</span>
              </div> <!-- configuration-method after -->
            </div> <!-- chronological-class -->
            <div class="chronological-class">
              <div class="chronological-class-name">com.Digitalcodes.testcases.TitleLandingPage_Test</div> <!-- chronological-class-name -->
              <div class="configuration-class before">
                <span class="method-name">beforeClass</span>
                <span class="method-start">125287 ms</span>
              </div> <!-- configuration-class before -->
              <div class="configuration-class before">
                <span class="method-name">beforeClassTitlepage</span>
                <span class="method-start">125288 ms</span>
              </div> <!-- configuration-class before -->
              <div class="test-method">
                <img src="failed.png">
                </img>
                <span class="method-name">verifyTitleLandingPage</span>
                <span class="method-start">126361 ms</span>
              </div> <!-- test-method -->
              <div class="configuration-method after">
                <span class="method-name">log_result([TestResult name=verifyTitleLandingPage status=FAILURE method=TitleLandingPage_Test.verifyTitleLandi...)</span>
                <span class="method-start">225469 ms</span>
              </div> <!-- configuration-method after -->
              <div class="test-method">
                <span class="method-name">verifyMarkFavoriteTitle</span>
                <span class="method-start">227580 ms</span>
              </div> <!-- test-method -->
              <div class="configuration-method after">
                <span class="method-name">log_result([TestResult name=verifyMarkFavoriteTitle status=SUCCESS method=TitleLandingPage_Test.verifyMarkFavor...)</span>
                <span class="method-start">233707 ms</span>
              </div> <!-- configuration-method after -->
              <div class="test-method">
                <span class="method-name">verifyRemoveFavoriteTitle</span>
                <span class="method-start">235750 ms</span>
              </div> <!-- test-method -->
              <div class="configuration-method after">
                <span class="method-name">log_result([TestResult name=verifyRemoveFavoriteTitle status=SUCCESS method=TitleLandingPage_Test.verifyRemoveF...)</span>
                <span class="method-start">239983 ms</span>
              </div> <!-- configuration-method after -->
              <div class="test-method">
                <span class="method-name">verifyMyNotes_FromTOC</span>
                <span class="method-start">242022 ms</span>
              </div> <!-- test-method -->
              <div class="configuration-method after">
                <span class="method-name">log_result([TestResult name=verifyMyNotes_FromTOC status=SUCCESS method=TitleLandingPage_Test.verifyMyNotes_Fro...)</span>
                <span class="method-start">247542 ms</span>
              </div> <!-- configuration-method after -->
              <div class="test-method">
                <span class="method-name">verifyNavigateToSection_FromTOC</span>
                <span class="method-start">249595 ms</span>
              </div> <!-- test-method -->
              <div class="configuration-method after">
                <span class="method-name">log_result([TestResult name=verifyNavigateToSection_FromTOC status=SUCCESS method=TitleLandingPage_Test.verifyN...)</span>
                <span class="method-start">264807 ms</span>
              </div> <!-- configuration-method after -->
              <div class="test-method">
                <img src="failed.png">
                </img>
                <span class="method-name">verifyCreateNotes_atSection</span>
                <span class="method-start">266857 ms</span>
              </div> <!-- test-method -->
              <div class="configuration-method after">
                <span class="method-name">log_result([TestResult name=verifyCreateNotes_atSection status=FAILURE method=TitleLandingPage_Test.verifyCreat...)</span>
                <span class="method-start">330933 ms</span>
              </div> <!-- configuration-method after -->
              <div class="test-method">
                <img src="failed.png">
                </img>
                <span class="method-name">verifyCreateBookmark_atSection</span>
                <span class="method-start">333020 ms</span>
              </div> <!-- test-method -->
              <div class="configuration-method after">
                <span class="method-name">log_result([TestResult name=verifyCreateBookmark_atSection status=FAILURE method=TitleLandingPage_Test.verifyCr...)</span>
                <span class="method-start">417664 ms</span>
              </div> <!-- configuration-method after -->
              <div class="test-method">
                <span class="method-name">verifyShareSection_FromSection</span>
                <span class="method-start">419792 ms</span>
              </div> <!-- test-method -->
              <div class="configuration-method after">
                <span class="method-name">log_result([TestResult name=verifyShareSection_FromSection status=SUCCESS method=TitleLandingPage_Test.verifySh...)</span>
                <span class="method-start">497043 ms</span>
              </div> <!-- configuration-method after -->
              <div class="test-method">
                <span class="method-name">verifyPrintSection_FromSection</span>
                <span class="method-start">499082 ms</span>
              </div> <!-- test-method -->
              <div class="configuration-method after">
                <span class="method-name">log_result([TestResult name=verifyPrintSection_FromSection status=SUCCESS method=TitleLandingPage_Test.verifyPr...)</span>
                <span class="method-start">504567 ms</span>
              </div> <!-- configuration-method after -->
              <div class="test-method">
                <span class="method-name">verifyShareNote_FromSction</span>
                <span class="method-start">506638 ms</span>
              </div> <!-- test-method -->
              <div class="configuration-method after">
                <span class="method-name">log_result([TestResult name=verifyShareNote_FromSction status=SUCCESS method=TitleLandingPage_Test.verifyShareN...)</span>
                <span class="method-start">516146 ms</span>
              </div> <!-- configuration-method after -->
              <div class="test-method">
                <img src="failed.png">
                </img>
                <span class="method-name">verifyEditNotes_FromSection</span>
                <span class="method-start">518197 ms</span>
              </div> <!-- test-method -->
              <div class="configuration-method after">
                <span class="method-name">log_result([TestResult name=verifyEditNotes_FromSection status=FAILURE method=TitleLandingPage_Test.verifyEditN...)</span>
                <span class="method-start">613960 ms</span>
              </div> <!-- configuration-method after -->
              <div class="test-method">
                <img src="failed.png">
                </img>
                <span class="method-name">verifyDeleteNotes_FromSection</span>
                <span class="method-start">616016 ms</span>
              </div> <!-- test-method -->
              <div class="configuration-method after">
                <span class="method-name">log_result([TestResult name=verifyDeleteNotes_FromSection status=FAILURE method=TitleLandingPage_Test.verifyDel...)</span>
                <span class="method-start">617314 ms</span>
              </div> <!-- configuration-method after -->
              <div class="test-method">
                <img src="failed.png">
                </img>
                <span class="method-name">verifyShareBookmark_FromSection</span>
                <span class="method-start">619352 ms</span>
              </div> <!-- test-method -->
              <div class="configuration-method after">
                <span class="method-name">log_result([TestResult name=verifyShareBookmark_FromSection status=FAILURE method=TitleLandingPage_Test.verifyS...)</span>
                <span class="method-start">620654 ms</span>
              </div> <!-- configuration-method after -->
              <div class="test-method">
                <img src="failed.png">
                </img>
                <span class="method-name">verifyEditBookmark_FromSection</span>
                <span class="method-start">622720 ms</span>
              </div> <!-- test-method -->
              <div class="configuration-method after">
                <span class="method-name">log_result([TestResult name=verifyEditBookmark_FromSection status=FAILURE method=TitleLandingPage_Test.verifyEd...)</span>
                <span class="method-start">624052 ms</span>
              </div> <!-- configuration-method after -->
              <div class="test-method">
                <img src="failed.png">
                </img>
                <span class="method-name">verifyDeleteBookmark_FromSection</span>
                <span class="method-start">626078 ms</span>
              </div> <!-- test-method -->
              <div class="configuration-method after">
                <span class="method-name">log_result([TestResult name=verifyDeleteBookmark_FromSection status=FAILURE method=TitleLandingPage_Test.verify...)</span>
                <span class="method-start">627418 ms</span>
              </div> <!-- configuration-method after -->
            </div> <!-- chronological-class -->
            <div class="chronological-class">
              <div class="chronological-class-name">com.Digitalcodes.testcases.Login_Test</div> <!-- chronological-class-name -->
              <div class="configuration-suite after">
                <span class="method-name">afterSuite</span>
                <span class="method-start">630204 ms</span>
              </div> <!-- configuration-suite after -->
          </div> <!-- main-panel-content rounded-window-bottom -->
        </div> <!-- panel -->
      </div> <!-- main-panel-root -->
    </div> <!-- wrapper -->
  </body>
<script type="text/javascript" src="testng-reports2.js"></script>
</html>
