<?xml version="1.0" encoding="UTF-8"?>
<testng-results skipped="1" failed="3" ignored="1" total="10" passed="5">
  <reporter-output>
  </reporter-output>
  <suite name="Suite" duration-ms="99064" started-at="2023-04-07T20:11:27 IST" finished-at="2023-04-07T20:13:06 IST">
    <groups>
    </groups>
    <test name="Test" duration-ms="99064" started-at="2023-04-07T20:11:27 IST" finished-at="2023-04-07T20:13:06 IST">
      <class name="com.Digitalcodes.testcases.TC_Loginpage">
        <test-method status="PASS" signature="setdata()[pri:0, instance:com.Digitalcodes.testcases.TC_Loginpage@80503]" name="setdata" is-config="true" duration-ms="112272" started-at="2023-04-07T20:09:35 IST" finished-at="2023-04-07T20:11:27 IST">
          <reporter-output>
          </reporter-output>
        </test-method> <!-- setdata -->
        <test-method status="FAIL" signature="login()[pri:1, instance:com.Digitalcodes.testcases.TC_Loginpage@80503]" name="login" duration-ms="9094" started-at="2023-04-07T20:11:27 IST" description="User able to Login" finished-at="2023-04-07T20:11:37 IST">
          <exception class="java.lang.AssertionError">
            <message>
              <![CDATA[expected [https://codes-stage.iccsafe.org/dashboard/library] but found [https://codes-stage.iccsafe.org/login]]]>
            </message>
            <full-stacktrace>
              <![CDATA[java.lang.AssertionError: expected [https://codes-stage.iccsafe.org/dashboard/library] but found [https://codes-stage.iccsafe.org/login]
at org.testng.Assert.fail(Assert.java:99)
at org.testng.Assert.failNotEquals(Assert.java:1037)
at org.testng.Assert.assertEqualsImpl(Assert.java:140)
at org.testng.Assert.assertEquals(Assert.java:122)
at org.testng.Assert.assertEquals(Assert.java:629)
at org.testng.Assert.assertEquals(Assert.java:639)
at com.Digitalcodes.utilities.AssertStatements.assertEquals(AssertStatements.java:12)
at com.Digitalcodes.testcases.TC_Loginpage.login(TC_Loginpage.java:44)
at sun.reflect.NativeMethodAccessorImpl.invoke0(Native Method)
at sun.reflect.NativeMethodAccessorImpl.invoke(NativeMethodAccessorImpl.java:62)
at sun.reflect.DelegatingMethodAccessorImpl.invoke(DelegatingMethodAccessorImpl.java:43)
at java.lang.reflect.Method.invoke(Method.java:498)
at org.testng.internal.MethodInvocationHelper.invokeMethod(MethodInvocationHelper.java:133)
at org.testng.internal.TestInvoker.invokeMethod(TestInvoker.java:598)
at org.testng.internal.TestInvoker.invokeTestMethod(TestInvoker.java:173)
at org.testng.internal.MethodRunner.runInSequence(MethodRunner.java:46)
at org.testng.internal.TestInvoker$MethodInvocationAgent.invoke(TestInvoker.java:824)
at org.testng.internal.TestInvoker.invokeTestMethods(TestInvoker.java:146)
at org.testng.internal.TestMethodWorker.invokeTestMethods(TestMethodWorker.java:146)
at org.testng.internal.TestMethodWorker.run(TestMethodWorker.java:128)
at java.util.ArrayList.forEach(ArrayList.java:1257)
at org.testng.TestRunner.privateRun(TestRunner.java:794)
at org.testng.TestRunner.run(TestRunner.java:596)
at org.testng.SuiteRunner.runTest(SuiteRunner.java:377)
at org.testng.SuiteRunner.runSequentially(SuiteRunner.java:371)
at org.testng.SuiteRunner.privateRun(SuiteRunner.java:332)
at org.testng.SuiteRunner.run(SuiteRunner.java:276)
at org.testng.SuiteRunnerWorker.runSuite(SuiteRunnerWorker.java:53)
at org.testng.SuiteRunnerWorker.run(SuiteRunnerWorker.java:96)
at org.testng.TestNG.runSuitesSequentially(TestNG.java:1212)
at org.testng.TestNG.runSuitesLocally(TestNG.java:1134)
at org.testng.TestNG.runSuites(TestNG.java:1063)
at org.testng.TestNG.run(TestNG.java:1031)
at org.apache.maven.surefire.testng.TestNGExecutor.run(TestNGExecutor.java:178)
at org.apache.maven.surefire.testng.TestNGXmlTestSuite.execute(TestNGXmlTestSuite.java:92)
at org.apache.maven.surefire.testng.TestNGProvider.invoke(TestNGProvider.java:96)
at sun.reflect.NativeMethodAccessorImpl.invoke0(Native Method)
at sun.reflect.NativeMethodAccessorImpl.invoke(NativeMethodAccessorImpl.java:62)
at sun.reflect.DelegatingMethodAccessorImpl.invoke(DelegatingMethodAccessorImpl.java:43)
at java.lang.reflect.Method.invoke(Method.java:498)
at org.apache.maven.surefire.util.ReflectionUtils.invokeMethodWithArray2(ReflectionUtils.java:208)
at org.apache.maven.surefire.booter.ProviderFactory$ProviderProxy.invoke(ProviderFactory.java:159)
at org.apache.maven.surefire.booter.ProviderFactory.invokeProvider(ProviderFactory.java:87)
at org.apache.maven.surefire.booter.ForkedBooter.runSuitesInProcess(ForkedBooter.java:153)
at org.apache.maven.surefire.booter.ForkedBooter.main(ForkedBooter.java:95)
]]>
            </full-stacktrace>
          </exception> <!-- java.lang.AssertionError -->
          <reporter-output>
          </reporter-output>
        </test-method> <!-- login -->
        <test-method status="PASS" signature="log_result(org.testng.ITestResult)[pri:0, instance:com.Digitalcodes.testcases.TC_Loginpage@80503]" name="log_result" is-config="true" duration-ms="2806" started-at="2023-04-07T20:11:37 IST" finished-at="2023-04-07T20:11:40 IST">
          <params>
            <param index="0">
              <value>
                <![CDATA[[TestResult name=login status=FAILURE method=TC_Loginpage.login()[pri:1, instance:com.Digitalcodes.testcases.TC_Loginpage@80503] output={null}]]]>
              </value>
            </param>
          </params>
          <reporter-output>
          </reporter-output>
        </test-method> <!-- log_result -->
        <test-method status="SKIP" signature="verifyUserInformation()[pri:0, instance:com.Digitalcodes.testcases.TC_Loginpage@80503]" name="verifyUserInformation" duration-ms="0" started-at="2023-04-07T20:11:40 IST" description="Verify User able to displyed Subscription type, Name, email " depends-on-methods="com.Digitalcodes.testcases.TC_Loginpage.login" finished-at="2023-04-07T20:11:40 IST">
          <exception class="java.lang.Throwable">
            <message>
              <![CDATA[Method TC_Loginpage.verifyUserInformation()[pri:0, instance:com.Digitalcodes.testcases.TC_Loginpage@80503] depends on not successfully finished methods]]>
            </message>
            <full-stacktrace>
              <![CDATA[java.lang.Throwable: Method TC_Loginpage.verifyUserInformation()[pri:0, instance:com.Digitalcodes.testcases.TC_Loginpage@80503] depends on not successfully finished methods
at org.testng.internal.TestInvoker.invokeTestMethods(TestInvoker.java:102)
at org.testng.internal.TestMethodWorker.invokeTestMethods(TestMethodWorker.java:146)
at org.testng.internal.TestMethodWorker.run(TestMethodWorker.java:128)
at java.util.ArrayList.forEach(ArrayList.java:1257)
at org.testng.TestRunner.privateRun(TestRunner.java:794)
at org.testng.TestRunner.run(TestRunner.java:596)
at org.testng.SuiteRunner.runTest(SuiteRunner.java:377)
at org.testng.SuiteRunner.runSequentially(SuiteRunner.java:371)
at org.testng.SuiteRunner.privateRun(SuiteRunner.java:332)
at org.testng.SuiteRunner.run(SuiteRunner.java:276)
at org.testng.SuiteRunnerWorker.runSuite(SuiteRunnerWorker.java:53)
at org.testng.SuiteRunnerWorker.run(SuiteRunnerWorker.java:96)
at org.testng.TestNG.runSuitesSequentially(TestNG.java:1212)
at org.testng.TestNG.runSuitesLocally(TestNG.java:1134)
at org.testng.TestNG.runSuites(TestNG.java:1063)
at org.testng.TestNG.run(TestNG.java:1031)
at org.apache.maven.surefire.testng.TestNGExecutor.run(TestNGExecutor.java:178)
at org.apache.maven.surefire.testng.TestNGXmlTestSuite.execute(TestNGXmlTestSuite.java:92)
at org.apache.maven.surefire.testng.TestNGProvider.invoke(TestNGProvider.java:96)
at sun.reflect.NativeMethodAccessorImpl.invoke0(Native Method)
at sun.reflect.NativeMethodAccessorImpl.invoke(NativeMethodAccessorImpl.java:62)
at sun.reflect.DelegatingMethodAccessorImpl.invoke(DelegatingMethodAccessorImpl.java:43)
at java.lang.reflect.Method.invoke(Method.java:498)
at org.apache.maven.surefire.util.ReflectionUtils.invokeMethodWithArray2(ReflectionUtils.java:208)
at org.apache.maven.surefire.booter.ProviderFactory$ProviderProxy.invoke(ProviderFactory.java:159)
at org.apache.maven.surefire.booter.ProviderFactory.invokeProvider(ProviderFactory.java:87)
at org.apache.maven.surefire.booter.ForkedBooter.runSuitesInProcess(ForkedBooter.java:153)
at org.apache.maven.surefire.booter.ForkedBooter.main(ForkedBooter.java:95)
]]>
            </full-stacktrace>
          </exception> <!-- java.lang.Throwable -->
          <reporter-output>
          </reporter-output>
        </test-method> <!-- verifyUserInformation -->
        <test-method status="PASS" signature="navigateToGroupTitles()[pri:2, instance:com.Digitalcodes.testcases.TC_Loginpage@80503]" name="navigateToGroupTitles" duration-ms="5358" started-at="2023-04-07T20:11:40 IST" description="Verify user able to navigate to Group of Title" finished-at="2023-04-07T20:11:45 IST">
          <reporter-output>
          </reporter-output>
        </test-method> <!-- navigateToGroupTitles -->
        <test-method status="PASS" signature="log_result(org.testng.ITestResult)[pri:0, instance:com.Digitalcodes.testcases.TC_Loginpage@80503]" name="log_result" is-config="true" duration-ms="2136" started-at="2023-04-07T20:11:45 IST" finished-at="2023-04-07T20:11:47 IST">
          <params>
            <param index="0">
              <value>
                <![CDATA[[TestResult name=navigateToGroupTitles status=SUCCESS method=TC_Loginpage.navigateToGroupTitles()[pri:2, instance:com.Digitalcodes.testcases.TC_Loginpage@80503] output={null}]]]>
              </value>
            </param>
          </params>
          <reporter-output>
          </reporter-output>
        </test-method> <!-- log_result -->
        <test-method status="FAIL" signature="navigateToTitle()[pri:3, instance:com.Digitalcodes.testcases.TC_Loginpage@80503]" name="navigateToTitle" duration-ms="9891" started-at="2023-04-07T20:11:47 IST" description="Verify User able to Navigate to Title Landing page and verify Tag" finished-at="2023-04-07T20:11:57 IST">
          <exception class="java.lang.AssertionError">
            <message>
              <![CDATA[expected [PREMIUM] but found [BASIC PLUS]]]>
            </message>
            <full-stacktrace>
              <![CDATA[java.lang.AssertionError: expected [PREMIUM] but found [BASIC PLUS]
at org.testng.Assert.fail(Assert.java:99)
at org.testng.Assert.failNotEquals(Assert.java:1037)
at org.testng.Assert.assertEqualsImpl(Assert.java:140)
at org.testng.Assert.assertEquals(Assert.java:122)
at org.testng.Assert.assertEquals(Assert.java:629)
at org.testng.Assert.assertEquals(Assert.java:639)
at com.Digitalcodes.utilities.AssertStatements.assertEquals(AssertStatements.java:12)
at com.Digitalcodes.testcases.TC_Loginpage.navigateToTitle(TC_Loginpage.java:135)
at sun.reflect.NativeMethodAccessorImpl.invoke0(Native Method)
at sun.reflect.NativeMethodAccessorImpl.invoke(NativeMethodAccessorImpl.java:62)
at sun.reflect.DelegatingMethodAccessorImpl.invoke(DelegatingMethodAccessorImpl.java:43)
at java.lang.reflect.Method.invoke(Method.java:498)
at org.testng.internal.MethodInvocationHelper.invokeMethod(MethodInvocationHelper.java:133)
at org.testng.internal.TestInvoker.invokeMethod(TestInvoker.java:598)
at org.testng.internal.TestInvoker.invokeTestMethod(TestInvoker.java:173)
at org.testng.internal.MethodRunner.runInSequence(MethodRunner.java:46)
at org.testng.internal.TestInvoker$MethodInvocationAgent.invoke(TestInvoker.java:824)
at org.testng.internal.TestInvoker.invokeTestMethods(TestInvoker.java:146)
at org.testng.internal.TestMethodWorker.invokeTestMethods(TestMethodWorker.java:146)
at org.testng.internal.TestMethodWorker.run(TestMethodWorker.java:128)
at java.util.ArrayList.forEach(ArrayList.java:1257)
at org.testng.TestRunner.privateRun(TestRunner.java:794)
at org.testng.TestRunner.run(TestRunner.java:596)
at org.testng.SuiteRunner.runTest(SuiteRunner.java:377)
at org.testng.SuiteRunner.runSequentially(SuiteRunner.java:371)
at org.testng.SuiteRunner.privateRun(SuiteRunner.java:332)
at org.testng.SuiteRunner.run(SuiteRunner.java:276)
at org.testng.SuiteRunnerWorker.runSuite(SuiteRunnerWorker.java:53)
at org.testng.SuiteRunnerWorker.run(SuiteRunnerWorker.java:96)
at org.testng.TestNG.runSuitesSequentially(TestNG.java:1212)
at org.testng.TestNG.runSuitesLocally(TestNG.java:1134)
at org.testng.TestNG.runSuites(TestNG.java:1063)
at org.testng.TestNG.run(TestNG.java:1031)
at org.apache.maven.surefire.testng.TestNGExecutor.run(TestNGExecutor.java:178)
at org.apache.maven.surefire.testng.TestNGXmlTestSuite.execute(TestNGXmlTestSuite.java:92)
at org.apache.maven.surefire.testng.TestNGProvider.invoke(TestNGProvider.java:96)
at sun.reflect.NativeMethodAccessorImpl.invoke0(Native Method)
at sun.reflect.NativeMethodAccessorImpl.invoke(NativeMethodAccessorImpl.java:62)
at sun.reflect.DelegatingMethodAccessorImpl.invoke(DelegatingMethodAccessorImpl.java:43)
at java.lang.reflect.Method.invoke(Method.java:498)
at org.apache.maven.surefire.util.ReflectionUtils.invokeMethodWithArray2(ReflectionUtils.java:208)
at org.apache.maven.surefire.booter.ProviderFactory$ProviderProxy.invoke(ProviderFactory.java:159)
at org.apache.maven.surefire.booter.ProviderFactory.invokeProvider(ProviderFactory.java:87)
at org.apache.maven.surefire.booter.ForkedBooter.runSuitesInProcess(ForkedBooter.java:153)
at org.apache.maven.surefire.booter.ForkedBooter.main(ForkedBooter.java:95)
]]>
            </full-stacktrace>
          </exception> <!-- java.lang.AssertionError -->
          <reporter-output>
          </reporter-output>
        </test-method> <!-- navigateToTitle -->
        <test-method status="PASS" signature="log_result(org.testng.ITestResult)[pri:0, instance:com.Digitalcodes.testcases.TC_Loginpage@80503]" name="log_result" is-config="true" duration-ms="2078" started-at="2023-04-07T20:11:57 IST" finished-at="2023-04-07T20:11:59 IST">
          <params>
            <param index="0">
              <value>
                <![CDATA[[TestResult name=navigateToTitle status=FAILURE method=TC_Loginpage.navigateToTitle()[pri:3, instance:com.Digitalcodes.testcases.TC_Loginpage@80503] output={null}]]]>
              </value>
            </param>
          </params>
          <reporter-output>
          </reporter-output>
        </test-method> <!-- log_result -->
        <test-method status="PASS" signature="markFavoriteTitle()[pri:4, instance:com.Digitalcodes.testcases.TC_Loginpage@80503]" name="markFavoriteTitle" duration-ms="6062" started-at="2023-04-07T20:11:59 IST" description="Verify user able to mark favorite and title should be displayed in favorites feature" finished-at="2023-04-07T20:12:06 IST">
          <reporter-output>
          </reporter-output>
        </test-method> <!-- markFavoriteTitle -->
        <test-method status="PASS" signature="log_result(org.testng.ITestResult)[pri:0, instance:com.Digitalcodes.testcases.TC_Loginpage@80503]" name="log_result" is-config="true" duration-ms="2118" started-at="2023-04-07T20:12:06 IST" finished-at="2023-04-07T20:12:08 IST">
          <params>
            <param index="0">
              <value>
                <![CDATA[[TestResult name=markFavoriteTitle status=SUCCESS method=TC_Loginpage.markFavoriteTitle()[pri:4, instance:com.Digitalcodes.testcases.TC_Loginpage@80503] output={null}]]]>
              </value>
            </param>
          </params>
          <reporter-output>
          </reporter-output>
        </test-method> <!-- log_result -->
        <test-method status="PASS" signature="removeFavoriteTitle()[pri:5, instance:com.Digitalcodes.testcases.TC_Loginpage@80503]" name="removeFavoriteTitle" duration-ms="4443" started-at="2023-04-07T20:12:08 IST" description="Verify user able to remove favorite title" finished-at="2023-04-07T20:12:12 IST">
          <reporter-output>
          </reporter-output>
        </test-method> <!-- removeFavoriteTitle -->
        <test-method status="PASS" signature="log_result(org.testng.ITestResult)[pri:0, instance:com.Digitalcodes.testcases.TC_Loginpage@80503]" name="log_result" is-config="true" duration-ms="2194" started-at="2023-04-07T20:12:12 IST" finished-at="2023-04-07T20:12:14 IST">
          <params>
            <param index="0">
              <value>
                <![CDATA[[TestResult name=removeFavoriteTitle status=SUCCESS method=TC_Loginpage.removeFavoriteTitle()[pri:5, instance:com.Digitalcodes.testcases.TC_Loginpage@80503] output={null}]]]>
              </value>
            </param>
          </params>
          <reporter-output>
          </reporter-output>
        </test-method> <!-- log_result -->
        <test-method status="PASS" signature="navigateToMyNotes_fromTOC()[pri:6, instance:com.Digitalcodes.testcases.TC_Loginpage@80503]" name="navigateToMyNotes_fromTOC" duration-ms="1485" started-at="2023-04-07T20:12:14 IST" description="Verify User able to navigat to my notes From TOC" finished-at="2023-04-07T20:12:16 IST">
          <reporter-output>
          </reporter-output>
        </test-method> <!-- navigateToMyNotes_fromTOC -->
        <test-method status="PASS" signature="log_result(org.testng.ITestResult)[pri:0, instance:com.Digitalcodes.testcases.TC_Loginpage@80503]" name="log_result" is-config="true" duration-ms="2054" started-at="2023-04-07T20:12:16 IST" finished-at="2023-04-07T20:12:18 IST">
          <params>
            <param index="0">
              <value>
                <![CDATA[[TestResult name=navigateToMyNotes_fromTOC status=SUCCESS method=TC_Loginpage.navigateToMyNotes_fromTOC()[pri:6, instance:com.Digitalcodes.testcases.TC_Loginpage@80503] output={null}]]]>
              </value>
            </param>
          </params>
          <reporter-output>
          </reporter-output>
        </test-method> <!-- log_result -->
        <test-method status="PASS" signature="navigateToSection_fromTOC()[pri:7, instance:com.Digitalcodes.testcases.TC_Loginpage@80503]" name="navigateToSection_fromTOC" duration-ms="12560" started-at="2023-04-07T20:12:18 IST" description="Verify user able to naviagate Section from TOC" finished-at="2023-04-07T20:12:30 IST">
          <reporter-output>
          </reporter-output>
        </test-method> <!-- navigateToSection_fromTOC -->
        <test-method status="PASS" signature="log_result(org.testng.ITestResult)[pri:0, instance:com.Digitalcodes.testcases.TC_Loginpage@80503]" name="log_result" is-config="true" duration-ms="2074" started-at="2023-04-07T20:12:30 IST" finished-at="2023-04-07T20:12:32 IST">
          <params>
            <param index="0">
              <value>
                <![CDATA[[TestResult name=navigateToSection_fromTOC status=SUCCESS method=TC_Loginpage.navigateToSection_fromTOC()[pri:7, instance:com.Digitalcodes.testcases.TC_Loginpage@80503] output={null}]]]>
              </value>
            </param>
          </params>
          <reporter-output>
          </reporter-output>
        </test-method> <!-- log_result -->
        <test-method status="FAIL" signature="createNotes_atSection()[pri:8, instance:com.Digitalcodes.testcases.TC_Loginpage@80503]" name="createNotes_atSection" duration-ms="31528" started-at="2023-04-07T20:12:32 IST" description="Verify user able to create notes at section" finished-at="2023-04-07T20:13:04 IST">
          <exception class="org.openqa.selenium.NoSuchElementException">
            <message>
              <![CDATA[Unable to locate element: //div[@class="ql-editor ql-blank"]
For documentation on this error, please visit: https://selenium.dev/exceptions/#no_such_element
Build info: version: '4.3.0', revision: 'a4995e2c09*'
System info: host: 'IB-PUNE-LAP-329', ip: '192.168.215.71', os.name: 'Windows 10', os.arch: 'amd64', os.version: '10.0', java.version: '1.8.0_191'
Driver info: org.openqa.selenium.firefox.FirefoxDriver
Command: [2fe9b6c9-10e8-4585-9ec7-c7743e859394, findElement {using=xpath, value=//div[@class="ql-editor ql-blank"]}]
Capabilities {acceptInsecureCerts: true, browserName: firefox, browserVersion: 106.0.3, moz:accessibilityChecks: false, moz:buildID: 20221030091646, moz:debuggerAddress: 127.0.0.1:51224, moz:geckodriverVersion: 0.32.0, moz:headless: false, moz:platformVersion: 10.0, moz:processID: 21536, moz:profile: C:\Users\VRUSHA~1\AppData\L..., moz:shutdownTimeout: 60000, moz:useNonSpecCompliantPointerOrigin: false, moz:webdriverClick: true, moz:windowless: false, pageLoadStrategy: normal, platformName: WINDOWS, proxy: Proxy(), se:cdp: ws://127.0.0.1:51224/devtoo..., se:cdpVersion: 85.0, setWindowRect: true, strictFileInteractability: false, timeouts: {implicit: 0, pageLoad: 300000, script: 30000}, unhandledPromptBehavior: dismiss and notify}
Session ID: 2fe9b6c9-10e8-4585-9ec7-c7743e859394]]>
            </message>
            <full-stacktrace>
              <![CDATA[org.openqa.selenium.NoSuchElementException: Unable to locate element: //div[@class="ql-editor ql-blank"]
For documentation on this error, please visit: https://selenium.dev/exceptions/#no_such_element
Build info: version: '4.3.0', revision: 'a4995e2c09*'
System info: host: 'IB-PUNE-LAP-329', ip: '192.168.215.71', os.name: 'Windows 10', os.arch: 'amd64', os.version: '10.0', java.version: '1.8.0_191'
Driver info: org.openqa.selenium.firefox.FirefoxDriver
Command: [2fe9b6c9-10e8-4585-9ec7-c7743e859394, findElement {using=xpath, value=//div[@class="ql-editor ql-blank"]}]
Capabilities {acceptInsecureCerts: true, browserName: firefox, browserVersion: 106.0.3, moz:accessibilityChecks: false, moz:buildID: 20221030091646, moz:debuggerAddress: 127.0.0.1:51224, moz:geckodriverVersion: 0.32.0, moz:headless: false, moz:platformVersion: 10.0, moz:processID: 21536, moz:profile: C:\Users\VRUSHA~1\AppData\L..., moz:shutdownTimeout: 60000, moz:useNonSpecCompliantPointerOrigin: false, moz:webdriverClick: true, moz:windowless: false, pageLoadStrategy: normal, platformName: WINDOWS, proxy: Proxy(), se:cdp: ws://127.0.0.1:51224/devtoo..., se:cdpVersion: 85.0, setWindowRect: true, strictFileInteractability: false, timeouts: {implicit: 0, pageLoad: 300000, script: 30000}, unhandledPromptBehavior: dismiss and notify}
Session ID: 2fe9b6c9-10e8-4585-9ec7-c7743e859394
at sun.reflect.NativeConstructorAccessorImpl.newInstance0(Native Method)
at sun.reflect.NativeConstructorAccessorImpl.newInstance(NativeConstructorAccessorImpl.java:62)
at sun.reflect.DelegatingConstructorAccessorImpl.newInstance(DelegatingConstructorAccessorImpl.java:45)
at java.lang.reflect.Constructor.newInstance(Constructor.java:423)
at org.openqa.selenium.remote.codec.w3c.W3CHttpResponseCodec.createException(W3CHttpResponseCodec.java:200)
at org.openqa.selenium.remote.codec.w3c.W3CHttpResponseCodec.decode(W3CHttpResponseCodec.java:133)
at org.openqa.selenium.remote.codec.w3c.W3CHttpResponseCodec.decode(W3CHttpResponseCodec.java:53)
at org.openqa.selenium.remote.HttpCommandExecutor.execute(HttpCommandExecutor.java:184)
at org.openqa.selenium.remote.service.DriverCommandExecutor.invokeExecute(DriverCommandExecutor.java:167)
at org.openqa.selenium.remote.service.DriverCommandExecutor.execute(DriverCommandExecutor.java:142)
at org.openqa.selenium.remote.RemoteWebDriver.execute(RemoteWebDriver.java:569)
at org.openqa.selenium.remote.ElementLocation$ElementFinder$2.findElement(ElementLocation.java:162)
at org.openqa.selenium.remote.ElementLocation.findElement(ElementLocation.java:60)
at org.openqa.selenium.remote.RemoteWebDriver.findElement(RemoteWebDriver.java:387)
at org.openqa.selenium.remote.RemoteWebDriver.findElement(RemoteWebDriver.java:379)
at org.openqa.selenium.support.pagefactory.DefaultElementLocator.findElement(DefaultElementLocator.java:70)
at org.openqa.selenium.support.pagefactory.internal.LocatingElementHandler.invoke(LocatingElementHandler.java:39)
at com.sun.proxy.$Proxy15.clear(Unknown Source)
at com.Digitalcodes.pageobject.Codes_Section.createNote_FromSection(Codes_Section.java:187)
at com.Digitalcodes.testcases.TC_Loginpage.createNotes_atSection(TC_Loginpage.java:245)
at sun.reflect.NativeMethodAccessorImpl.invoke0(Native Method)
at sun.reflect.NativeMethodAccessorImpl.invoke(NativeMethodAccessorImpl.java:62)
at sun.reflect.DelegatingMethodAccessorImpl.invoke(DelegatingMethodAccessorImpl.java:43)
at java.lang.reflect.Method.invoke(Method.java:498)
at org.testng.internal.MethodInvocationHelper.invokeMethod(MethodInvocationHelper.java:133)
at org.testng.internal.TestInvoker.invokeMethod(TestInvoker.java:598)
at org.testng.internal.TestInvoker.invokeTestMethod(TestInvoker.java:173)
at org.testng.internal.MethodRunner.runInSequence(MethodRunner.java:46)
at org.testng.internal.TestInvoker$MethodInvocationAgent.invoke(TestInvoker.java:824)
at org.testng.internal.TestInvoker.invokeTestMethods(TestInvoker.java:146)
at org.testng.internal.TestMethodWorker.invokeTestMethods(TestMethodWorker.java:146)
at org.testng.internal.TestMethodWorker.run(TestMethodWorker.java:128)
at java.util.ArrayList.forEach(ArrayList.java:1257)
at org.testng.TestRunner.privateRun(TestRunner.java:794)
at org.testng.TestRunner.run(TestRunner.java:596)
at org.testng.SuiteRunner.runTest(SuiteRunner.java:377)
at org.testng.SuiteRunner.runSequentially(SuiteRunner.java:371)
at org.testng.SuiteRunner.privateRun(SuiteRunner.java:332)
at org.testng.SuiteRunner.run(SuiteRunner.java:276)
at org.testng.SuiteRunnerWorker.runSuite(SuiteRunnerWorker.java:53)
at org.testng.SuiteRunnerWorker.run(SuiteRunnerWorker.java:96)
at org.testng.TestNG.runSuitesSequentially(TestNG.java:1212)
at org.testng.TestNG.runSuitesLocally(TestNG.java:1134)
at org.testng.TestNG.runSuites(TestNG.java:1063)
at org.testng.TestNG.run(TestNG.java:1031)
at org.apache.maven.surefire.testng.TestNGExecutor.run(TestNGExecutor.java:178)
at org.apache.maven.surefire.testng.TestNGXmlTestSuite.execute(TestNGXmlTestSuite.java:92)
at org.apache.maven.surefire.testng.TestNGProvider.invoke(TestNGProvider.java:96)
at sun.reflect.NativeMethodAccessorImpl.invoke0(Native Method)
at sun.reflect.NativeMethodAccessorImpl.invoke(NativeMethodAccessorImpl.java:62)
at sun.reflect.DelegatingMethodAccessorImpl.invoke(DelegatingMethodAccessorImpl.java:43)
at java.lang.reflect.Method.invoke(Method.java:498)
at org.apache.maven.surefire.util.ReflectionUtils.invokeMethodWithArray2(ReflectionUtils.java:208)
at org.apache.maven.surefire.booter.ProviderFactory$ProviderProxy.invoke(ProviderFactory.java:159)
at org.apache.maven.surefire.booter.ProviderFactory.invokeProvider(ProviderFactory.java:87)
at org.apache.maven.surefire.booter.ForkedBooter.runSuitesInProcess(ForkedBooter.java:153)
at org.apache.maven.surefire.booter.ForkedBooter.main(ForkedBooter.java:95)
]]>
            </full-stacktrace>
          </exception> <!-- org.openqa.selenium.NoSuchElementException -->
          <reporter-output>
          </reporter-output>
        </test-method> <!-- createNotes_atSection -->
        <test-method status="PASS" signature="log_result(org.testng.ITestResult)[pri:0, instance:com.Digitalcodes.testcases.TC_Loginpage@80503]" name="log_result" is-config="true" duration-ms="2059" started-at="2023-04-07T20:13:04 IST" finished-at="2023-04-07T20:13:06 IST">
          <params>
            <param index="0">
              <value>
                <![CDATA[[TestResult name=createNotes_atSection status=FAILURE method=TC_Loginpage.createNotes_atSection()[pri:8, instance:com.Digitalcodes.testcases.TC_Loginpage@80503] output={null}]]]>
              </value>
            </param>
          </params>
          <reporter-output>
          </reporter-output>
        </test-method> <!-- log_result -->
        <test-method status="FAIL" signature="afterSuite()[pri:0, instance:com.Digitalcodes.testcases.TC_Loginpage@80503]" name="afterSuite" is-config="true" duration-ms="1456" started-at="2023-04-07T20:13:07 IST" finished-at="2023-04-07T20:13:08 IST">
          <exception class="org.openqa.selenium.NoSuchSessionException">
            <message>
              <![CDATA[Tried to run command without establishing a connection
Build info: version: '4.3.0', revision: 'a4995e2c09*'
System info: host: 'IB-PUNE-LAP-329', ip: '192.168.215.71', os.name: 'Windows 10', os.arch: 'amd64', os.version: '10.0', java.version: '1.8.0_191'
Driver info: org.openqa.selenium.firefox.FirefoxDriver
Command: [2fe9b6c9-10e8-4585-9ec7-c7743e859394, quit {}]
Capabilities {acceptInsecureCerts: true, browserName: firefox, browserVersion: 106.0.3, moz:accessibilityChecks: false, moz:buildID: 20221030091646, moz:debuggerAddress: 127.0.0.1:51224, moz:geckodriverVersion: 0.32.0, moz:headless: false, moz:platformVersion: 10.0, moz:processID: 21536, moz:profile: C:\Users\VRUSHA~1\AppData\L..., moz:shutdownTimeout: 60000, moz:useNonSpecCompliantPointerOrigin: false, moz:webdriverClick: true, moz:windowless: false, pageLoadStrategy: normal, platformName: WINDOWS, proxy: Proxy(), se:cdp: ws://127.0.0.1:51224/devtoo..., se:cdpVersion: 85.0, setWindowRect: true, strictFileInteractability: false, timeouts: {implicit: 0, pageLoad: 300000, script: 30000}, unhandledPromptBehavior: dismiss and notify}
Session ID: 2fe9b6c9-10e8-4585-9ec7-c7743e859394]]>
            </message>
            <full-stacktrace>
              <![CDATA[org.openqa.selenium.NoSuchSessionException: Tried to run command without establishing a connection
Build info: version: '4.3.0', revision: 'a4995e2c09*'
System info: host: 'IB-PUNE-LAP-329', ip: '192.168.215.71', os.name: 'Windows 10', os.arch: 'amd64', os.version: '10.0', java.version: '1.8.0_191'
Driver info: org.openqa.selenium.firefox.FirefoxDriver
Command: [2fe9b6c9-10e8-4585-9ec7-c7743e859394, quit {}]
Capabilities {acceptInsecureCerts: true, browserName: firefox, browserVersion: 106.0.3, moz:accessibilityChecks: false, moz:buildID: 20221030091646, moz:debuggerAddress: 127.0.0.1:51224, moz:geckodriverVersion: 0.32.0, moz:headless: false, moz:platformVersion: 10.0, moz:processID: 21536, moz:profile: C:\Users\VRUSHA~1\AppData\L..., moz:shutdownTimeout: 60000, moz:useNonSpecCompliantPointerOrigin: false, moz:webdriverClick: true, moz:windowless: false, pageLoadStrategy: normal, platformName: WINDOWS, proxy: Proxy(), se:cdp: ws://127.0.0.1:51224/devtoo..., se:cdpVersion: 85.0, setWindowRect: true, strictFileInteractability: false, timeouts: {implicit: 0, pageLoad: 300000, script: 30000}, unhandledPromptBehavior: dismiss and notify}
Session ID: 2fe9b6c9-10e8-4585-9ec7-c7743e859394
at sun.reflect.NativeConstructorAccessorImpl.newInstance0(Native Method)
at sun.reflect.NativeConstructorAccessorImpl.newInstance(NativeConstructorAccessorImpl.java:62)
at sun.reflect.DelegatingConstructorAccessorImpl.newInstance(DelegatingConstructorAccessorImpl.java:45)
at java.lang.reflect.Constructor.newInstance(Constructor.java:423)
at org.openqa.selenium.remote.codec.w3c.W3CHttpResponseCodec.createException(W3CHttpResponseCodec.java:200)
at org.openqa.selenium.remote.codec.w3c.W3CHttpResponseCodec.decode(W3CHttpResponseCodec.java:133)
at org.openqa.selenium.remote.codec.w3c.W3CHttpResponseCodec.decode(W3CHttpResponseCodec.java:53)
at org.openqa.selenium.remote.HttpCommandExecutor.execute(HttpCommandExecutor.java:184)
at org.openqa.selenium.remote.service.DriverCommandExecutor.invokeExecute(DriverCommandExecutor.java:167)
at org.openqa.selenium.remote.service.DriverCommandExecutor.lambda$execute$1(DriverCommandExecutor.java:105)
at java.util.concurrent.CompletableFuture$AsyncSupply.run(CompletableFuture.java:1590)
at java.util.concurrent.ThreadPoolExecutor.runWorker(ThreadPoolExecutor.java:1149)
at java.util.concurrent.ThreadPoolExecutor$Worker.run(ThreadPoolExecutor.java:624)
at java.lang.Thread.run(Thread.java:748)
]]>
            </full-stacktrace>
          </exception> <!-- org.openqa.selenium.NoSuchSessionException -->
          <reporter-output>
          </reporter-output>
        </test-method> <!-- afterSuite -->
      </class> <!-- com.Digitalcodes.testcases.TC_Loginpage -->
    </test> <!-- Test -->
  </suite> <!-- Suite -->
</testng-results>
