<?xml version="1.0" encoding="UTF-8"?>
<testsuite xmlns:xsi="http://www.w3.org/2001/XMLSchema-instance" xsi:schemaLocation="https://maven.apache.org/surefire/maven-surefire-plugin/xsd/surefire-test-report.xsd" name="TestSuite" time="1,390.709" tests="74" errors="0" skipped="0" failures="4">
  <properties>
    <property name="java.runtime.name" value="Java(TM) SE Runtime Environment"/>
    <property name="java.vm.version" value="17.0.5+9-LTS-191"/>
    <property name="sun.boot.library.path" value="C:\Program Files\Java\jdk-17.0.5\bin"/>
    <property name="maven.multiModuleProjectDirectory" value="D:\eclipse-workspace\com.Digitalcodes"/>
    <property name="java.vm.vendor" value="Oracle Corporation"/>
    <property name="java.vendor.url" value="https://java.oracle.com/"/>
    <property name="guice.disable.misplaced.annotation.check" value="true"/>
    <property name="path.separator" value=";"/>
    <property name="java.vm.name" value="Java HotSpot(TM) 64-Bit Server VM"/>
    <property name="sun.os.patch.level" value=""/>
    <property name="user.script" value=""/>
    <property name="user.country" value="US"/>
    <property name="sun.java.launcher" value="SUN_STANDARD"/>
    <property name="java.vm.specification.name" value="Java Virtual Machine Specification"/>
    <property name="user.dir" value="D:\eclipse-workspace\com.Digitalcodes"/>
    <property name="java.vm.compressedOopsMode" value="Zero based"/>
    <property name="java.runtime.version" value="17.0.5+9-LTS-191"/>
    <property name="os.arch" value="amd64"/>
    <property name="java.io.tmpdir" value="C:\Users\VRUSHA~1\AppData\Local\Temp\"/>
    <property name="line.separator" value="&#10;"/>
    <property name="java.vm.specification.vendor" value="Oracle Corporation"/>
    <property name="user.variant" value=""/>
    <property name="os.name" value="Windows 10"/>
    <property name="classworlds.conf" value="C:\Users\Vrushabh Manatkar\Downloads\apache-maven-3.8.7\bin\m2.conf"/>
    <property name="sun.jnu.encoding" value="Cp1252"/>
    <property name="java.library.path" value="C:\Program Files\Java\jdk-17.0.5\bin;C:\Windows\Sun\Java\bin;C:\Windows\system32;C:\Windows;C:/Users/Vrushabh Manatkar/Downloads/eclipse//plugins/org.eclipse.justj.openjdk.hotspot.jre.full.win32.x86_64_17.0.3.v20220515-1416/jre/bin/server;C:/Users/Vrushabh Manatkar/Downloads/eclipse//plugins/org.eclipse.justj.openjdk.hotspot.jre.full.win32.x86_64_17.0.3.v20220515-1416/jre/bin;C:\Users\Vrushabh Manatkar\AppData\Local\Programs\Python\Python311\;C:\Program Files\Common Files\Oracle\Java\javapath;C:\Program Files (x86)\Common Files\Oracle\Java\javapath;C:\Windows\system32;C:\Windows;C:\Windows\System32\Wbem;C:\Windows\System32\WindowsPowerShell\v1.0\;C:\Windows\System32\OpenSSH\;C:\Program Files\Microsoft VS Code\bin;C:\Perfecto\Perfecto-Connect-windows64;C:\Program Files\Git\cmd;C:\Program Files\dotnet\;C:\Users\Vrushabh Manatkar\AppData\Local\Programs\Python\Python311\Scripts\;C:\Program Files (x86)\Windows Kits\10\Windows Performance Toolkit\;C:\Program Files\Java\jdk-17.0.5\bin\;C:\Program Files\nodejs;C:\Users\Vrushabh Manatkar\Downloads\apache-maven-3.8.7\bin;C:\allure-2.22.0\bin;C:\ProgramData\chocolatey\bin;C:\Users\Vrushabh Manatkar\AppData\Roaming\npm;C:\Users\Vrushabh Manatkar\AppData\Local\Android\Sdk\tools\bin;C:\Users\Vrushabh Manatkar\AppData\Local\Android\Sdk\tools;C:\Users\Vrushabh Manatkar\AppData\Local\Android\Sdk\platform-tools;C:\Users\Vrushabh Manatkar\AppData\Local\Android\Sdk;C:\.npm-global\node_modules;C:\.npm-global;C:\Users\Vrushabh Manatkar\AppData\Roaming\npm\.npm-global;;C:\Program Files\Docker\Docker\resources\bin;c:\Program Files (x86)\Intel\Intel(R) Management Engine Components\DAL;c:\Program Files\Intel\Intel(R) Management Engine Components\DAL;C:\Users\Vrushabh Manatkar\AppData\Local\Microsoft\WindowsApps;C:\Users\Vrushabh Manatkar\AppData\Roaming\npm;C:\Program Files\Java\jdk-17.0.5\bin;C:\Program Files\nodejs;C:\Program Files\nodejs\node_modules\npm\node_modules;;C:\Users\Vrushabh Manatkar\Downloads\eclipse;;."/>
    <property name="maven.conf" value="C:\Users\Vrushabh Manatkar\Downloads\apache-maven-3.8.7/conf"/>
    <property name="jdk.debug" value="release"/>
    <property name="java.class.version" value="61.0"/>
    <property name="java.specification.name" value="Java Platform API Specification"/>
    <property name="sun.management.compiler" value="HotSpot 64-Bit Tiered Compilers"/>
    <property name="os.version" value="10.0"/>
    <property name="library.jansi.path" value="C:\Users\Vrushabh Manatkar\Downloads\apache-maven-3.8.7\lib\jansi-native"/>
    <property name="user.home" value="C:\Users\Vrushabh Manatkar"/>
    <property name="user.timezone" value="Asia/Calcutta"/>
    <property name="file.encoding" value="Cp1252"/>
    <property name="java.specification.version" value="17"/>
    <property name="user.name" value="Vrushabh Manatkar"/>
    <property name="java.class.path" value="C:\Users\Vrushabh Manatkar\Downloads\apache-maven-3.8.7\boot\plexus-classworlds-2.6.0.jar"/>
    <property name="java.vm.specification.version" value="17"/>
    <property name="sun.arch.data.model" value="64"/>
    <property name="sun.java.command" value="org.codehaus.plexus.classworlds.launcher.Launcher clean test -Dheadless=true"/>
    <property name="java.home" value="C:\Program Files\Java\jdk-17.0.5"/>
    <property name="user.language" value="en"/>
    <property name="java.specification.vendor" value="Oracle Corporation"/>
    <property name="java.vm.info" value="mixed mode, sharing"/>
    <property name="java.version" value="17.0.5"/>
    <property name="native.encoding" value="Cp1252"/>
    <property name="java.vendor" value="Oracle Corporation"/>
    <property name="sun.stderr.encoding" value="cp437"/>
    <property name="maven.home" value="C:\Users\Vrushabh Manatkar\Downloads\apache-maven-3.8.7"/>
    <property name="file.separator" value="\"/>
    <property name="java.version.date" value="2022-10-18"/>
    <property name="java.vendor.url.bug" value="https://bugreport.java.com/bugreport/"/>
    <property name="sun.io.unicode.encoding" value="UnicodeLittle"/>
    <property name="sun.cpu.endian" value="little"/>
    <property name="sun.stdout.encoding" value="cp437"/>
    <property name="headless" value="true"/>
    <property name="sun.cpu.isalist" value="amd64"/>
  </properties>
  <testcase name="TC_Registeruser_ValidData" classname="com.Digitalcodes.testcases.Registration_Test" time="19.641"/>
  <testcase name="TC01_loginValidData" classname="com.Digitalcodes.testcases.Login_Test" time="22.763"/>
  <testcase name="TC02_verifyUserInformation" classname="com.Digitalcodes.testcases.Login_Test" time="7.499"/>
  <testcase name="TC_verifyUpdateQutentiy_RemoveIncart" classname="com.Digitalcodes.testcases.Title_Purchase_Test" time="20.327"/>
  <testcase name="TC_PurchaseTitle" classname="com.Digitalcodes.testcases.Title_Purchase_Test" time="61.199"/>
  <testcase name="TC04_verifyTitleLandingPage" classname="com.Digitalcodes.testcases.Title_LandingPage_Test" time="8.849"/>
  <testcase name="TC04_verifyTitleLandingPage" classname="com.Digitalcodes.testcases.Title_LandingPage_Test" time="7.884"/>
  <testcase name="TC04_verifyTitleLandingPage" classname="com.Digitalcodes.testcases.Title_LandingPage_Test" time="9.607"/>
  <testcase name="TC04_verifyTitleLandingPage" classname="com.Digitalcodes.testcases.Title_LandingPage_Test" time="8.957"/>
  <testcase name="TC04_verifyTitleLandingPage" classname="com.Digitalcodes.testcases.Title_LandingPage_Test" time="7.918"/>
  <testcase name="TC04_verifyTitleLandingPage" classname="com.Digitalcodes.testcases.Title_LandingPage_Test" time="8.621"/>
  <testcase name="TC04_verifyTitleLandingPage" classname="com.Digitalcodes.testcases.Title_LandingPage_Test" time="9.979"/>
  <testcase name="TC05_verifyMarkFavoriteTitle" classname="com.Digitalcodes.testcases.Title_LandingPage_Test" time="26.315"/>
  <testcase name="TC06_verifyChangeVersion_ReleatedTitles_Categories" classname="com.Digitalcodes.testcases.Title_LandingPage_Test" time="22.249"/>
  <testcase name="TC07_verifyMyNotes_FromTOC" classname="com.Digitalcodes.testcases.TableOfContent_Test" time="12.566"/>
  <testcase name="TC09_verifyCreateNotes_atSection" classname="com.Digitalcodes.testcases.Title_SectionPage_Test" time="29.454"/>
  <testcase name="TC09_verifyCreateNotes_atSection" classname="com.Digitalcodes.testcases.Title_SectionPage_Test" time="25.011"/>
  <testcase name="TC09_verifyCreateNotes_atSection" classname="com.Digitalcodes.testcases.Title_SectionPage_Test" time="26.397"/>
  <testcase name="TC09_verifyCreateNotes_atSection" classname="com.Digitalcodes.testcases.Title_SectionPage_Test" time="25.922"/>
  <testcase name="TC09_verifyCreateNotes_atSection" classname="com.Digitalcodes.testcases.Title_SectionPage_Test" time="23.884"/>
  <testcase name="TC09_verifyCreateNotes_atSection" classname="com.Digitalcodes.testcases.Title_SectionPage_Test" time="23.892"/>
  <testcase name="TC09_verifyCreateNotes_atSection" classname="com.Digitalcodes.testcases.Title_SectionPage_Test" time="24.888"/>
  <testcase name="TC10_verifyCreateBookmark_atSection" classname="com.Digitalcodes.testcases.Title_SectionPage_Test" time="35.836"/>
  <testcase name="TC10_verifyCreateBookmark_atSection" classname="com.Digitalcodes.testcases.Title_SectionPage_Test" time="26.661"/>
  <testcase name="TC10_verifyCreateBookmark_atSection" classname="com.Digitalcodes.testcases.Title_SectionPage_Test" time="25.518"/>
  <testcase name="TC10_verifyCreateBookmark_atSection" classname="com.Digitalcodes.testcases.Title_SectionPage_Test" time="24.191"/>
  <testcase name="TC10_verifyCreateBookmark_atSection" classname="com.Digitalcodes.testcases.Title_SectionPage_Test" time="25.379"/>
  <testcase name="TC10_verifyCreateBookmark_atSection" classname="com.Digitalcodes.testcases.Title_SectionPage_Test" time="26.002"/>
  <testcase name="TC10_verifyCreateBookmark_atSection" classname="com.Digitalcodes.testcases.Title_SectionPage_Test" time="26.379"/>
  <testcase name="TC11_verifyShareSection_FromSection" classname="com.Digitalcodes.testcases.Title_SectionPage_Test" time="20.166"/>
  <testcase name="TC12_verifyPrintSection_FromSection" classname="com.Digitalcodes.testcases.Title_SectionPage_Test" time="1.752"/>
  <testcase name="TC13_verifyShareNote_FromSction" classname="com.Digitalcodes.testcases.Title_SectionPage_Test" time="10.779"/>
  <testcase name="TC14_verifyEditNotes_FromSection" classname="com.Digitalcodes.testcases.Title_SectionPage_Test" time="7.947"/>
  <testcase name="TC15_verifyDeleteNotes_FromSection" classname="com.Digitalcodes.testcases.Title_SectionPage_Test" time="8.639">
    <failure message="expected [false] but found [true]" type="java.lang.AssertionError">java.lang.AssertionError: expected [false] but found [true]
	at com.Digitalcodes.testcases.Title_SectionPage_Test.TC15_verifyDeleteNotes_FromSection(Title_SectionPage_Test.java:306)
</failure>
    <system-out><![CDATA[=======================================================
  
Click delete
Click Remove
Text in My Notes after delete notes :- You currently do not have any annotations or bookmarks for this book.
Description :-  Verify user able to delete Notes from Section
TC15_verifyDeleteNotes_FromSection : FAILED
     
     
]]></system-out>
    <system-err><![CDATA[java.lang.AssertionError: expected [false] but found [true]
	at org.testng.Assert.fail(Assert.java:99)
	at org.testng.Assert.failNotEquals(Assert.java:1037)
	at org.testng.Assert.assertFalse(Assert.java:67)
	at org.testng.Assert.assertFalse(Assert.java:77)
	at com.Digitalcodes.utilities.Baseclass.assertFalse(Baseclass.java:312)
	at com.Digitalcodes.testcases.Title_SectionPage_Test.TC15_verifyDeleteNotes_FromSection(Title_SectionPage_Test.java:306)
	at java.base/jdk.internal.reflect.NativeMethodAccessorImpl.invoke0(Native Method)
	at java.base/jdk.internal.reflect.NativeMethodAccessorImpl.invoke(NativeMethodAccessorImpl.java:77)
	at java.base/jdk.internal.reflect.DelegatingMethodAccessorImpl.invoke(DelegatingMethodAccessorImpl.java:43)
	at java.base/java.lang.reflect.Method.invoke(Method.java:568)
	at org.testng.internal.MethodInvocationHelper.invokeMethod(MethodInvocationHelper.java:133)
	at org.testng.internal.TestInvoker.invokeMethod(TestInvoker.java:598)
	at org.testng.internal.TestInvoker.invokeTestMethod(TestInvoker.java:173)
	at org.testng.internal.MethodRunner.runInSequence(MethodRunner.java:46)
	at org.testng.internal.TestInvoker$MethodInvocationAgent.invoke(TestInvoker.java:824)
	at org.testng.internal.TestInvoker.invokeTestMethods(TestInvoker.java:146)
	at org.testng.internal.TestMethodWorker.invokeTestMethods(TestMethodWorker.java:146)
	at org.testng.internal.TestMethodWorker.run(TestMethodWorker.java:128)
	at java.base/java.util.ArrayList.forEach(ArrayList.java:1511)
	at org.testng.TestRunner.privateRun(TestRunner.java:794)
	at org.testng.TestRunner.run(TestRunner.java:596)
	at org.testng.SuiteRunner.runTest(SuiteRunner.java:377)
	at org.testng.SuiteRunner.runSequentially(SuiteRunner.java:371)
	at org.testng.SuiteRunner.privateRun(SuiteRunner.java:332)
	at org.testng.SuiteRunner.run(SuiteRunner.java:276)
	at org.testng.SuiteRunnerWorker.runSuite(SuiteRunnerWorker.java:53)
	at org.testng.SuiteRunnerWorker.run(SuiteRunnerWorker.java:96)
	at org.testng.TestNG.runSuitesSequentially(TestNG.java:1212)
	at org.testng.TestNG.runSuitesLocally(TestNG.java:1134)
	at org.testng.TestNG.runSuites(TestNG.java:1063)
	at org.testng.TestNG.run(TestNG.java:1031)
	at org.apache.maven.surefire.testng.TestNGExecutor.run(TestNGExecutor.java:281)
	at org.apache.maven.surefire.testng.TestNGXmlTestSuite.execute(TestNGXmlTestSuite.java:75)
	at org.apache.maven.surefire.testng.TestNGProvider.invoke(TestNGProvider.java:121)
	at org.apache.maven.surefire.booter.ForkedBooter.invokeProviderInSameClassLoader(ForkedBooter.java:290)
	at org.apache.maven.surefire.booter.ForkedBooter.runSuitesInProcess(ForkedBooter.java:242)
	at org.apache.maven.surefire.booter.ForkedBooter.main(ForkedBooter.java:121)
]]></system-err>
  </testcase>
  <testcase name="TC16_verifyShareBookmark_FromSection" classname="com.Digitalcodes.testcases.Title_SectionPage_Test" time="23.374"/>
  <testcase name="TC17_verifyEditBookmark_FromSection" classname="com.Digitalcodes.testcases.Title_SectionPage_Test" time="7.32"/>
  <testcase name="TC18_verifyDeleteBookmark_FromSection" classname="com.Digitalcodes.testcases.Title_SectionPage_Test" time="7.526">
    <failure message="expected [false] but found [true]" type="java.lang.AssertionError">java.lang.AssertionError: expected [false] but found [true]
	at com.Digitalcodes.testcases.Title_SectionPage_Test.TC18_verifyDeleteBookmark_FromSection(Title_SectionPage_Test.java:393)
</failure>
    <system-out><![CDATA[=======================================================
  
Click delete
Click Remove
Text in My Notes after delete bookmark :- You currently do not have any annotations or bookmarks for this book.
Description :-  Verify user able to Delete Bookmark from Section
TC18_verifyDeleteBookmark_FromSection : FAILED
     
     
]]></system-out>
    <system-err><![CDATA[java.lang.AssertionError: expected [false] but found [true]
	at org.testng.Assert.fail(Assert.java:99)
	at org.testng.Assert.failNotEquals(Assert.java:1037)
	at org.testng.Assert.assertFalse(Assert.java:67)
	at org.testng.Assert.assertFalse(Assert.java:77)
	at com.Digitalcodes.utilities.Baseclass.assertFalse(Baseclass.java:312)
	at com.Digitalcodes.testcases.Title_SectionPage_Test.TC18_verifyDeleteBookmark_FromSection(Title_SectionPage_Test.java:393)
	at java.base/jdk.internal.reflect.NativeMethodAccessorImpl.invoke0(Native Method)
	at java.base/jdk.internal.reflect.NativeMethodAccessorImpl.invoke(NativeMethodAccessorImpl.java:77)
	at java.base/jdk.internal.reflect.DelegatingMethodAccessorImpl.invoke(DelegatingMethodAccessorImpl.java:43)
	at java.base/java.lang.reflect.Method.invoke(Method.java:568)
	at org.testng.internal.MethodInvocationHelper.invokeMethod(MethodInvocationHelper.java:133)
	at org.testng.internal.TestInvoker.invokeMethod(TestInvoker.java:598)
	at org.testng.internal.TestInvoker.invokeTestMethod(TestInvoker.java:173)
	at org.testng.internal.MethodRunner.runInSequence(MethodRunner.java:46)
	at org.testng.internal.TestInvoker$MethodInvocationAgent.invoke(TestInvoker.java:824)
	at org.testng.internal.TestInvoker.invokeTestMethods(TestInvoker.java:146)
	at org.testng.internal.TestMethodWorker.invokeTestMethods(TestMethodWorker.java:146)
	at org.testng.internal.TestMethodWorker.run(TestMethodWorker.java:128)
	at java.base/java.util.ArrayList.forEach(ArrayList.java:1511)
	at org.testng.TestRunner.privateRun(TestRunner.java:794)
	at org.testng.TestRunner.run(TestRunner.java:596)
	at org.testng.SuiteRunner.runTest(SuiteRunner.java:377)
	at org.testng.SuiteRunner.runSequentially(SuiteRunner.java:371)
	at org.testng.SuiteRunner.privateRun(SuiteRunner.java:332)
	at org.testng.SuiteRunner.run(SuiteRunner.java:276)
	at org.testng.SuiteRunnerWorker.runSuite(SuiteRunnerWorker.java:53)
	at org.testng.SuiteRunnerWorker.run(SuiteRunnerWorker.java:96)
	at org.testng.TestNG.runSuitesSequentially(TestNG.java:1212)
	at org.testng.TestNG.runSuitesLocally(TestNG.java:1134)
	at org.testng.TestNG.runSuites(TestNG.java:1063)
	at org.testng.TestNG.run(TestNG.java:1031)
	at org.apache.maven.surefire.testng.TestNGExecutor.run(TestNGExecutor.java:281)
	at org.apache.maven.surefire.testng.TestNGXmlTestSuite.execute(TestNGXmlTestSuite.java:75)
	at org.apache.maven.surefire.testng.TestNGProvider.invoke(TestNGProvider.java:121)
	at org.apache.maven.surefire.booter.ForkedBooter.invokeProviderInSameClassLoader(ForkedBooter.java:290)
	at org.apache.maven.surefire.booter.ForkedBooter.runSuitesInProcess(ForkedBooter.java:242)
	at org.apache.maven.surefire.booter.ForkedBooter.main(ForkedBooter.java:121)
]]></system-err>
  </testcase>
  <testcase name="TC19_verifyLinksOnChapter" classname="com.Digitalcodes.testcases.Title_SectionPage_Test" time="32.547"/>
  <testcase name="TC20_verifyCreateNotes_atSubsection" classname="com.Digitalcodes.testcases.Title_SectionPage_Test" time="34.917"/>
  <testcase name="TC21_verifyCreateBookmark_atSubsection" classname="com.Digitalcodes.testcases.Title_SectionPage_Test" time="31.158"/>
  <testcase name="TC22_verifyShareSection_FromSubSection" classname="com.Digitalcodes.testcases.Title_SectionPage_Test" time="16.782"/>
  <testcase name="TC23_verifyPrintSection_FromSubSection" classname="com.Digitalcodes.testcases.Title_SectionPage_Test" time="3.775"/>
  <testcase name="TC24_verifyCreateNotes_atChildSubsection" classname="com.Digitalcodes.testcases.Title_SectionPage_Test" time="33.166"/>
  <testcase name="TC25_verifyCreateBookmark_atChildSubsection" classname="com.Digitalcodes.testcases.Title_SectionPage_Test" time="33.818"/>
  <testcase name="TC26_verifyShareSection_atChildSubsection" classname="com.Digitalcodes.testcases.Title_SectionPage_Test" time="18.92"/>
  <testcase name="TC27_verifyPrintSection_FromChildSubSection" classname="com.Digitalcodes.testcases.Title_SectionPage_Test" time="3.052"/>
  <testcase name="TC34_verifyHideCommentary" classname="com.Digitalcodes.testcases.Title_Commentary_Test" time="14.574"/>
  <testcase name="TC33_verifyNgviateToBasicTitle" classname="com.Digitalcodes.testcases.Title_Basic_Test" time="7.606"/>
  <testcase name="TC33_verifyNgviateToBasicTitle" classname="com.Digitalcodes.testcases.Title_Basic_Test" time="8.287"/>
  <testcase name="TC33_verifyNgviateToBasicTitle" classname="com.Digitalcodes.testcases.Title_Basic_Test" time="7.201"/>
  <testcase name="TC42_verifySearchWithinTitle" classname="com.Digitalcodes.testcases.ContentSearch_Test" time="13.114"/>
  <testcase name="TC43_verifyText_FiltersApplyed" classname="com.Digitalcodes.testcases.ContentSearch_Test" time="0.425"/>
  <testcase name="TC44_verifyContentSearch" classname="com.Digitalcodes.testcases.ContentSearch_Test" time="11.056"/>
  <testcase name="TC44_verifyContentSearch" classname="com.Digitalcodes.testcases.ContentSearch_Test" time="11.686"/>
  <testcase name="TC44_verifyContentSearch" classname="com.Digitalcodes.testcases.ContentSearch_Test" time="11.505"/>
  <testcase name="TC44_verifyContentSearch" classname="com.Digitalcodes.testcases.ContentSearch_Test" time="11.041"/>
  <testcase name="TC46_verifyJumpToSection" classname="com.Digitalcodes.testcases.ContentSearch_Test" time="15.386"/>
  <testcase name="TC47_verifyCopyAndPrintThisSection" classname="com.Digitalcodes.testcases.ContentSearch_Test" time="5.831"/>
  <testcase name="TC48_verifyShareThisSection" classname="com.Digitalcodes.testcases.ContentSearch_Test" time="2.981"/>
  <testcase name="TC49_verifyCreateBookmark" classname="com.Digitalcodes.testcases.ContentSearch_Test" time="19.114">
    <failure message="Chapter name 1206.1 Relocated buildings . Or Description User create Bookmark is Not Matched in My Notes and Bookmark" type="java.lang.Exception">java.lang.Exception: Chapter name 1206.1 Relocated buildings . Or Description User create Bookmark is Not Matched in My Notes and Bookmark
	at com.Digitalcodes.testcases.ContentSearch_Test.TC49_verifyCreateBookmark(ContentSearch_Test.java:275)
</failure>
    <system-out><![CDATA[=======================================================
  
Click Bookmark
Enter Description
Select tag
Click save
Bookmark created at :- 1206.1 Relocated buildings .
Title Name :- 2021 International Existing Building Code (IEBC)
Description of bookmark :- User create Bookmark
Tag Name :- Default
Created By :- Automation User (ngrgwwpq@mailinator.com)
Click jump to section
Description :-  verify user able to Create Bookmark from Content search
TC49_verifyCreateBookmark : FAILED
     
     
]]></system-out>
    <system-err><![CDATA[java.lang.Exception: Chapter name 1206.1 Relocated buildings . Or Description User create Bookmark is Not Matched in My Notes and Bookmark
	at com.Digitalcodes.pageobject.MenuMyNotesandBookmark_Page.verifyChapterName_Decription(MenuMyNotesandBookmark_Page.java:85)
	at com.Digitalcodes.testcases.ContentSearch_Test.TC49_verifyCreateBookmark(ContentSearch_Test.java:275)
	at java.base/jdk.internal.reflect.NativeMethodAccessorImpl.invoke0(Native Method)
	at java.base/jdk.internal.reflect.NativeMethodAccessorImpl.invoke(NativeMethodAccessorImpl.java:77)
	at java.base/jdk.internal.reflect.DelegatingMethodAccessorImpl.invoke(DelegatingMethodAccessorImpl.java:43)
	at java.base/java.lang.reflect.Method.invoke(Method.java:568)
	at org.testng.internal.MethodInvocationHelper.invokeMethod(MethodInvocationHelper.java:133)
	at org.testng.internal.TestInvoker.invokeMethod(TestInvoker.java:598)
	at org.testng.internal.TestInvoker.invokeTestMethod(TestInvoker.java:173)
	at org.testng.internal.MethodRunner.runInSequence(MethodRunner.java:46)
	at org.testng.internal.TestInvoker$MethodInvocationAgent.invoke(TestInvoker.java:824)
	at org.testng.internal.TestInvoker.invokeTestMethods(TestInvoker.java:146)
	at org.testng.internal.TestMethodWorker.invokeTestMethods(TestMethodWorker.java:146)
	at org.testng.internal.TestMethodWorker.run(TestMethodWorker.java:128)
	at java.base/java.util.ArrayList.forEach(ArrayList.java:1511)
	at org.testng.TestRunner.privateRun(TestRunner.java:794)
	at org.testng.TestRunner.run(TestRunner.java:596)
	at org.testng.SuiteRunner.runTest(SuiteRunner.java:377)
	at org.testng.SuiteRunner.runSequentially(SuiteRunner.java:371)
	at org.testng.SuiteRunner.privateRun(SuiteRunner.java:332)
	at org.testng.SuiteRunner.run(SuiteRunner.java:276)
	at org.testng.SuiteRunnerWorker.runSuite(SuiteRunnerWorker.java:53)
	at org.testng.SuiteRunnerWorker.run(SuiteRunnerWorker.java:96)
	at org.testng.TestNG.runSuitesSequentially(TestNG.java:1212)
	at org.testng.TestNG.runSuitesLocally(TestNG.java:1134)
	at org.testng.TestNG.runSuites(TestNG.java:1063)
	at org.testng.TestNG.run(TestNG.java:1031)
	at org.apache.maven.surefire.testng.TestNGExecutor.run(TestNGExecutor.java:281)
	at org.apache.maven.surefire.testng.TestNGXmlTestSuite.execute(TestNGXmlTestSuite.java:75)
	at org.apache.maven.surefire.testng.TestNGProvider.invoke(TestNGProvider.java:121)
	at org.apache.maven.surefire.booter.ForkedBooter.invokeProviderInSameClassLoader(ForkedBooter.java:290)
	at org.apache.maven.surefire.booter.ForkedBooter.runSuitesInProcess(ForkedBooter.java:242)
	at org.apache.maven.surefire.booter.ForkedBooter.main(ForkedBooter.java:121)
]]></system-err>
  </testcase>
  <testcase name="TC50_verifyShareEditDeleteBookmark" classname="com.Digitalcodes.testcases.ContentSearch_Test" time="42.629"/>
  <testcase name="TC51_verifyAdvanceTermSearch" classname="com.Digitalcodes.testcases.ContentSearch_Test" time="91.473">
    <failure message="Expected condition failed: waiting for element to be clickable: Proxy element for: DefaultElementLocator &apos;By.xpath: (//input[@placeholder=&apos;Ex. Area, Building, Brick&apos;])[1]&apos; (tried for 60 second(s) with 500 milliseconds interval)" type="org.openqa.selenium.TimeoutException">org.openqa.selenium.TimeoutException: Expected condition failed: waiting for element to be clickable: Proxy element for: DefaultElementLocator 'By.xpath: (//input[@placeholder='Ex. Area, Building, Brick'])[1]' (tried for 60 second(s) with 500 milliseconds interval)
	at com.Digitalcodes.testcases.ContentSearch_Test.TC51_verifyAdvanceTermSearch(ContentSearch_Test.java:346)
Caused by: org.openqa.selenium.NoSuchElementException: 
no such element: Unable to locate element: {"method":"xpath","selector":"(//input[@placeholder='Ex. Area, Building, Brick'])[1]"}
  (Session info: chrome=115.0.5790.170)
For documentation on this error, please visit: https://selenium.dev/exceptions/#no_such_element
Build info: version: '4.9.0', revision: 'd7057100a6'
System info: os.name: 'Windows 10', os.arch: 'amd64', os.version: '10.0', java.version: '17.0.5'
Driver info: org.openqa.selenium.chrome.ChromeDriver
Command: [c7ddfcb6f30bc75103ea419fb8e7ca5e, findElement {using=xpath, value=(//input[@placeholder='Ex. Area, Building, Brick'])[1]}]
Capabilities {acceptInsecureCerts: false, browserName: chrome, browserVersion: 115.0.5790.170, chrome: {chromedriverVersion: 114.0.5735.90 (386bc09e8f4f..., userDataDir: C:\Users\VRUSHA~1\AppData\L...}, goog:chromeOptions: {debuggerAddress: localhost:60841}, networkConnectionEnabled: false, pageLoadStrategy: normal, platformName: WINDOWS, proxy: Proxy(), se:cdp: ws://localhost:60841/devtoo..., se:cdpVersion: 115.0.5790.170, setWindowRect: true, strictFileInteractability: false, timeouts: {implicit: 0, pageLoad: 300000, script: 30000}, unhandledPromptBehavior: dismiss and notify, webauthn:extension:credBlob: true, webauthn:extension:largeBlob: true, webauthn:extension:minPinLength: true, webauthn:extension:prf: true, webauthn:virtualAuthenticators: true}
Session ID: c7ddfcb6f30bc75103ea419fb8e7ca5e
	at com.Digitalcodes.testcases.ContentSearch_Test.TC51_verifyAdvanceTermSearch(ContentSearch_Test.java:346)
</failure>
    <system-out><![CDATA[=======================================================
  
Description :-  verify Advance Term Search from Content search
TC51_verifyAdvanceTermSearch : FAILED
     
     
]]></system-out>
    <system-err><![CDATA[org.openqa.selenium.TimeoutException: Expected condition failed: waiting for element to be clickable: Proxy element for: DefaultElementLocator 'By.xpath: (//input[@placeholder='Ex. Area, Building, Brick'])[1]' (tried for 60 second(s) with 500 milliseconds interval)
	at org.openqa.selenium.support.ui.WebDriverWait.timeoutException(WebDriverWait.java:87)
	at org.openqa.selenium.support.ui.FluentWait.until(FluentWait.java:231)
	at com.Digitalcodes.utilities.Baseclass.sendKeys(Baseclass.java:268)
	at com.Digitalcodes.pageobject.ContentSearch_Page.AdvanceTermSearch(ContentSearch_Page.java:396)
	at com.Digitalcodes.testcases.ContentSearch_Test.TC51_verifyAdvanceTermSearch(ContentSearch_Test.java:346)
	at java.base/jdk.internal.reflect.NativeMethodAccessorImpl.invoke0(Native Method)
	at java.base/jdk.internal.reflect.NativeMethodAccessorImpl.invoke(NativeMethodAccessorImpl.java:77)
	at java.base/jdk.internal.reflect.DelegatingMethodAccessorImpl.invoke(DelegatingMethodAccessorImpl.java:43)
	at java.base/java.lang.reflect.Method.invoke(Method.java:568)
	at org.testng.internal.MethodInvocationHelper.invokeMethod(MethodInvocationHelper.java:133)
	at org.testng.internal.TestInvoker.invokeMethod(TestInvoker.java:598)
	at org.testng.internal.TestInvoker.invokeTestMethod(TestInvoker.java:173)
	at org.testng.internal.MethodRunner.runInSequence(MethodRunner.java:46)
	at org.testng.internal.TestInvoker$MethodInvocationAgent.invoke(TestInvoker.java:824)
	at org.testng.internal.TestInvoker.invokeTestMethods(TestInvoker.java:146)
	at org.testng.internal.TestMethodWorker.invokeTestMethods(TestMethodWorker.java:146)
	at org.testng.internal.TestMethodWorker.run(TestMethodWorker.java:128)
	at java.base/java.util.ArrayList.forEach(ArrayList.java:1511)
	at org.testng.TestRunner.privateRun(TestRunner.java:794)
	at org.testng.TestRunner.run(TestRunner.java:596)
	at org.testng.SuiteRunner.runTest(SuiteRunner.java:377)
	at org.testng.SuiteRunner.runSequentially(SuiteRunner.java:371)
	at org.testng.SuiteRunner.privateRun(SuiteRunner.java:332)
	at org.testng.SuiteRunner.run(SuiteRunner.java:276)
	at org.testng.SuiteRunnerWorker.runSuite(SuiteRunnerWorker.java:53)
	at org.testng.SuiteRunnerWorker.run(SuiteRunnerWorker.java:96)
	at org.testng.TestNG.runSuitesSequentially(TestNG.java:1212)
	at org.testng.TestNG.runSuitesLocally(TestNG.java:1134)
	at org.testng.TestNG.runSuites(TestNG.java:1063)
	at org.testng.TestNG.run(TestNG.java:1031)
	at org.apache.maven.surefire.testng.TestNGExecutor.run(TestNGExecutor.java:281)
	at org.apache.maven.surefire.testng.TestNGXmlTestSuite.execute(TestNGXmlTestSuite.java:75)
	at org.apache.maven.surefire.testng.TestNGProvider.invoke(TestNGProvider.java:121)
	at org.apache.maven.surefire.booter.ForkedBooter.invokeProviderInSameClassLoader(ForkedBooter.java:290)
	at org.apache.maven.surefire.booter.ForkedBooter.runSuitesInProcess(ForkedBooter.java:242)
	at org.apache.maven.surefire.booter.ForkedBooter.main(ForkedBooter.java:121)
Caused by: org.openqa.selenium.NoSuchElementException: no such element: Unable to locate element: {"method":"xpath","selector":"(//input[@placeholder='Ex. Area, Building, Brick'])[1]"}
  (Session info: chrome=115.0.5790.170)
For documentation on this error, please visit: https://selenium.dev/exceptions/#no_such_element
Build info: version: '4.9.0', revision: 'd7057100a6'
System info: os.name: 'Windows 10', os.arch: 'amd64', os.version: '10.0', java.version: '17.0.5'
Driver info: org.openqa.selenium.chrome.ChromeDriver
Command: [c7ddfcb6f30bc75103ea419fb8e7ca5e, findElement {using=xpath, value=(//input[@placeholder='Ex. Area, Building, Brick'])[1]}]
Capabilities {acceptInsecureCerts: false, browserName: chrome, browserVersion: 115.0.5790.170, chrome: {chromedriverVersion: 114.0.5735.90 (386bc09e8f4f..., userDataDir: C:\Users\VRUSHA~1\AppData\L...}, goog:chromeOptions: {debuggerAddress: localhost:60841}, networkConnectionEnabled: false, pageLoadStrategy: normal, platformName: WINDOWS, proxy: Proxy(), se:cdp: ws://localhost:60841/devtoo..., se:cdpVersion: 115.0.5790.170, setWindowRect: true, strictFileInteractability: false, timeouts: {implicit: 0, pageLoad: 300000, script: 30000}, unhandledPromptBehavior: dismiss and notify, webauthn:extension:credBlob: true, webauthn:extension:largeBlob: true, webauthn:extension:minPinLength: true, webauthn:extension:prf: true, webauthn:virtualAuthenticators: true}
Session ID: c7ddfcb6f30bc75103ea419fb8e7ca5e
	at java.base/jdk.internal.reflect.NativeConstructorAccessorImpl.newInstance0(Native Method)
	at java.base/jdk.internal.reflect.NativeConstructorAccessorImpl.newInstance(NativeConstructorAccessorImpl.java:77)
	at java.base/jdk.internal.reflect.DelegatingConstructorAccessorImpl.newInstance(DelegatingConstructorAccessorImpl.java:45)
	at java.base/java.lang.reflect.Constructor.newInstanceWithCaller(Constructor.java:499)
	at java.base/java.lang.reflect.Constructor.newInstance(Constructor.java:480)
	at org.openqa.selenium.remote.codec.w3c.W3CHttpResponseCodec.createException(W3CHttpResponseCodec.java:200)
	at org.openqa.selenium.remote.codec.w3c.W3CHttpResponseCodec.decode(W3CHttpResponseCodec.java:133)
	at org.openqa.selenium.remote.codec.w3c.W3CHttpResponseCodec.decode(W3CHttpResponseCodec.java:53)
	at org.openqa.selenium.remote.HttpCommandExecutor.execute(HttpCommandExecutor.java:193)
	at org.openqa.selenium.remote.service.DriverCommandExecutor.invokeExecute(DriverCommandExecutor.java:183)
	at org.openqa.selenium.remote.service.DriverCommandExecutor.execute(DriverCommandExecutor.java:158)
	at org.openqa.selenium.remote.RemoteWebDriver.execute(RemoteWebDriver.java:543)
	at org.openqa.selenium.remote.ElementLocation$ElementFinder$2.findElement(ElementLocation.java:162)
	at org.openqa.selenium.remote.ElementLocation.findElement(ElementLocation.java:60)
	at org.openqa.selenium.remote.RemoteWebDriver.findElement(RemoteWebDriver.java:352)
	at org.openqa.selenium.remote.RemoteWebDriver.findElement(RemoteWebDriver.java:344)
	at org.openqa.selenium.support.pagefactory.DefaultElementLocator.findElement(DefaultElementLocator.java:70)
	at org.openqa.selenium.support.pagefactory.internal.LocatingElementHandler.invoke(LocatingElementHandler.java:39)
	at jdk.proxy2/jdk.proxy2.$Proxy22.isDisplayed(Unknown Source)
	at org.openqa.selenium.support.ui.ExpectedConditions.elementIfVisible(ExpectedConditions.java:307)
	at org.openqa.selenium.support.ui.ExpectedConditions.access$000(ExpectedConditions.java:40)
	at org.openqa.selenium.support.ui.ExpectedConditions$10.apply(ExpectedConditions.java:293)
	at org.openqa.selenium.support.ui.ExpectedConditions$10.apply(ExpectedConditions.java:290)
	at org.openqa.selenium.support.ui.ExpectedConditions$23.apply(ExpectedConditions.java:660)
	at org.openqa.selenium.support.ui.ExpectedConditions$23.apply(ExpectedConditions.java:656)
	at org.openqa.selenium.support.ui.FluentWait.until(FluentWait.java:208)
	... 34 more
]]></system-err>
  </testcase>
  <testcase name="TC52_verifyNearSearch" classname="com.Digitalcodes.testcases.ContentSearch_Test" time="6.337"/>
  <testcase name="TC53_verifyShowRelevantTitles" classname="com.Digitalcodes.testcases.ContentSearch_Test" time="4.819"/>
  <testcase name="TC54_verifySaveDeleteContentSerach" classname="com.Digitalcodes.testcases.ContentSearch_Test" time="17.236"/>
  <testcase name="TC55_verifymarkFavorite_unFavoriteTitleformConetntSearch" classname="com.Digitalcodes.testcases.ContentSearch_Test" time="7.031"/>
  <testcase name="TC56_verifyPaginationinContentSearch" classname="com.Digitalcodes.testcases.ContentSearch_Test" time="10.451"/>
  <testcase name="TC34_verifyNavigateToASTM_FromLinks" classname="com.Digitalcodes.testcases.Title_ASTMStanderds_Test" time="21.522"/>
  <testcase name="TC35_verifyNavigateToASTM" classname="com.Digitalcodes.testcases.Title_ASTMStanderds_Test" time="8.231"/>
  <testcase name="TC36_verifyASTMSection" classname="com.Digitalcodes.testcases.Title_ASTMStanderds_Test" time="3.131"/>
  <testcase name="TC37_verifyAccessSection_QuickAccess" classname="com.Digitalcodes.testcases.PremiumTools_QuickAccess_Test" time="12.882"/>
  <testcase name="TC38_verifyActionsOnSection_QuickAccess" classname="com.Digitalcodes.testcases.PremiumTools_QuickAccess_Test" time="24.156"/>
  <testcase name="TC39_verifyShare_Edit_DeleteBookmakr_QuickAccess" classname="com.Digitalcodes.testcases.PremiumTools_QuickAccess_Test" time="51.767"/>
  <testcase name="TC40_verifyRecentlyQuickAccessedSections_QuickAccess" classname="com.Digitalcodes.testcases.PremiumTools_QuickAccess_Test" time="2.593"/>
</testsuite>