<?xml version="1.0" encoding="UTF-8"?>
<!-- Generated by org.testng.reporters.JUnitReportReporter -->
<testsuite skipped="0" hostname="IB-Pune-LAP-329" name="com.Digitalcodes.testcases.Title_SectionPage_Test" tests="47" failures="0" timestamp="2023-05-22T12:15:47 IST" time="1139.693" errors="2">
  <testcase name="TC03_navigateToGroupTitles" time="5.263" classname="com.Digitalcodes.testcases.Title_SectionPage_Test"/>
  <system-out/>
  <testcase name="TC03_navigateToGroupTitles" time="6.330" classname="com.Digitalcodes.testcases.Title_SectionPage_Test"/>
  <system-out/>
  <testcase name="TC03_navigateToGroupTitles" time="6.056" classname="com.Digitalcodes.testcases.Title_SectionPage_Test"/>
  <system-out/>
  <testcase name="TC03_navigateToGroupTitles" time="10.314" classname="com.Digitalcodes.testcases.Title_SectionPage_Test"/>
  <system-out/>
  <testcase name="TC03_navigateToGroupTitles" time="3.335" classname="com.Digitalcodes.testcases.Title_SectionPage_Test"/>
  <system-out/>
  <testcase name="TC03_navigateToGroupTitles" time="6.417" classname="com.Digitalcodes.testcases.Title_SectionPage_Test"/>
  <system-out/>
  <testcase name="TC03_navigateToGroupTitles" time="6.105" classname="com.Digitalcodes.testcases.Title_SectionPage_Test"/>
  <system-out/>
  <testcase name="TC04_verifyTitleLandingPage" time="10.796" classname="com.Digitalcodes.testcases.Title_SectionPage_Test"/>
  <system-out/>
  <testcase name="TC04_verifyTitleLandingPage" time="10.741" classname="com.Digitalcodes.testcases.Title_SectionPage_Test"/>
  <system-out/>
  <testcase name="TC04_verifyTitleLandingPage" time="11.492" classname="com.Digitalcodes.testcases.Title_SectionPage_Test"/>
  <system-out/>
  <testcase name="TC04_verifyTitleLandingPage" time="10.232" classname="com.Digitalcodes.testcases.Title_SectionPage_Test"/>
  <system-out/>
  <testcase name="TC04_verifyTitleLandingPage" time="10.631" classname="com.Digitalcodes.testcases.Title_SectionPage_Test"/>
  <system-out/>
  <testcase name="TC04_verifyTitleLandingPage" time="9.380" classname="com.Digitalcodes.testcases.Title_SectionPage_Test"/>
  <system-out/>
  <testcase name="TC04_verifyTitleLandingPage" time="13.163" classname="com.Digitalcodes.testcases.Title_SectionPage_Test"/>
  <system-out/>
  <testcase name="TC05_verifyMarkFavoriteTitle" time="29.972" classname="com.Digitalcodes.testcases.Title_SectionPage_Test">
    <error type="org.openqa.selenium.json.JsonException" message="java.lang.reflect.InvocationTargetException
Build info: version: &#039;4.9.0&#039;, revision: &#039;d7057100a6&#039;
System info: os.name: &#039;Windows 10&#039;, os.arch: &#039;amd64&#039;, os.version: &#039;10.0&#039;, java.version: &#039;1.8.0_191&#039;
Driver info: org.openqa.selenium.chrome.ChromeDriver
Command: [c4797b42328fe4a4cbef909ea6590e66, actions {actions=[org.openqa.selenium.interactions.Sequence@3fae2cd3]}]
Capabilities {acceptInsecureCerts: false, browserName: chrome, browserVersion: 113.0.5672.93, chrome: {chromedriverVersion: 113.0.5672.63 (0e1a4471d5ae..., userDataDir: C:\Users\VRUSHA~1\AppData\L...}, goog:chromeOptions: {debuggerAddress: localhost:52683}, networkConnectionEnabled: false, pageLoadStrategy: normal, platformName: WINDOWS, proxy: Proxy(), se:cdp: ws://localhost:52683/devtoo..., se:cdpVersion: 113.0.5672.93, setWindowRect: true, strictFileInteractability: false, timeouts: {implicit: 0, pageLoad: 300000, script: 30000}, unhandledPromptBehavior: dismiss and notify, webauthn:extension:credBlob: true, webauthn:extension:largeBlob: true, webauthn:extension:minPinLength: true, webauthn:extension:prf: true, webauthn:virtualAuthenticators: true}
Session ID: c4797b42328fe4a4cbef909ea6590e66">
      <![CDATA[org.openqa.selenium.json.JsonException: java.lang.reflect.InvocationTargetException
Build info: version: '4.9.0', revision: 'd7057100a6'
System info: os.name: 'Windows 10', os.arch: 'amd64', os.version: '10.0', java.version: '1.8.0_191'
Driver info: org.openqa.selenium.chrome.ChromeDriver
Command: [c4797b42328fe4a4cbef909ea6590e66, actions {actions=[org.openqa.selenium.interactions.Sequence@3fae2cd3]}]
Capabilities {acceptInsecureCerts: false, browserName: chrome, browserVersion: 113.0.5672.93, chrome: {chromedriverVersion: 113.0.5672.63 (0e1a4471d5ae..., userDataDir: C:\Users\VRUSHA~1\AppData\L...}, goog:chromeOptions: {debuggerAddress: localhost:52683}, networkConnectionEnabled: false, pageLoadStrategy: normal, platformName: WINDOWS, proxy: Proxy(), se:cdp: ws://localhost:52683/devtoo..., se:cdpVersion: 113.0.5672.93, setWindowRect: true, strictFileInteractability: false, timeouts: {implicit: 0, pageLoad: 300000, script: 30000}, unhandledPromptBehavior: dismiss and notify, webauthn:extension:credBlob: true, webauthn:extension:largeBlob: true, webauthn:extension:minPinLength: true, webauthn:extension:prf: true, webauthn:virtualAuthenticators: true}
Session ID: c4797b42328fe4a4cbef909ea6590e66
at org.openqa.selenium.json.JsonOutput.convertUsingMethod(JsonOutput.java:362)
at org.openqa.selenium.json.JsonOutput.lambda$new$16(JsonOutput.java:154)
at org.openqa.selenium.json.JsonOutput.write(JsonOutput.java:287)
at org.openqa.selenium.json.JsonOutput.lambda$new$22(JsonOutput.java:169)
at java.util.stream.ForEachOps$ForEachOp$OfRef.accept(ForEachOps.java:184)
at java.util.stream.ReferencePipeline$2$1.accept(ReferencePipeline.java:175)
at java.util.Iterator.forEachRemaining(Iterator.java:116)
at java.util.Spliterators$IteratorSpliterator.forEachRemaining(Spliterators.java:1801)
at java.util.stream.AbstractPipeline.copyInto(AbstractPipeline.java:481)
at java.util.stream.AbstractPipeline.wrapAndCopyInto(AbstractPipeline.java:471)
at java.util.stream.ForEachOps$ForEachOp.evaluateSequential(ForEachOps.java:151)
at java.util.stream.ForEachOps$ForEachOp$OfRef.evaluateSequential(ForEachOps.java:174)
at java.util.stream.AbstractPipeline.evaluate(AbstractPipeline.java:234)
at java.util.stream.ReferencePipeline.forEach(ReferencePipeline.java:418)
at org.openqa.selenium.json.JsonOutput.lambda$new$23(JsonOutput.java:169)
at org.openqa.selenium.json.JsonOutput.write(JsonOutput.java:287)
at org.openqa.selenium.json.JsonOutput.lambda$new$24(JsonOutput.java:182)
at com.google.common.collect.SingletonImmutableBiMap.forEach(SingletonImmutableBiMap.java:68)
at org.openqa.selenium.json.JsonOutput.lambda$new$25(JsonOutput.java:177)
at org.openqa.selenium.json.JsonOutput.write(JsonOutput.java:287)
at org.openqa.selenium.json.JsonOutput.write(JsonOutput.java:278)
at org.openqa.selenium.json.Json.toJson(Json.java:42)
at org.openqa.selenium.remote.codec.AbstractHttpCommandCodec.encode(AbstractHttpCommandCodec.java:258)
at org.openqa.selenium.remote.codec.AbstractHttpCommandCodec.encode(AbstractHttpCommandCodec.java:122)
at org.openqa.selenium.remote.HttpCommandExecutor.execute(HttpCommandExecutor.java:181)
at org.openqa.selenium.remote.service.DriverCommandExecutor.invokeExecute(DriverCommandExecutor.java:183)
at org.openqa.selenium.remote.service.DriverCommandExecutor.execute(DriverCommandExecutor.java:158)
at org.openqa.selenium.remote.RemoteWebDriver.execute(RemoteWebDriver.java:543)
at org.openqa.selenium.remote.RemoteWebDriver.perform(RemoteWebDriver.java:611)
at org.openqa.selenium.interactions.Actions$BuiltAction.perform(Actions.java:567)
at com.Digitalcodes.pageobject.TitleLanding_Page.clickOnFavorite(TitleLanding_Page.java:97)
at com.Digitalcodes.testcases.Title_SectionPage_Test.TC05_verifyMarkFavoriteTitle(I_Codes_Test.java:105)
at sun.reflect.NativeMethodAccessorImpl.invoke0(Native Method)
at sun.reflect.NativeMethodAccessorImpl.invoke(NativeMethodAccessorImpl.java:62)
at sun.reflect.DelegatingMethodAccessorImpl.invoke(DelegatingMethodAccessorImpl.java:43)
at java.lang.reflect.Method.invoke(Method.java:498)
at org.testng.internal.MethodInvocationHelper.invokeMethod(MethodInvocationHelper.java:133)
at org.testng.internal.TestInvoker.invokeMethod(TestInvoker.java:598)
at org.testng.internal.TestInvoker.invokeTestMethod(TestInvoker.java:173)
at org.testng.internal.MethodRunner.runInSequence(MethodRunner.java:46)
at org.testng.internal.TestInvoker$MethodInvocationAgent.invoke(TestInvoker.java:824)
at org.testng.internal.TestInvoker.invokeTestMethods(TestInvoker.java:146)
at org.testng.internal.TestMethodWorker.invokeTestMethods(TestMethodWorker.java:146)
at org.testng.internal.TestMethodWorker.run(TestMethodWorker.java:128)
at java.util.ArrayList.forEach(ArrayList.java:1257)
at org.testng.TestRunner.privateRun(TestRunner.java:794)
at org.testng.TestRunner.run(TestRunner.java:596)
at org.testng.SuiteRunner.runTest(SuiteRunner.java:377)
at org.testng.SuiteRunner.runSequentially(SuiteRunner.java:371)
at org.testng.SuiteRunner.privateRun(SuiteRunner.java:332)
at org.testng.SuiteRunner.run(SuiteRunner.java:276)
at org.testng.SuiteRunnerWorker.runSuite(SuiteRunnerWorker.java:53)
at org.testng.SuiteRunnerWorker.run(SuiteRunnerWorker.java:96)
at org.testng.TestNG.runSuitesSequentially(TestNG.java:1212)
at org.testng.TestNG.runSuitesLocally(TestNG.java:1134)
at org.testng.TestNG.runSuites(TestNG.java:1063)
at org.testng.TestNG.run(TestNG.java:1031)
at org.testng.remote.AbstractRemoteTestNG.run(AbstractRemoteTestNG.java:115)
at org.testng.remote.RemoteTestNG.initAndRun(RemoteTestNG.java:251)
at org.testng.remote.RemoteTestNG.main(RemoteTestNG.java:77)
Suppressed: org.openqa.selenium.json.JsonException: Attempting to close incomplete json stream
Build info: version: '4.9.0', revision: 'd7057100a6'
System info: os.name: 'Windows 10', os.arch: 'amd64', os.version: '10.0', java.version: '1.8.0_191'
Driver info: driver.version: RemoteWebDriver
at org.openqa.selenium.json.JsonOutput.close(JsonOutput.java:303)
at org.openqa.selenium.json.Json.toJson(Json.java:40)
... 38 more
Caused by: java.lang.reflect.InvocationTargetException
at sun.reflect.NativeMethodAccessorImpl.invoke0(Native Method)
at sun.reflect.NativeMethodAccessorImpl.invoke(NativeMethodAccessorImpl.java:62)
at sun.reflect.DelegatingMethodAccessorImpl.invoke(DelegatingMethodAccessorImpl.java:43)
at java.lang.reflect.Method.invoke(Method.java:498)
at org.openqa.selenium.json.JsonOutput.convertUsingMethod(JsonOutput.java:358)
... 59 more
Caused by: org.openqa.selenium.NoSuchElementException: no such element: Unable to locate element: {"method":"xpath","selector":"//button[normalize-space()='favorite_border']"}
  (Session info: chrome=113.0.5672.93)
For documentation on this error, please visit: https://selenium.dev/exceptions/#no_such_element
Build info: version: '4.9.0', revision: 'd7057100a6'
System info: os.name: 'Windows 10', os.arch: 'amd64', os.version: '10.0', java.version: '1.8.0_191'
Driver info: org.openqa.selenium.chrome.ChromeDriver
Command: [c4797b42328fe4a4cbef909ea6590e66, findElement {using=xpath, value=//button[normalize-space()='favorite_border']}]
Capabilities {acceptInsecureCerts: false, browserName: chrome, browserVersion: 113.0.5672.93, chrome: {chromedriverVersion: 113.0.5672.63 (0e1a4471d5ae..., userDataDir: C:\Users\VRUSHA~1\AppData\L...}, goog:chromeOptions: {debuggerAddress: localhost:52683}, networkConnectionEnabled: false, pageLoadStrategy: normal, platformName: WINDOWS, proxy: Proxy(), se:cdp: ws://localhost:52683/devtoo..., se:cdpVersion: 113.0.5672.93, setWindowRect: true, strictFileInteractability: false, timeouts: {implicit: 0, pageLoad: 300000, script: 30000}, unhandledPromptBehavior: dismiss and notify, webauthn:extension:credBlob: true, webauthn:extension:largeBlob: true, webauthn:extension:minPinLength: true, webauthn:extension:prf: true, webauthn:virtualAuthenticators: true}
Session ID: c4797b42328fe4a4cbef909ea6590e66
at sun.reflect.NativeConstructorAccessorImpl.newInstance0(Native Method)
at sun.reflect.NativeConstructorAccessorImpl.newInstance(NativeConstructorAccessorImpl.java:62)
at sun.reflect.DelegatingConstructorAccessorImpl.newInstance(DelegatingConstructorAccessorImpl.java:45)
at java.lang.reflect.Constructor.newInstance(Constructor.java:423)
at org.openqa.selenium.remote.codec.w3c.W3CHttpResponseCodec.createException(W3CHttpResponseCodec.java:200)
at org.openqa.selenium.remote.codec.w3c.W3CHttpResponseCodec.decode(W3CHttpResponseCodec.java:133)
at org.openqa.selenium.remote.codec.w3c.W3CHttpResponseCodec.decode(W3CHttpResponseCodec.java:53)
at org.openqa.selenium.remote.HttpCommandExecutor.execute(HttpCommandExecutor.java:193)
at org.openqa.selenium.remote.service.DriverCommandExecutor.invokeExecute(DriverCommandExecutor.java:183)
at org.openqa.selenium.remote.service.DriverCommandExecutor.execute(DriverCommandExecutor.java:158)
at org.openqa.selenium.remote.RemoteWebDriver.execute(RemoteWebDriver.java:543)
at org.openqa.selenium.remote.ElementLocation$ElementFinder$2.findElement(ElementLocation.java:162)
at org.openqa.selenium.remote.ElementLocation.findElement(ElementLocation.java:60)
at org.openqa.selenium.remote.RemoteWebDriver.findElement(RemoteWebDriver.java:352)
at org.openqa.selenium.remote.RemoteWebDriver.findElement(RemoteWebDriver.java:344)
at org.openqa.selenium.support.pagefactory.DefaultElementLocator.findElement(DefaultElementLocator.java:70)
at org.openqa.selenium.support.pagefactory.internal.LocatingElementHandler.invoke(LocatingElementHandler.java:39)
at com.sun.proxy.$Proxy20.getWrappedElement(Unknown Source)
at org.openqa.selenium.interactions.PointerInput$Origin.asArg(PointerInput.java:269)
at org.openqa.selenium.interactions.PointerInput$Move.encode(PointerInput.java:218)
at org.openqa.selenium.interactions.Sequence.encode(Sequence.java:73)
at org.openqa.selenium.interactions.Sequence.toJson(Sequence.java:82)
... 64 more
]]>
    </error>
  </testcase> <!-- TC05_verifyMarkFavoriteTitle -->
  <system-out/>
  <testcase name="TC07_verifyMyNotes_FromTOC" time="144.542" classname="com.Digitalcodes.testcases.Title_SectionPage_Test">
    <error type="org.openqa.selenium.TimeoutException" message="Expected condition failed: waiting for visibility of Proxy element for: DefaultElementLocator &#039;By.xpath: //div[@class=&#039;v-list-item theme--light&#039;]//div[@class=&#039;v-list-item__title&#039;]&#039; (tried for 90 second(s) with 500 milliseconds interval)">
      <![CDATA[org.openqa.selenium.TimeoutException: Expected condition failed: waiting for visibility of Proxy element for: DefaultElementLocator 'By.xpath: //div[@class='v-list-item theme--light']//div[@class='v-list-item__title']' (tried for 90 second(s) with 500 milliseconds interval)
at org.openqa.selenium.support.ui.WebDriverWait.timeoutException(WebDriverWait.java:87)
at org.openqa.selenium.support.ui.FluentWait.until(FluentWait.java:231)
at com.Digitalcodes.utilities.Baseclass.getText(Baseclass.java:190)
at com.Digitalcodes.pageobject.TableOfContent_Page.getTagNameInMyNotes(TOC.java:138)
at com.Digitalcodes.testcases.Title_SectionPage_Test.TC07_verifyMyNotes_FromTOC(I_Codes_Test.java:151)
at sun.reflect.NativeMethodAccessorImpl.invoke0(Native Method)
at sun.reflect.NativeMethodAccessorImpl.invoke(NativeMethodAccessorImpl.java:62)
at sun.reflect.DelegatingMethodAccessorImpl.invoke(DelegatingMethodAccessorImpl.java:43)
at java.lang.reflect.Method.invoke(Method.java:498)
at org.testng.internal.MethodInvocationHelper.invokeMethod(MethodInvocationHelper.java:133)
at org.testng.internal.TestInvoker.invokeMethod(TestInvoker.java:598)
at org.testng.internal.TestInvoker.invokeTestMethod(TestInvoker.java:173)
at org.testng.internal.MethodRunner.runInSequence(MethodRunner.java:46)
at org.testng.internal.TestInvoker$MethodInvocationAgent.invoke(TestInvoker.java:824)
at org.testng.internal.TestInvoker.invokeTestMethods(TestInvoker.java:146)
at org.testng.internal.TestMethodWorker.invokeTestMethods(TestMethodWorker.java:146)
at org.testng.internal.TestMethodWorker.run(TestMethodWorker.java:128)
at java.util.ArrayList.forEach(ArrayList.java:1257)
at org.testng.TestRunner.privateRun(TestRunner.java:794)
at org.testng.TestRunner.run(TestRunner.java:596)
at org.testng.SuiteRunner.runTest(SuiteRunner.java:377)
at org.testng.SuiteRunner.runSequentially(SuiteRunner.java:371)
at org.testng.SuiteRunner.privateRun(SuiteRunner.java:332)
at org.testng.SuiteRunner.run(SuiteRunner.java:276)
at org.testng.SuiteRunnerWorker.runSuite(SuiteRunnerWorker.java:53)
at org.testng.SuiteRunnerWorker.run(SuiteRunnerWorker.java:96)
at org.testng.TestNG.runSuitesSequentially(TestNG.java:1212)
at org.testng.TestNG.runSuitesLocally(TestNG.java:1134)
at org.testng.TestNG.runSuites(TestNG.java:1063)
at org.testng.TestNG.run(TestNG.java:1031)
at org.testng.remote.AbstractRemoteTestNG.run(AbstractRemoteTestNG.java:115)
at org.testng.remote.RemoteTestNG.initAndRun(RemoteTestNG.java:251)
at org.testng.remote.RemoteTestNG.main(RemoteTestNG.java:77)
Caused by: org.openqa.selenium.NoSuchElementException: no such element: Unable to locate element: {"method":"xpath","selector":"//div[@class='v-list-item theme--light']//div[@class='v-list-item__title']"}
  (Session info: chrome=113.0.5672.93)
For documentation on this error, please visit: https://selenium.dev/exceptions/#no_such_element
Build info: version: '4.9.0', revision: 'd7057100a6'
System info: os.name: 'Windows 10', os.arch: 'amd64', os.version: '10.0', java.version: '1.8.0_191'
Driver info: org.openqa.selenium.chrome.ChromeDriver
Command: [c4797b42328fe4a4cbef909ea6590e66, findElement {using=xpath, value=//div[@class='v-list-item theme--light']//div[@class='v-list-item__title']}]
Capabilities {acceptInsecureCerts: false, browserName: chrome, browserVersion: 113.0.5672.93, chrome: {chromedriverVersion: 113.0.5672.63 (0e1a4471d5ae..., userDataDir: C:\Users\VRUSHA~1\AppData\L...}, goog:chromeOptions: {debuggerAddress: localhost:52683}, networkConnectionEnabled: false, pageLoadStrategy: normal, platformName: WINDOWS, proxy: Proxy(), se:cdp: ws://localhost:52683/devtoo..., se:cdpVersion: 113.0.5672.93, setWindowRect: true, strictFileInteractability: false, timeouts: {implicit: 0, pageLoad: 300000, script: 30000}, unhandledPromptBehavior: dismiss and notify, webauthn:extension:credBlob: true, webauthn:extension:largeBlob: true, webauthn:extension:minPinLength: true, webauthn:extension:prf: true, webauthn:virtualAuthenticators: true}
Session ID: c4797b42328fe4a4cbef909ea6590e66
at sun.reflect.NativeConstructorAccessorImpl.newInstance0(Native Method)
at sun.reflect.NativeConstructorAccessorImpl.newInstance(NativeConstructorAccessorImpl.java:62)
at sun.reflect.DelegatingConstructorAccessorImpl.newInstance(DelegatingConstructorAccessorImpl.java:45)
at java.lang.reflect.Constructor.newInstance(Constructor.java:423)
at org.openqa.selenium.remote.codec.w3c.W3CHttpResponseCodec.createException(W3CHttpResponseCodec.java:200)
at org.openqa.selenium.remote.codec.w3c.W3CHttpResponseCodec.decode(W3CHttpResponseCodec.java:133)
at org.openqa.selenium.remote.codec.w3c.W3CHttpResponseCodec.decode(W3CHttpResponseCodec.java:53)
at org.openqa.selenium.remote.HttpCommandExecutor.execute(HttpCommandExecutor.java:193)
at org.openqa.selenium.remote.service.DriverCommandExecutor.invokeExecute(DriverCommandExecutor.java:183)
at org.openqa.selenium.remote.service.DriverCommandExecutor.execute(DriverCommandExecutor.java:158)
at org.openqa.selenium.remote.RemoteWebDriver.execute(RemoteWebDriver.java:543)
at org.openqa.selenium.remote.ElementLocation$ElementFinder$2.findElement(ElementLocation.java:162)
at org.openqa.selenium.remote.ElementLocation.findElement(ElementLocation.java:60)
at org.openqa.selenium.remote.RemoteWebDriver.findElement(RemoteWebDriver.java:352)
at org.openqa.selenium.remote.RemoteWebDriver.findElement(RemoteWebDriver.java:344)
at org.openqa.selenium.support.pagefactory.DefaultElementLocator.findElement(DefaultElementLocator.java:70)
at org.openqa.selenium.support.pagefactory.internal.LocatingElementHandler.invoke(LocatingElementHandler.java:39)
at com.sun.proxy.$Proxy20.isDisplayed(Unknown Source)
at org.openqa.selenium.support.ui.ExpectedConditions.elementIfVisible(ExpectedConditions.java:307)
at org.openqa.selenium.support.ui.ExpectedConditions.access$000(ExpectedConditions.java:40)
at org.openqa.selenium.support.ui.ExpectedConditions$10.apply(ExpectedConditions.java:293)
at org.openqa.selenium.support.ui.ExpectedConditions$10.apply(ExpectedConditions.java:290)
at org.openqa.selenium.support.ui.FluentWait.until(FluentWait.java:208)
... 31 more
]]>
    </error>
  </testcase> <!-- TC07_verifyMyNotes_FromTOC -->
  <system-out/>
  <testcase name="TC08_verifyNavigateToSection_FromTOC" time="18.907" classname="com.Digitalcodes.testcases.Title_SectionPage_Test"/>
  <system-out/>
  <testcase name="TC08_verifyNavigateToSection_FromTOC" time="14.514" classname="com.Digitalcodes.testcases.Title_SectionPage_Test"/>
  <system-out/>
  <testcase name="TC08_verifyNavigateToSection_FromTOC" time="15.518" classname="com.Digitalcodes.testcases.Title_SectionPage_Test"/>
  <system-out/>
  <testcase name="TC08_verifyNavigateToSection_FromTOC" time="17.104" classname="com.Digitalcodes.testcases.Title_SectionPage_Test"/>
  <system-out/>
  <testcase name="TC08_verifyNavigateToSection_FromTOC" time="19.990" classname="com.Digitalcodes.testcases.Title_SectionPage_Test"/>
  <system-out/>
  <testcase name="TC08_verifyNavigateToSection_FromTOC" time="15.974" classname="com.Digitalcodes.testcases.Title_SectionPage_Test"/>
  <system-out/>
  <testcase name="TC08_verifyNavigateToSection_FromTOC" time="13.971" classname="com.Digitalcodes.testcases.Title_SectionPage_Test"/>
  <system-out/>
  <testcase name="TC09_verifyCreateNotes_atSection" time="30.571" classname="com.Digitalcodes.testcases.Title_SectionPage_Test"/>
  <system-out/>
  <testcase name="TC09_verifyCreateNotes_atSection" time="32.308" classname="com.Digitalcodes.testcases.Title_SectionPage_Test"/>
  <system-out/>
  <testcase name="TC09_verifyCreateNotes_atSection" time="29.546" classname="com.Digitalcodes.testcases.Title_SectionPage_Test"/>
  <system-out/>
  <testcase name="TC09_verifyCreateNotes_atSection" time="31.084" classname="com.Digitalcodes.testcases.Title_SectionPage_Test"/>
  <system-out/>
  <testcase name="TC09_verifyCreateNotes_atSection" time="34.216" classname="com.Digitalcodes.testcases.Title_SectionPage_Test"/>
  <system-out/>
  <testcase name="TC09_verifyCreateNotes_atSection" time="31.508" classname="com.Digitalcodes.testcases.Title_SectionPage_Test"/>
  <system-out/>
  <testcase name="TC09_verifyCreateNotes_atSection" time="33.486" classname="com.Digitalcodes.testcases.Title_SectionPage_Test"/>
  <system-out/>
  <testcase name="TC10_verifyCreateBookmark_atSection" time="35.532" classname="com.Digitalcodes.testcases.Title_SectionPage_Test"/>
  <system-out/>
  <testcase name="TC10_verifyCreateBookmark_atSection" time="40.017" classname="com.Digitalcodes.testcases.Title_SectionPage_Test"/>
  <system-out/>
  <testcase name="TC10_verifyCreateBookmark_atSection" time="36.758" classname="com.Digitalcodes.testcases.Title_SectionPage_Test"/>
  <system-out/>
  <testcase name="TC10_verifyCreateBookmark_atSection" time="35.250" classname="com.Digitalcodes.testcases.Title_SectionPage_Test"/>
  <system-out/>
  <testcase name="TC10_verifyCreateBookmark_atSection" time="34.102" classname="com.Digitalcodes.testcases.Title_SectionPage_Test"/>
  <system-out/>
  <testcase name="TC10_verifyCreateBookmark_atSection" time="40.372" classname="com.Digitalcodes.testcases.Title_SectionPage_Test"/>
  <system-out/>
  <testcase name="TC10_verifyCreateBookmark_atSection" time="35.674" classname="com.Digitalcodes.testcases.Title_SectionPage_Test"/>
  <system-out/>
  <testcase name="TC11_verifyShareSection_FromSection" time="20.100" classname="com.Digitalcodes.testcases.Title_SectionPage_Test"/>
  <system-out/>
  <testcase name="TC12_verifyPrintSection_FromSection" time="7.414" classname="com.Digitalcodes.testcases.Title_SectionPage_Test"/>
  <system-out/>
  <testcase name="TC13_verifyShareNote_FromSction" time="10.983" classname="com.Digitalcodes.testcases.Title_SectionPage_Test"/>
  <system-out/>
  <testcase name="TC14_verifyEditNotes_FromSection" time="13.016" classname="com.Digitalcodes.testcases.Title_SectionPage_Test"/>
  <system-out/>
  <testcase name="TC15_verifyDeleteNotes_FromSection" time="6.819" classname="com.Digitalcodes.testcases.Title_SectionPage_Test"/>
  <system-out/>
  <testcase name="TC16_verifyShareBookmark_FromSection" time="84.061" classname="com.Digitalcodes.testcases.Title_SectionPage_Test"/>
  <system-out/>
  <testcase name="TC17_verifyEditBookmark_FromSection" time="13.504" classname="com.Digitalcodes.testcases.Title_SectionPage_Test"/>
  <system-out/>
  <testcase name="TC18_verifyDeleteBookmark_FromSection" time="7.238" classname="com.Digitalcodes.testcases.Title_SectionPage_Test"/>
  <system-out/>
  <testcase name="TC19_verifyLinksOnChapter" time="50.868" classname="com.Digitalcodes.testcases.Title_SectionPage_Test"/>
  <system-out/>
  <testcase name="TC20_verifyChangeVersion_ReleatedTitles_Categories" time="34.519" classname="com.Digitalcodes.testcases.Title_SectionPage_Test"/>
  <system-out/>
</testsuite> <!-- com.Digitalcodes.testcases.Title_SectionPage_Test -->
