<?xml version="1.0" encoding="UTF-8"?>
<!-- Generated by org.testng.reporters.JUnitReportReporter -->
<testsuite hostname="IB-Pune-LAP-329" failures="0" tests="36" name="com.Digitalcodes.testcases.Title_SectionPage_Test" time="988.644" errors="1" timestamp="2023-05-24T11:10:27 IST" skipped="0">
  <testcase classname="com.Digitalcodes.testcases.Title_SectionPage_Test" name="TC18_verifyDeleteBookmark_FromSection" time="4.866"/>
  <system-out/>
  <testcase classname="com.Digitalcodes.testcases.Title_SectionPage_Test" name="TC15_verifyDeleteNotes_FromSection" time="4.841"/>
  <system-out/>
  <testcase classname="com.Digitalcodes.testcases.Title_SectionPage_Test" name="TC17_verifyEditBookmark_FromSection" time="11.081"/>
  <system-out/>
  <testcase classname="com.Digitalcodes.testcases.Title_SectionPage_Test" name="TC14_verifyEditNotes_FromSection" time="10.206"/>
  <system-out/>
  <testcase classname="com.Digitalcodes.testcases.Title_SectionPage_Test" name="TC08_verifyNavigateToSection_FromTOC" time="17.276"/>
  <system-out/>
  <testcase classname="com.Digitalcodes.testcases.Title_SectionPage_Test" name="TC08_verifyNavigateToSection_FromTOC" time="20.101"/>
  <system-out/>
  <testcase classname="com.Digitalcodes.testcases.Title_SectionPage_Test" name="TC08_verifyNavigateToSection_FromTOC" time="17.703"/>
  <system-out/>
  <testcase classname="com.Digitalcodes.testcases.Title_SectionPage_Test" name="TC08_verifyNavigateToSection_FromTOC" time="19.896"/>
  <system-out/>
  <testcase classname="com.Digitalcodes.testcases.Title_SectionPage_Test" name="TC08_verifyNavigateToSection_FromTOC" time="18.079"/>
  <system-out/>
  <testcase classname="com.Digitalcodes.testcases.Title_SectionPage_Test" name="TC08_verifyNavigateToSection_FromTOC" time="14.320"/>
  <system-out/>
  <testcase classname="com.Digitalcodes.testcases.Title_SectionPage_Test" name="TC08_verifyNavigateToSection_FromTOC" time="21.409"/>
  <system-out/>
  <testcase classname="com.Digitalcodes.testcases.Title_SectionPage_Test" name="TC09_verifyCreateNotes_atSection" time="29.804"/>
  <system-out/>
  <testcase classname="com.Digitalcodes.testcases.Title_SectionPage_Test" name="TC09_verifyCreateNotes_atSection" time="34.424"/>
  <system-out/>
  <testcase classname="com.Digitalcodes.testcases.Title_SectionPage_Test" name="TC09_verifyCreateNotes_atSection" time="32.778"/>
  <system-out/>
  <testcase classname="com.Digitalcodes.testcases.Title_SectionPage_Test" name="TC09_verifyCreateNotes_atSection" time="30.810"/>
  <system-out/>
  <testcase classname="com.Digitalcodes.testcases.Title_SectionPage_Test" name="TC09_verifyCreateNotes_atSection" time="32.183"/>
  <system-out/>
  <testcase classname="com.Digitalcodes.testcases.Title_SectionPage_Test" name="TC09_verifyCreateNotes_atSection" time="33.379"/>
  <system-out/>
  <testcase classname="com.Digitalcodes.testcases.Title_SectionPage_Test" name="TC09_verifyCreateNotes_atSection" time="33.506"/>
  <system-out/>
  <testcase classname="com.Digitalcodes.testcases.Title_SectionPage_Test" name="TC10_verifyCreateBookmark_atSection" time="37.441"/>
  <system-out/>
  <testcase classname="com.Digitalcodes.testcases.Title_SectionPage_Test" name="TC10_verifyCreateBookmark_atSection" time="39.728"/>
  <system-out/>
  <testcase classname="com.Digitalcodes.testcases.Title_SectionPage_Test" name="TC10_verifyCreateBookmark_atSection" time="40.107"/>
  <system-out/>
  <testcase classname="com.Digitalcodes.testcases.Title_SectionPage_Test" name="TC10_verifyCreateBookmark_atSection" time="36.247"/>
  <system-out/>
  <testcase classname="com.Digitalcodes.testcases.Title_SectionPage_Test" name="TC10_verifyCreateBookmark_atSection" time="38.247"/>
  <system-out/>
  <testcase classname="com.Digitalcodes.testcases.Title_SectionPage_Test" name="TC10_verifyCreateBookmark_atSection" time="37.245"/>
  <system-out/>
  <testcase classname="com.Digitalcodes.testcases.Title_SectionPage_Test" name="TC10_verifyCreateBookmark_atSection" time="35.461"/>
  <system-out/>
  <testcase classname="com.Digitalcodes.testcases.Title_SectionPage_Test" name="TC11_verifyShareSection_FromSection" time="20.938"/>
  <system-out/>
  <testcase classname="com.Digitalcodes.testcases.Title_SectionPage_Test" name="TC12_verifyPrintSection_FromSection" time="5.566"/>
  <system-out/>
  <testcase classname="com.Digitalcodes.testcases.Title_SectionPage_Test" name="TC13_verifyShareNote_FromSction" time="9.928"/>
  <system-out/>
  <testcase classname="com.Digitalcodes.testcases.Title_SectionPage_Test" name="TC16_verifyShareBookmark_FromSection" time="25.674"/>
  <system-out/>
  <testcase classname="com.Digitalcodes.testcases.Title_SectionPage_Test" name="TC19_verifyLinksOnChapter" time="48.211"/>
  <system-out/>
  <testcase classname="com.Digitalcodes.testcases.Title_SectionPage_Test" name="TC21_verifyCreateBookmark_atSubsection" time="39.536"/>
  <system-out/>
  <testcase classname="com.Digitalcodes.testcases.Title_SectionPage_Test" name="TC20_verifyCreateNotes_atSubsection" time="39.638"/>
  <system-out/>
  <testcase classname="com.Digitalcodes.testcases.Title_SectionPage_Test" name="TC22_verifyShareSection_FromSubSection" time="21.956"/>
  <system-out/>
  <testcase classname="com.Digitalcodes.testcases.Title_SectionPage_Test" name="TC23_verifyPrintSection_FromSubSection" time="8.413"/>
  <system-out/>
  <testcase classname="com.Digitalcodes.testcases.Title_SectionPage_Test" name="TC24_verifyCreateNotes_atChildSubsection" time="81.094">
    <error message="no such element: Unable to locate element: {&quot;method&quot;:&quot;xpath&quot;,&quot;selector&quot;:&quot;//div[@class=&quot;ql-editor ql-blank&quot;]&quot;}
  (Session info: chrome=113.0.5672.93)
For documentation on this error, please visit: https://selenium.dev/exceptions/#no_such_element
Build info: version: &#039;4.9.0&#039;, revision: &#039;d7057100a6&#039;
System info: os.name: &#039;Windows 10&#039;, os.arch: &#039;amd64&#039;, os.version: &#039;10.0&#039;, java.version: &#039;17.0.5&#039;
Driver info: org.openqa.selenium.chrome.ChromeDriver
Command: [7415e39701b3afd41a7626b294bec65d, findElement {using=xpath, value=//div[@class=&quot;ql-editor ql-blank&quot;]}]
Capabilities {acceptInsecureCerts: false, browserName: chrome, browserVersion: 113.0.5672.93, chrome: {chromedriverVersion: 113.0.5672.63 (0e1a4471d5ae..., userDataDir: C:\Users\VRUSHA~1\AppData\L...}, goog:chromeOptions: {debuggerAddress: localhost:59446}, networkConnectionEnabled: false, pageLoadStrategy: normal, platformName: WINDOWS, proxy: Proxy(), se:cdp: ws://localhost:59446/devtoo..., se:cdpVersion: 113.0.5672.93, setWindowRect: true, strictFileInteractability: false, timeouts: {implicit: 0, pageLoad: 300000, script: 30000}, unhandledPromptBehavior: dismiss and notify, webauthn:extension:credBlob: true, webauthn:extension:largeBlob: true, webauthn:extension:minPinLength: true, webauthn:extension:prf: true, webauthn:virtualAuthenticators: true}
Session ID: 7415e39701b3afd41a7626b294bec65d" type="org.openqa.selenium.NoSuchElementException">
      <![CDATA[org.openqa.selenium.NoSuchElementException: no such element: Unable to locate element: {"method":"xpath","selector":"//div[@class="ql-editor ql-blank"]"}
  (Session info: chrome=113.0.5672.93)
For documentation on this error, please visit: https://selenium.dev/exceptions/#no_such_element
Build info: version: '4.9.0', revision: 'd7057100a6'
System info: os.name: 'Windows 10', os.arch: 'amd64', os.version: '10.0', java.version: '17.0.5'
Driver info: org.openqa.selenium.chrome.ChromeDriver
Command: [7415e39701b3afd41a7626b294bec65d, findElement {using=xpath, value=//div[@class="ql-editor ql-blank"]}]
Capabilities {acceptInsecureCerts: false, browserName: chrome, browserVersion: 113.0.5672.93, chrome: {chromedriverVersion: 113.0.5672.63 (0e1a4471d5ae..., userDataDir: C:\Users\VRUSHA~1\AppData\L...}, goog:chromeOptions: {debuggerAddress: localhost:59446}, networkConnectionEnabled: false, pageLoadStrategy: normal, platformName: WINDOWS, proxy: Proxy(), se:cdp: ws://localhost:59446/devtoo..., se:cdpVersion: 113.0.5672.93, setWindowRect: true, strictFileInteractability: false, timeouts: {implicit: 0, pageLoad: 300000, script: 30000}, unhandledPromptBehavior: dismiss and notify, webauthn:extension:credBlob: true, webauthn:extension:largeBlob: true, webauthn:extension:minPinLength: true, webauthn:extension:prf: true, webauthn:virtualAuthenticators: true}
Session ID: 7415e39701b3afd41a7626b294bec65d
at java.base/jdk.internal.reflect.NativeConstructorAccessorImpl.newInstance0(Native Method)
at java.base/jdk.internal.reflect.NativeConstructorAccessorImpl.newInstance(NativeConstructorAccessorImpl.java:77)
at java.base/jdk.internal.reflect.DelegatingConstructorAccessorImpl.newInstance(DelegatingConstructorAccessorImpl.java:45)
at java.base/java.lang.reflect.Constructor.newInstanceWithCaller(Constructor.java:499)
at java.base/java.lang.reflect.Constructor.newInstance(Constructor.java:480)
at org.openqa.selenium.remote.codec.w3c.W3CHttpResponseCodec.createException(W3CHttpResponseCodec.java:200)
at org.openqa.selenium.remote.codec.w3c.W3CHttpResponseCodec.decode(W3CHttpResponseCodec.java:133)
at org.openqa.selenium.remote.codec.w3c.W3CHttpResponseCodec.decode(W3CHttpResponseCodec.java:53)
at org.openqa.selenium.remote.HttpCommandExecutor.execute(HttpCommandExecutor.java:193)
at org.openqa.selenium.remote.service.DriverCommandExecutor.invokeExecute(DriverCommandExecutor.java:183)
at org.openqa.selenium.remote.service.DriverCommandExecutor.execute(DriverCommandExecutor.java:158)
at org.openqa.selenium.remote.RemoteWebDriver.execute(RemoteWebDriver.java:543)
at org.openqa.selenium.remote.ElementLocation$ElementFinder$2.findElement(ElementLocation.java:162)
at org.openqa.selenium.remote.ElementLocation.findElement(ElementLocation.java:60)
at org.openqa.selenium.remote.RemoteWebDriver.findElement(RemoteWebDriver.java:352)
at org.openqa.selenium.remote.RemoteWebDriver.findElement(RemoteWebDriver.java:344)
at org.openqa.selenium.support.pagefactory.DefaultElementLocator.findElement(DefaultElementLocator.java:70)
at org.openqa.selenium.support.pagefactory.internal.LocatingElementHandler.invoke(LocatingElementHandler.java:39)
at jdk.proxy2/jdk.proxy2.$Proxy19.clear(Unknown Source)
at com.Digitalcodes.pageobject.TitleSection_Page.creatNote_FromChildSubSection(TitleSection_Page.java:286)
at com.Digitalcodes.testcases.Title_SectionPage_Test.TC24_verifyCreateNotes_atChildSubsection(Title_SectionPage_Test.java:569)
at java.base/jdk.internal.reflect.NativeMethodAccessorImpl.invoke0(Native Method)
at java.base/jdk.internal.reflect.NativeMethodAccessorImpl.invoke(NativeMethodAccessorImpl.java:77)
at java.base/jdk.internal.reflect.DelegatingMethodAccessorImpl.invoke(DelegatingMethodAccessorImpl.java:43)
at java.base/java.lang.reflect.Method.invoke(Method.java:568)
at org.testng.internal.MethodInvocationHelper.invokeMethod(MethodInvocationHelper.java:133)
at org.testng.internal.TestInvoker.invokeMethod(TestInvoker.java:598)
at org.testng.internal.TestInvoker.invokeTestMethod(TestInvoker.java:173)
at org.testng.internal.MethodRunner.runInSequence(MethodRunner.java:46)
at org.testng.internal.TestInvoker$MethodInvocationAgent.invoke(TestInvoker.java:824)
at org.testng.internal.TestInvoker.invokeTestMethods(TestInvoker.java:146)
at org.testng.internal.TestMethodWorker.invokeTestMethods(TestMethodWorker.java:146)
at org.testng.internal.TestMethodWorker.run(TestMethodWorker.java:128)
at java.base/java.util.ArrayList.forEach(ArrayList.java:1511)
at org.testng.TestRunner.privateRun(TestRunner.java:794)
at org.testng.TestRunner.run(TestRunner.java:596)
at org.testng.SuiteRunner.runTest(SuiteRunner.java:377)
at org.testng.SuiteRunner.runSequentially(SuiteRunner.java:371)
at org.testng.SuiteRunner.privateRun(SuiteRunner.java:332)
at org.testng.SuiteRunner.run(SuiteRunner.java:276)
at org.testng.SuiteRunnerWorker.runSuite(SuiteRunnerWorker.java:53)
at org.testng.SuiteRunnerWorker.run(SuiteRunnerWorker.java:96)
at org.testng.TestNG.runSuitesSequentially(TestNG.java:1212)
at org.testng.TestNG.runSuitesLocally(TestNG.java:1134)
at org.testng.TestNG.runSuites(TestNG.java:1063)
at org.testng.TestNG.run(TestNG.java:1031)
at org.apache.maven.surefire.testng.TestNGExecutor.run(TestNGExecutor.java:308)
at org.apache.maven.surefire.testng.TestNGXmlTestSuite.execute(TestNGXmlTestSuite.java:71)
at org.apache.maven.surefire.testng.TestNGProvider.invoke(TestNGProvider.java:113)
at org.apache.maven.surefire.booter.ForkedBooter.runSuitesInProcess(ForkedBooter.java:385)
at org.apache.maven.surefire.booter.ForkedBooter.execute(ForkedBooter.java:162)
at org.apache.maven.surefire.booter.ForkedBooter.run(ForkedBooter.java:507)
at org.apache.maven.surefire.booter.ForkedBooter.main(ForkedBooter.java:495)
]]>
    </error>
  </testcase> <!-- TC24_verifyCreateNotes_atChildSubsection -->
  <system-out/>
  <testcase classname="com.Digitalcodes.testcases.Title_SectionPage_Test" name="TC25_verifyCreateBookmark_atChildSubsection" time="36.552"/>
  <system-out/>
</testsuite> <!-- com.Digitalcodes.testcases.Title_SectionPage_Test -->
