<?xml version="1.0" encoding="UTF-8"?>
<!-- Generated by org.testng.reporters.JUnitReportReporter -->
<testsuite hostname="IB-Pune-LAP-329" failures="0" tests="17" name="com.Digitalcodes.testcases.I_Codes_Test" time="431.994" errors="1" timestamp="2023-05-17T10:57:18 IST" skipped="0">
  <testcase classname="com.Digitalcodes.testcases.I_Codes_Test" name="TC03_navigateToGroupTitles" time="3.924"/>
  <system-out/>
  <testcase classname="com.Digitalcodes.testcases.I_Codes_Test" name="TC04_verifyTitleLandingPage" time="19.805"/>
  <system-out/>
  <testcase classname="com.Digitalcodes.testcases.I_Codes_Test" name="TC05_verifyMarkFavoriteTitle" time="14.546"/>
  <system-out/>
  <testcase classname="com.Digitalcodes.testcases.I_Codes_Test" name="TC06_verifyRemoveFavoriteTitle" time="6.431"/>
  <system-out/>
  <testcase classname="com.Digitalcodes.testcases.I_Codes_Test" name="TC07_verifyMyNotes_FromTOC" time="7.374"/>
  <system-out/>
  <testcase classname="com.Digitalcodes.testcases.I_Codes_Test" name="TC08_verifyNavigateToSection_FromTOC" time="19.224"/>
  <system-out/>
  <testcase classname="com.Digitalcodes.testcases.I_Codes_Test" name="TC09_verifyCreateNotes_atSection" time="25.451"/>
  <system-out/>
  <testcase classname="com.Digitalcodes.testcases.I_Codes_Test" name="TC10_verifyCreateBookmark_atSection" time="45.794"/>
  <system-out/>
  <testcase classname="com.Digitalcodes.testcases.I_Codes_Test" name="TC11_verifyShareSection_FromSection" time="33.952"/>
  <system-out/>
  <testcase classname="com.Digitalcodes.testcases.I_Codes_Test" name="TC12_verifyPrintSection_FromSection" time="8.256"/>
  <system-out/>
  <testcase classname="com.Digitalcodes.testcases.I_Codes_Test" name="TC13_verifyShareNote_FromSction" time="14.451"/>
  <system-out/>
  <testcase classname="com.Digitalcodes.testcases.I_Codes_Test" name="TC14_verifyEditNotes_FromSection" time="14.147"/>
  <system-out/>
  <testcase classname="com.Digitalcodes.testcases.I_Codes_Test" name="TC15_verifyDeleteNotes_FromSection" time="8.489"/>
  <system-out/>
  <testcase classname="com.Digitalcodes.testcases.I_Codes_Test" name="TC16_verifyShareBookmark_FromSection" time="32.849"/>
  <system-out/>
  <testcase classname="com.Digitalcodes.testcases.I_Codes_Test" name="TC17_verifyEditBookmark_FromSection" time="13.699"/>
  <system-out/>
  <testcase classname="com.Digitalcodes.testcases.I_Codes_Test" name="TC18_verifyDeleteBookmark_FromSection" time="7.880"/>
  <system-out/>
  <testcase classname="com.Digitalcodes.testcases.I_Codes_Test" name="TC19_verifyLinksOnChapter" time="155.722">
    <error message="Expected condition failed: waiting for visibility of all [Proxy element for: DefaultElementLocator &#039;By.xpath: //div[@class=&quot;newIccStyles v-sheet theme--light&quot;]&#039;] (tried for 90 second(s) with 500 milliseconds interval)" type="org.openqa.selenium.TimeoutException">
      <![CDATA[org.openqa.selenium.TimeoutException: Expected condition failed: waiting for visibility of all [Proxy element for: DefaultElementLocator 'By.xpath: //div[@class="newIccStyles v-sheet theme--light"]'] (tried for 90 second(s) with 500 milliseconds interval)
at org.openqa.selenium.support.ui.WebDriverWait.timeoutException(WebDriverWait.java:87)
at org.openqa.selenium.support.ui.FluentWait.until(FluentWait.java:231)
at com.Digitalcodes.utilities.Baseclass.isDisplayed(Baseclass.java:221)
at com.Digitalcodes.pageobject.Codes_Section.hoverOnTitleLink(Codes_Section.java:324)
at com.Digitalcodes.testcases.I_Codes_Test.TC19_verifyLinksOnChapter(I_Codes_Test.java:537)
at java.base/jdk.internal.reflect.NativeMethodAccessorImpl.invoke0(Native Method)
at java.base/jdk.internal.reflect.NativeMethodAccessorImpl.invoke(NativeMethodAccessorImpl.java:77)
at java.base/jdk.internal.reflect.DelegatingMethodAccessorImpl.invoke(DelegatingMethodAccessorImpl.java:43)
at java.base/java.lang.reflect.Method.invoke(Method.java:568)
at org.testng.internal.MethodInvocationHelper.invokeMethod(MethodInvocationHelper.java:133)
at org.testng.internal.TestInvoker.invokeMethod(TestInvoker.java:598)
at org.testng.internal.TestInvoker.invokeTestMethod(TestInvoker.java:173)
at org.testng.internal.MethodRunner.runInSequence(MethodRunner.java:46)
at org.testng.internal.TestInvoker$MethodInvocationAgent.invoke(TestInvoker.java:824)
at org.testng.internal.TestInvoker.invokeTestMethods(TestInvoker.java:146)
at org.testng.internal.TestMethodWorker.invokeTestMethods(TestMethodWorker.java:146)
at org.testng.internal.TestMethodWorker.run(TestMethodWorker.java:128)
at java.base/java.util.ArrayList.forEach(ArrayList.java:1511)
at org.testng.TestRunner.privateRun(TestRunner.java:794)
at org.testng.TestRunner.run(TestRunner.java:596)
at org.testng.SuiteRunner.runTest(SuiteRunner.java:377)
at org.testng.SuiteRunner.runSequentially(SuiteRunner.java:371)
at org.testng.SuiteRunner.privateRun(SuiteRunner.java:332)
at org.testng.SuiteRunner.run(SuiteRunner.java:276)
at org.testng.SuiteRunnerWorker.runSuite(SuiteRunnerWorker.java:53)
at org.testng.SuiteRunnerWorker.run(SuiteRunnerWorker.java:96)
at org.testng.TestNG.runSuitesSequentially(TestNG.java:1212)
at org.testng.TestNG.runSuitesLocally(TestNG.java:1134)
at org.testng.TestNG.runSuites(TestNG.java:1063)
at org.testng.TestNG.run(TestNG.java:1031)
at org.apache.maven.surefire.testng.TestNGExecutor.run(TestNGExecutor.java:308)
at org.apache.maven.surefire.testng.TestNGXmlTestSuite.execute(TestNGXmlTestSuite.java:71)
at org.apache.maven.surefire.testng.TestNGProvider.invoke(TestNGProvider.java:113)
at org.apache.maven.surefire.booter.ForkedBooter.runSuitesInProcess(ForkedBooter.java:385)
at org.apache.maven.surefire.booter.ForkedBooter.execute(ForkedBooter.java:162)
at org.apache.maven.surefire.booter.ForkedBooter.run(ForkedBooter.java:507)
at org.apache.maven.surefire.booter.ForkedBooter.main(ForkedBooter.java:495)
Caused by: org.openqa.selenium.NoSuchElementException: no such element: Unable to locate element: {"method":"xpath","selector":"//div[@class="newIccStyles v-sheet theme--light"]"}
  (Session info: chrome=113.0.5672.93)
For documentation on this error, please visit: https://selenium.dev/exceptions/#no_such_element
Build info: version: '4.9.0', revision: 'd7057100a6'
System info: os.name: 'Windows 10', os.arch: 'amd64', os.version: '10.0', java.version: '17.0.5'
Driver info: org.openqa.selenium.chrome.ChromeDriver
Command: [b2476ef68e37923b900ac34b12f83c43, findElement {using=xpath, value=//div[@class="newIccStyles v-sheet theme--light"]}]
Capabilities {acceptInsecureCerts: false, browserName: chrome, browserVersion: 113.0.5672.93, chrome: {chromedriverVersion: 113.0.5672.63 (0e1a4471d5ae..., userDataDir: C:\Users\VRUSHA~1\AppData\L...}, goog:chromeOptions: {debuggerAddress: localhost:53351}, networkConnectionEnabled: false, pageLoadStrategy: normal, platformName: WINDOWS, proxy: Proxy(), se:cdp: ws://localhost:53351/devtoo..., se:cdpVersion: 113.0.5672.93, setWindowRect: true, strictFileInteractability: false, timeouts: {implicit: 0, pageLoad: 300000, script: 30000}, unhandledPromptBehavior: dismiss and notify, webauthn:extension:credBlob: true, webauthn:extension:largeBlob: true, webauthn:extension:minPinLength: true, webauthn:extension:prf: true, webauthn:virtualAuthenticators: true}
Session ID: b2476ef68e37923b900ac34b12f83c43
at java.base/jdk.internal.reflect.NativeConstructorAccessorImpl.newInstance0(Native Method)
at java.base/jdk.internal.reflect.NativeConstructorAccessorImpl.newInstance(NativeConstructorAccessorImpl.java:77)
at java.base/jdk.internal.reflect.DelegatingConstructorAccessorImpl.newInstance(DelegatingConstructorAccessorImpl.java:45)
at java.base/java.lang.reflect.Constructor.newInstanceWithCaller(Constructor.java:499)
at java.base/java.lang.reflect.Constructor.newInstance(Constructor.java:480)
at org.openqa.selenium.remote.codec.w3c.W3CHttpResponseCodec.createException(W3CHttpResponseCodec.java:200)
at org.openqa.selenium.remote.codec.w3c.W3CHttpResponseCodec.decode(W3CHttpResponseCodec.java:133)
at org.openqa.selenium.remote.codec.w3c.W3CHttpResponseCodec.decode(W3CHttpResponseCodec.java:53)
at org.openqa.selenium.remote.HttpCommandExecutor.execute(HttpCommandExecutor.java:193)
at org.openqa.selenium.remote.service.DriverCommandExecutor.invokeExecute(DriverCommandExecutor.java:183)
at org.openqa.selenium.remote.service.DriverCommandExecutor.execute(DriverCommandExecutor.java:158)
at org.openqa.selenium.remote.RemoteWebDriver.execute(RemoteWebDriver.java:543)
at org.openqa.selenium.remote.ElementLocation$ElementFinder$2.findElement(ElementLocation.java:162)
at org.openqa.selenium.remote.ElementLocation.findElement(ElementLocation.java:60)
at org.openqa.selenium.remote.RemoteWebDriver.findElement(RemoteWebDriver.java:352)
at org.openqa.selenium.remote.RemoteWebDriver.findElement(RemoteWebDriver.java:344)
at org.openqa.selenium.support.pagefactory.DefaultElementLocator.findElement(DefaultElementLocator.java:70)
at org.openqa.selenium.support.pagefactory.internal.LocatingElementHandler.invoke(LocatingElementHandler.java:39)
at jdk.proxy2/jdk.proxy2.$Proxy18.isDisplayed(Unknown Source)
at org.openqa.selenium.support.ui.ExpectedConditions$9.apply(ExpectedConditions.java:267)
at org.openqa.selenium.support.ui.ExpectedConditions$9.apply(ExpectedConditions.java:263)
at org.openqa.selenium.support.ui.FluentWait.until(FluentWait.java:208)
... 35 more
]]>
    </error>
  </testcase> <!-- TC19_verifyLinksOnChapter -->
  <system-out/>
</testsuite> <!-- com.Digitalcodes.testcases.I_Codes_Test -->
